0.1 0 -1.2e-05 0
0.2 0 -2.4e-05 0
0.3 0 -3.6e-05 0
0.4 0 -4.8e-05 0
0.5 0 -6e-05 0
0.6 0 -7.2e-05 0
0.7 0 -8.4e-05 0
0.8 0 -9.6e-05 0
0.9 0 -0.000108 0
1 0 -0.00012 0
0.02 -4.11951e-05 -0.00012 3.09154e-06
0.04 -0.000189384 -0.00012 2.78762e-05
0.06 -0.00042958 -0.00012 9.28813e-05
0.08 -0.000682086 -0.00012 0.000173563
0.1 -0.000886438 -0.00012 0.00022554
0.12 -0.000998745 -0.00012 0.000243979
0.14 -0.000994204 -0.00012 0.000244747
0.16 -0.000902778 -0.00012 0.000224225
0.18 -0.000754444 -0.00012 0.000182597
0.2 -0.000523241 -0.00012 0.000131068
0.22 -0.000195406 -0.00012 5.98443e-05
0.24 0.000176923 -0.00012 -4.01665e-05
0.26 0.000534178 -0.00012 -0.000139649
0.28 0.000864475 -0.00012 -0.000211257
0.3 0.00116808 -0.00012 -0.000272979
0.32 0.00141752 -0.00012 -0.000342461
0.34 0.00157691 -0.00012 -0.000393798
0.36 0.00161991 -0.00012 -0.000400342
0.38 0.0015337 -0.00012 -0.000372045
0.4 0.00132039 -0.00012 -0.000323935
0.42 0.000994892 -0.00012 -0.000249712
0.44 0.000594481 -0.00012 -0.000146187
0.46 0.000168598 -0.00012 -3.45598e-05
0.48 -0.000259253 -0.00012 6.468e-05
0.5 -0.00069558 -0.00012 0.000159965
0.52 -0.00113237 -0.00012 0.000267526
0.54 -0.00152388 -0.00012 0.0003745
0.56 -0.00181526 -0.00012 0.000449688
0.58 -0.00197718 -0.00012 0.000482556
0.6 -0.00200253 -0.00012 0.000485609
0.62 -0.00189656 -0.00012 0.000463866
0.64 -0.00166696 -0.00012 0.000410051
0.66 -0.00132154 -0.00012 0.000323903
0.68 -0.000895969 -0.00012 0.000216261
0.7 -0.000428948 -0.00012 0.000101885
0.72 6.94421e-05 -0.00012 -1.3601e-05
0.74 0.000559054 -0.00012 -0.000134457
0.76 0.000987149 -0.00012 -0.000247208
0.78 0.00135799 -0.00012 -0.000331243
0.8 0.00167411 -0.00012 -0.000398165
0.82 0.00188829 -0.00012 -0.000460326
0.84 0.00194398 -0.00012 -0.00048865
0.86 0.00181532 -0.00012 -0.000453386
0.88 0.00152333 -0.00012 -0.000369353
0.9 0.0011049 -0.00012 -0.000267663
0.92 0.000576177 -0.00012 -0.000150045
0.94 -4.49886e-05 -0.00012 -4.9437e-07
0.96 -0.000703714 -0.00012 0.000171407
0.98 -0.00131958 -0.00012 0.000329405
1 -0.00182113 -0.00012 0.000448843
1.02 -0.002145 -0.00012 0.000527804
1.04 -0.002238 -0.00012 0.000558542
1.06 -0.00210296 -0.00012 0.000524254
1.08 -0.00178805 -0.00012 0.00043508
1.1 -0.0013303 -0.00012 0.000322135
1.12 -0.000773081 -0.00012 0.00019312
1.14 -0.000197867 -0.00012 4.57076e-05
1.16 0.000325578 -0.00012 -9.26678e-05
1.18 0.000806605 -0.00012 -0.000197399
1.2 0.00126099 -0.00012 -0.000293091
1.22 0.00162827 -0.00012 -0.000398138
1.24 0.00186294 -0.00012 -0.000470153
1.26 0.00199299 -0.00012 -0.000482866
1.28 0.00204282 -0.00012 -0.000479332
1.3 0.00198925 -0.00012 -0.000484505
1.32 0.00181025 -0.00012 -0.000456354
1.34 0.00152068 -0.00012 -0.000371112
1.36 0.00113466 -0.00012 -0.000266661
1.38 0.000666715 -0.00012 -0.000165468
1.4 0.000160004 -0.00012 -4.67956e-05
1.42 -0.00035211 -0.00012 8.82719e-05
1.44 -0.000840163 -0.00012 0.000210302
1.46 -0.00127708 -0.00012 0.000308742
1.48 -0.00164153 -0.00012 0.000394837
1.5 -0.00187679 -0.00012 0.000464293
1.52 -0.00191256 -0.00012 0.000484318
1.54 -0.00172693 -0.00012 0.000433268
1.56 -0.00136969 -0.00012 0.000331739
1.58 -0.000916826 -0.00012 0.000217202
1.6 -0.000432129 -0.00012 0.00010392
1.62 4.25327e-05 -0.00012 -1.0985e-05
1.64 0.000490627 -0.00012 -0.000121889
1.66 0.000889173 -0.00012 -0.000218973
1.68 0.00119248 -0.00012 -0.000295418
1.7 0.0013828 -0.00012 -0.000341845
1.72 0.00147213 -0.00012 -0.000357963
1.74 0.0014467 -0.00012 -0.000353499
1.76 0.00129596 -0.00012 -0.00032312
1.78 0.00104593 -0.00012 -0.000257969
1.8 0.000722558 -0.00012 -0.000172826
1.82 0.000370137 -0.00012 -8.61673e-05
1.84 5.26364e-05 -0.00012 -6.3176e-06
1.86 -0.000238037 -0.00012 5.93737e-05
1.88 -0.000535613 -0.00012 0.000121671
1.9 -0.000800657 -0.00012 0.000194124
1.92 -0.000964484 -0.00012 0.000250393
1.94 -0.000985567 -0.00012 0.000254617
1.96 -0.000888185 -0.00012 0.000214617
1.98 -0.000735782 -0.00012 0.000169156
2 -0.000540495 -0.00012 0.000133541
2.02 -0.00027959 -0.00012 8.16021e-05
2.04 3.97655e-05 -0.00012 -4.07336e-06
2.06 0.000382362 -0.00012 -9.86523e-05
2.08 0.000720541 -0.00012 -0.000176043
2.1 0.00101041 -0.00012 -0.000242616
2.12 0.00119312 -0.00012 -0.000298133
2.14 0.00127776 -0.00012 -0.000318214
2.16 0.00131815 -0.00012 -0.000310092
2.18 0.00132193 -0.00012 -0.000310407
2.2 0.00125858 -0.00012 -0.000313555
2.22 0.00110385 -0.00012 -0.000280481
2.24 0.000861524 -0.00012 -0.000208435
2.26 0.000561533 -0.00012 -0.000129809
2.28 0.000218086 -0.00012 -5.66738e-05
2.3 -0.000132895 -0.00012 2.76732e-05
2.32 -0.000412557 -0.00012 0.000113536
2.34 -0.000573566 -0.00012 0.000158347
2.36 -0.000644604 -0.00012 0.000155977
2.38 -0.000690471 -0.00012 0.00015216
2.4 -0.000723326 -0.00012 0.000172895
2.42 -0.000695033 -0.00012 0.000184563
2.44 -0.000566859 -0.00012 0.000150095
2.46 -0.000338625 -0.00012 8.21836e-05
2.48 -2.13375e-05 -0.00012 8.25724e-06
2.5 0.000368138 -0.00012 -7.71536e-05
2.52 0.000776066 -0.00012 -0.000184499
2.54 0.00113883 -0.00012 -0.000286358
2.56 0.00145139 -0.00012 -0.000353443
2.58 0.00173002 -0.00012 -0.000405823
2.6 0.00196485 -0.00012 -0.000469297
2.62 0.00214027 -0.00012 -0.000523767
2.64 0.00221339 -0.00012 -0.000542091
2.66 0.00210485 -0.00012 -0.000519675
2.68 0.0017807 -0.00012 -0.000447233
2.7 0.00133483 -0.00012 -0.000323046
2.72 0.000883258 -0.00012 -0.000193694
2.74 0.00038931 -0.00012 -9.62687e-05
2.76 -0.000251461 -0.00012 2.36627e-05
2.78 -0.00104485 -0.00012 0.000227798
2.8 -0.00183472 -0.00012 0.00046515
2.82 -0.00238618 -0.00012 0.000621695
2.84 -0.00261152 -0.00012 0.000652001
2.86 -0.00263661 -0.00012 0.000619413
2.88 -0.00259242 -0.00012 0.000606281
2.9 -0.00244593 -0.00012 0.00060565
2.92 -0.00212031 -0.00012 0.000541425
2.94 -0.00160621 -0.00012 0.000394532
2.96 -0.000918289 -0.00012 0.000219261
2.98 -9.70075e-05 -0.00012 3.57899e-05
3 0.000757261 -0.00012 -0.000175819
3.02 0.00153224 -0.00012 -0.000387373
3.04 0.00214604 -0.00012 -0.000539815
3.06 0.00253151 -0.00012 -0.000622152
3.08 0.00264048 -0.00012 -0.000651573
3.1 0.0024721 -0.00012 -0.000618546
3.12 0.00209457 -0.00012 -0.000514703
3.14 0.00156209 -0.00012 -0.000374292
3.16 0.000884643 -0.00012 -0.000222249
3.18 0.000121824 -0.00012 -4.07618e-05
3.2 -0.000622619 -0.00012 0.000160313
3.22 -0.0012477 -0.00012 0.000324893
3.24 -0.00167873 -0.00012 0.000421378
3.26 -0.00189606 -0.00012 0.000464783
3.28 -0.00191061 -0.00012 0.000471335
3.3 -0.00174973 -0.00012 0.000434688
3.32 -0.00151264 -0.00012 0.000359702
3.34 -0.00128511 -0.00012 0.000290939
3.36 -0.000980793 -0.00012 0.000246892
3.38 -0.000515213 -0.00012 0.000159729
3.4 -2.10006e-06 -0.00012 -2.99601e-06
3.42 0.000394932 -0.00012 -0.000140494
3.44 0.000607742 -0.00012 -0.000170538
3.46 0.000684032 -0.00012 -0.000149567
3.48 0.000715614 -0.00012 -0.000158848
3.5 0.000754336 -0.00012 -0.000188759
3.52 0.000791042 -0.00012 -0.000196967
3.54 0.000777225 -0.00012 -0.000186164
3.56 0.000651841 -0.00012 -0.000166917
3.58 0.000351972 -0.00012 -0.000111022
3.6 -7.56556e-05 -0.00012 6.85821e-06
3.62 -0.00046067 -0.00012 0.000137326
3.64 -0.000684472 -0.00012 0.000196633
3.66 -0.000804317 -0.00012 0.000186673
3.68 -0.000928253 -0.00012 0.000195389
3.7 -0.00108607 -0.00012 0.000257546
3.72 -0.00124863 -0.00012 0.000315677
3.74 -0.00131041 -0.00012 0.000328582
3.76 -0.00117356 -0.00012 0.000297517
3.78 -0.000882941 -0.00012 0.000222303
3.8 -0.000578334 -0.00012 0.00012606
3.82 -0.00033232 -0.00012 6.09549e-05
3.84 -8.41023e-05 -0.00012 2.96911e-05
3.86 0.000244844 -0.00012 -3.19058e-05
3.88 0.000649331 -0.00012 -0.000150403
3.9 0.00106161 -0.00012 -0.000271332
3.92 0.00138255 -0.00012 -0.000346571
3.94 0.0015752 -0.00012 -0.000381515
3.96 0.00172222 -0.00012 -0.000404293
3.98 0.00188961 -0.00012 -0.000441957
4 0.002037 -0.00012 -0.000492832
4.02 0.00210761 -0.00012 -0.000519994
4.04 0.00208758 -0.00012 -0.000505353
4.06 0.00197686 -0.00012 -0.000471614
4.08 0.00175628 -0.00012 -0.000429841
4.1 0.00138361 -0.00012 -0.000353134
4.12 0.00086265 -0.00012 -0.000220046
4.14 0.000263676 -0.00012 -5.73103e-05
4.16 -0.000363357 -0.00012 9.2686e-05
4.18 -0.000972896 -0.00012 0.000230201
4.2 -0.00147388 -0.00012 0.000364066
4.22 -0.0017543 -0.00012 0.000454278
4.24 -0.00169378 -0.00012 0.000447811
4.26 -0.00123506 -0.00012 0.000330159
4.28 -0.000472874 -0.00012 0.000127601
4.3 0.00040209 -0.00012 -0.000104799
4.32 0.00123144 -0.00012 -0.00031153
4.34 0.00188902 -0.00012 -0.000470382
4.36 0.00224192 -0.00012 -0.000569084
4.38 0.00216144 -0.00012 -0.000568699
4.4 0.0015078 -0.00012 -0.000424264
4.42 0.000147456 -0.00012 -0.00010775
4.44 -0.00197 -0.00012 0.000396792
4.46 -0.00470222 -0.00012 0.00107602
4.48 -0.0077673 -0.00012 0.0018505
4.5 -0.0109254 -0.00012 0.00261858
4.52 -0.0139707 -0.00012 0.00334331
4.54 -0.0166555 -0.00012 0.00401087
4.56 -0.0187488 -0.00012 0.00454624
4.58 -0.0201038 -0.00012 0.00487038
4.6 -0.0206724 -0.00012 0.00498598
4.62 -0.020485 -0.00012 0.00493595
4.64 -0.0195649 -0.00012 0.00472802
4.66 -0.0179282 -0.00012 0.00433935
4.68 -0.0156262 -0.00012 0.00377455
4.7 -0.0127096 -0.00012 0.00307168
4.72 -0.00921578 -0.00012 0.00224647
4.74 -0.00517319 -0.00012 0.00128538
4.76 -0.000606361 -0.00012 0.000189031
4.78 0.00443843 -0.00012 -0.00102042
4.8 0.00990142 -0.00012 -0.00232387
4.82 0.0156948 -0.00012 -0.00371126
4.84 0.0216374 -0.00012 -0.00515338
4.86 0.0274524 -0.00012 -0.00657612
4.88 0.0327523 -0.00012 -0.00787959
4.9 0.037025 -0.00012 -0.00895046
4.92 0.039767 -0.00012 -0.00965252
4.94 0.0406972 -0.00012 -0.0098782
4.96 0.0398429 -0.00012 -0.00963346
4.98 0.0373887 -0.00012 -0.0090173
5 0.0334346 -0.00012 -0.00809148
5.02 0.0280025 -0.00012 -0.00681776
5.04 0.0212519 -0.00012 -0.00517213
5.06 0.0135581 -0.00012 -0.00326576
5.08 0.00547849 -0.00012 -0.00128233
5.1 -0.00237256 -0.00012 0.000629496
5.12 -0.00945528 -0.00012 0.00235785
5.14 -0.0155106 -0.00012 0.00380866
5.16 -0.0207013 -0.00012 0.00498635
5.18 -0.0253209 -0.00012 0.00603361
5.2 -0.0294907 -0.00012 0.00705187
5.22 -0.0330935 -0.00012 0.00796722
5.24 -0.035855 -0.00012 0.00864848
5.26 -0.0374351 -0.00012 0.0090364
5.28 -0.0375531 -0.00012 0.00909212
5.3 -0.0361343 -0.00012 0.00875682
5.32 -0.0332616 -0.00012 0.00803862
5.34 -0.029105 -0.00012 0.00702054
5.36 -0.0238804 -0.00012 0.00576789
5.38 -0.017774 -0.00012 0.00430514
5.4 -0.0109542 -0.00012 0.00266069
5.42 -0.00365111 -0.00012 0.000891647
5.44 0.00379273 -0.00012 -0.000920062
5.46 0.0109277 -0.00012 -0.00266828
5.48 0.0173096 -0.00012 -0.00422914
5.5 0.022617 -0.00012 -0.00550692
5.52 0.026648 -0.00012 -0.00646825
5.54 0.0291966 -0.00012 -0.00709805
5.56 0.030015 -0.00012 -0.00733135
5.58 0.0289279 -0.00012 -0.00708265
5.6 0.0259546 -0.00012 -0.00634252
5.62 0.0213913 -0.00012 -0.00520127
5.64 0.0156414 -0.00012 -0.00379236
5.66 0.00915575 -0.00012 -0.00221688
5.68 0.00257398 -0.00012 -0.000576348
5.7 -0.00355145 -0.00012 0.000946306
5.72 -0.00894731 -0.00012 0.00221858
5.74 -0.0133487 -0.00012 0.00326222
5.76 -0.0163583 -0.00012 0.00405302
5.78 -0.0175519 -0.00012 0.00440704
5.8 -0.0167465 -0.00012 0.00418734
5.82 -0.0141657 -0.00012 0.00348525
5.84 -0.010266 -0.00012 0.00250619
5.86 -0.0054673 -0.00012 0.00136228
5.88 -4.31993e-05 -0.00012 6.39883e-05
5.9 0.00563568 -0.00012 -0.00134731
5.92 0.0110028 -0.00012 -0.00271044
5.94 0.015586 -0.00012 -0.00383157
5.96 0.0191263 -0.00012 -0.0046521
5.98 0.0215311 -0.00012 -0.00521821
6 0.0228316 -0.00012 -0.00553973
6.02 0.0228935 -0.00012 -0.00558078
6.04 0.0213354 -0.00012 -0.00526222
6.06 0.0178877 -0.00012 -0.00446384
6.08 0.0127342 -0.00012 -0.00316697
6.1 0.00648411 -0.00012 -0.00156513
6.12 -0.000285639 -0.00012 8.47641e-05
6.14 -0.00722664 -0.00012 0.00170802
6.16 -0.013976 -0.00012 0.00334679
6.18 -0.0199463 -0.00012 0.00488489
6.2 -0.0244808 -0.00012 0.0060439
6.22 -0.0271605 -0.00012 0.00666051
6.24 -0.0278419 -0.00012 0.00678768
6.26 -0.0265117 -0.00012 0.00649031
6.28 -0.0232422 -0.00012 0.00572557
6.3 -0.0182589 -0.00012 0.00448739
6.32 -0.0120139 -0.00012 0.00291831
6.34 -0.0051523 -0.00012 0.00122078
6.36 0.00167296 -0.00012 -0.000447224
6.38 0.00795087 -0.00012 -0.00197619
6.4 0.0133587 -0.00012 -0.00328317
6.42 0.0177146 -0.00012 -0.00432375
6.44 0.0207297 -0.00012 -0.00507414
6.46 0.0218749 -0.00012 -0.00542938
6.48 0.020709 -0.00012 -0.00519662
6.5 0.0172832 -0.00012 -0.00430944
6.52 0.0121273 -0.00012 -0.00296444
6.54 0.00586059 -0.00012 -0.00142879
6.56 -0.000895467 -0.00012 0.00019202
6.58 -0.00733142 -0.00012 0.00182343
6.6 -0.0126334 -0.00012 0.00320599
6.62 -0.0163052 -0.00012 0.00408311
6.64 -0.0181256 -0.00012 0.00446282
6.66 -0.0180337 -0.00012 0.00445055
6.68 -0.0161767 -0.00012 0.00402418
6.7 -0.0128669 -0.00012 0.00317749
6.72 -0.00845518 -0.00012 0.00206011
6.74 -0.003239 -0.00012 0.000815716
6.76 0.00240863 -0.00012 -0.000539712
6.78 0.00792392 -0.00012 -0.00194261
6.8 0.0127086 -0.00012 -0.00316827
6.82 0.0163727 -0.00012 -0.00403433
6.84 0.0188424 -0.00012 -0.00457011
6.86 0.0201275 -0.00012 -0.00488098
6.88 0.0201062 -0.00012 -0.0049346
6.9 0.0186179 -0.00012 -0.00460078
6.92 0.0156487 -0.00012 -0.00385158
6.94 0.0113057 -0.00012 -0.00278618
6.96 0.00580467 -0.00012 -0.00147383
6.98 -0.000344869 -0.00012 4.9925e-05
7 -0.00648325 -0.00012 0.00161503
7.02 -0.0120764 -0.00012 0.0029858
7.04 -0.0167592 -0.00012 0.00408164
7.06 -0.0202594 -0.00012 0.00493094
7.08 -0.0223148 -0.00012 0.00547678
7.1 -0.0227756 -0.00012 0.00559709
7.12 -0.0216731 -0.00012 0.00528701
7.14 -0.0191087 -0.00012 0.00465363
7.16 -0.0152593 -0.00012 0.00374453
7.18 -0.010338 -0.00012 0.00255482
7.2 -0.00460067 -0.00012 0.00114214
7.22 0.00147253 -0.00012 -0.000367133
7.24 0.00732076 -0.00012 -0.00181403
7.26 0.0125098 -0.00012 -0.00307124
7.28 0.0167022 -0.00012 -0.00408307
7.3 0.0197417 -0.00012 -0.00481556
7.32 0.021642 -0.00012 -0.0052553
7.34 0.0223822 -0.00012 -0.00542881
7.36 0.0218933 -0.00012 -0.00533321
7.38 0.0201678 -0.00012 -0.00492493
7.4 0.0172366 -0.00012 -0.00420638
7.42 0.0133111 -0.00012 -0.00323608
7.44 0.00895596 -0.00012 -0.00212369
7.46 0.0047521 -0.00012 -0.00105725
7.48 0.00106751 -0.00012 -0.000178519
7.5 -0.00180111 -0.00012 0.000503917
7.52 -0.00372912 -0.00012 0.000982225
7.54 -0.00480953 -0.00012 0.00122407
7.56 -0.00525477 -0.00012 0.0012816
7.58 -0.00542932 -0.00012 0.00127688
7.6 -0.00566993 -0.00012 0.00131702
7.62 -0.00605017 -0.00012 0.00143068
7.64 -0.00639722 -0.00012 0.00155349
7.66 -0.00648621 -0.00012 0.00159271
7.68 -0.00625456 -0.00012 0.00151716
7.7 -0.00587166 -0.00012 0.00138561
7.72 -0.00557673 -0.00012 0.00129299
7.74 -0.00542917 -0.00012 0.00127908
7.76 -0.0052879 -0.00012 0.00128443
7.78 -0.00508558 -0.00012 0.00123007
7.8 -0.00476354 -0.00012 0.00113408
7.82 -0.00412606 -0.00012 0.00101949
7.84 -0.00308058 -0.00012 0.000798801
7.86 -0.00173045 -0.00012 0.000431769
7.88 -0.000341088 -0.00012 3.81789e-05
7.9 0.000863683 -0.00012 -0.000249006
7.92 0.00183991 -0.00012 -0.000441739
7.94 0.00258022 -0.00012 -0.000620314
7.96 0.00293025 -0.00012 -0.000758374
7.98 0.00267273 -0.00012 -0.000728887
8 0.0018749 -0.00012 -0.000486039
8.02 0.000837801 -0.00012 -0.000168085
8.04 -0.000375909 -0.00012 8.92083e-05
8.06 -0.00202986 -0.00012 0.000388104
8.08 -0.00434157 -0.00012 0.00092994
8.1 -0.00718491 -0.00012 0.0016986
8.12 -0.0101304 -0.00012 0.00247319
8.14 -0.0128816 -0.00012 0.00310564
8.16 -0.0154223 -0.00012 0.00365932
8.18 -0.0175766 -0.00012 0.00421955
8.2 -0.0188008 -0.00012 0.00463628
8.22 -0.018682 -0.00012 0.00463574
8.24 -0.017421 -0.00012 0.00420833
8.26 -0.0156126 -0.00012 0.00366442
8.28 -0.0136504 -0.00012 0.00323184
8.3 -0.0115155 -0.00012 0.00281
8.32 -0.00908567 -0.00012 0.00222264
8.34 -0.00620857 -0.00012 0.00149822
8.36 -0.0025415 -0.00012 0.000688925
8.38 0.0023036 -0.00012 -0.000374183
8.4 0.00828395 -0.00012 -0.00185578
8.42 0.0149045 -0.00012 -0.00357837
8.44 0.0215708 -0.00012 -0.00521444
8.46 0.0275489 -0.00012 -0.00664665
8.48 0.0320768 -0.00012 -0.00781219
8.5 0.0346163 -0.00012 -0.00849497
8.52 0.0349244 -0.00012 -0.00854
8.54 0.0331254 -0.00012 -0.00803407
8.56 0.0294332 -0.00012 -0.00714391
8.58 0.0242041 -0.00012 -0.00589907
8.6 0.0179427 -0.00012 -0.00433424
8.62 0.01093 -0.00012 -0.00262113
8.64 0.00375683 -0.00012 -0.000873622
8.66 -0.00278996 -0.00012 0.000779687
8.68 -0.00835736 -0.00012 0.00213002
8.7 -0.0126234 -0.00012 0.00312683
8.72 -0.015246 -0.00012 0.00378919
8.74 -0.0162252 -0.00012 0.00403516
8.76 -0.01574 -0.00012 0.00386171
8.78 -0.0141245 -0.00012 0.003415
8.8 -0.0117517 -0.00012 0.0028346
8.82 -0.00879531 -0.00012 0.0021492
8.84 -0.00551414 -0.00012 0.00133667
8.86 -0.00229196 -0.00012 0.000494168
8.88 0.000497701 -0.00012 -0.000205
8.9 0.00252265 -0.00012 -0.000683895
8.92 0.00344174 -0.00012 -0.000932368
8.94 0.0028293 -0.00012 -0.000857357
8.96 0.000574807 -0.00012 -0.000314048
8.98 -0.00288815 -0.00012 0.00063378
9 -0.00694327 -0.00012 0.00169068
9.02 -0.0112329 -0.00012 0.00267518
9.04 -0.0155055 -0.00012 0.00366653
9.06 -0.0193408 -0.00012 0.0046766
9.08 -0.0223966 -0.00012 0.005476
9.1 -0.0245378 -0.00012 0.00593308
9.12 -0.0256899 -0.00012 0.00616775
9.14 -0.0256326 -0.00012 0.00623071
9.16 -0.0242073 -0.00012 0.00594418
9.18 -0.021487 -0.00012 0.00522561
9.2 -0.0174575 -0.00012 0.00423154
9.22 -0.0120903 -0.00012 0.00301234
9.24 -0.00568775 -0.00012 0.00146251
9.26 0.00111212 -0.00012 -0.000303488
9.28 0.00769355 -0.00012 -0.00194689
9.3 0.0136081 -0.00012 -0.00331594
9.32 0.0185203 -0.00012 -0.00448453
9.34 0.0222185 -0.00012 -0.00542885
9.36 0.0246056 -0.00012 -0.00601157
9.38 0.0256693 -0.00012 -0.00621873
9.4 0.0253456 -0.00012 -0.00614298
9.42 0.0237041 -0.00012 -0.00577513
9.44 0.0209986 -0.00012 -0.00508784
9.46 0.0175184 -0.00012 -0.00419635
9.48 0.0132535 -0.00012 -0.00321686
9.5 0.00790551 -0.00012 -0.00203787
9.52 0.00170727 -0.00012 -0.000494079
9.54 -0.00429808 -0.00012 0.00117392
9.56 -0.00876342 -0.00012 0.00239783
9.58 -0.0113007 -0.00012 0.00288199
9.6 -0.0129521 -0.00012 0.00298942
9.62 -0.0148097 -0.00012 0.00335294
9.64 -0.0167241 -0.00012 0.00404906
9.66 -0.0173487 -0.00012 0.00446789
9.68 -0.0157117 -0.00012 0.00404797
9.7 -0.0124225 -0.00012 0.00296495
9.72 -0.00879689 -0.00012 0.00191992
9.74 -0.00567388 -0.00012 0.00126957
9.76 -0.00344797 -0.00012 0.000807738
9.78 -0.00255368 -0.00012 0.000452062
9.8 -0.00325252 -0.00012 0.000529847
9.82 -0.00495869 -0.00012 0.00114115
9.84 -0.00652736 -0.00012 0.00176041
9.86 -0.00751723 -0.00012 0.00190659
9.88 -0.00832793 -0.00012 0.00185412
9.9 -0.00944964 -0.00012 0.00211647
9.92 -0.0108576 -0.00012 0.0026391
9.94 -0.0113037 -0.00012 0.00294594
9.96 -0.00898896 -0.00012 0.0025414
9.98 -0.00344059 -0.00012 0.00114271
10 0.003736 -0.00012 -0.000934497
10.02 0.00973628 -0.00012 -0.00274985
10.04 0.0123206 -0.00012 -0.0034421
10.06 0.0112628 -0.00012 -0.00293589
10.08 0.00786196 -0.00012 -0.00186565
10.1 0.00347133 -0.00012 -0.000798353
10.12 -0.000798487 -0.00012 0.000204192
10.14 -0.00355942 -0.00012 0.00107201
10.16 -0.003882 -0.00012 0.00130366
10.18 -0.00254726 -0.00012 0.000696167
10.2 -0.0013118 -0.00012 9.96306e-06
10.22 -0.00148312 -0.00012 6.71827e-05
10.24 -0.00332872 -0.00012 0.000755
10.26 -0.00625471 -0.00012 0.00152773
10.28 -0.00912564 -0.00012 0.00220845
10.3 -0.0102611 -0.00012 0.00269613
10.32 -0.00805979 -0.00012 0.00242778
10.34 -0.00219675 -0.00012 0.000913848
10.36 0.00605779 -0.00012 -0.00144546
10.38 0.0148839 -0.00012 -0.00374214
10.4 0.0229245 -0.00012 -0.00557718
10.42 0.0295385 -0.00012 -0.00711348
10.44 0.0347011 -0.00012 -0.00840729
10.46 0.0381875 -0.00012 -0.00930052
10.48 0.0387421 -0.00012 -0.00958689
10.5 0.0346465 -0.00012 -0.00883954
10.52 0.0247693 -0.00012 -0.00654935
10.54 0.00930952 -0.00012 -0.00266388
10.56 -0.0101327 -0.00012 0.00226501
10.58 -0.0314378 -0.00012 0.00752033
10.6 -0.0523565 -0.00012 0.0126377
10.62 -0.070694 -0.00012 0.0172206
10.64 -0.0845892 -0.00012 0.020723
10.66 -0.0920299 -0.00012 0.0226542
10.68 -0.0910597 -0.00012 0.022592
10.7 -0.0811277 -0.00012 0.0201922
10.72 -0.0635955 -0.00012 0.0156711
10.74 -0.0406419 -0.00012 0.00988872
10.76 -0.0143544 -0.00012 0.00355906
10.78 0.0131574 -0.00012 -0.0030962
10.8 0.0394556 -0.00012 -0.00969881
10.82 0.0623796 -0.00012 -0.0154193
10.84 0.0813448 -0.00012 -0.0197665
10.86 0.0966088 -0.00012 -0.0231688
10.88 0.107879 -0.00012 -0.0260334
10.9 0.113713 -0.00012 -0.0278247
10.92 0.112173 -0.00012 -0.0276249
10.94 0.10314 -0.00012 -0.0251878
10.96 0.0879266 -0.00012 -0.0212367
10.98 0.0674663 -0.00012 -0.0164379
11 0.0426689 -0.00012 -0.0106284
11.02 0.0152787 -0.00012 -0.00376497
11.04 -0.0123832 -0.00012 0.00325851
11.06 -0.0383983 -0.00012 0.00949524
11.08 -0.0611678 -0.00012 0.0148494
11.1 -0.0783637 -0.00012 0.0192937
11.12 -0.0874192 -0.00012 0.0219064
11.14 -0.0872211 -0.00012 0.0217639
11.16 -0.0782154 -0.00012 0.0192095
11.18 -0.0612723 -0.00012 0.0151187
11.2 -0.0372156 -0.00012 0.00956469
11.22 -0.00779317 -0.00012 0.00231071
11.24 0.0233018 -0.00012 -0.00581616
11.26 0.0518825 -0.00012 -0.0130934
11.28 0.0755256 -0.00012 -0.0185619
11.3 0.0937291 -0.00012 -0.022631
11.32 0.106336 -0.00012 -0.0257873
11.34 0.112392 -0.00012 -0.0275773
11.36 0.111017 -0.00012 -0.0272661
11.38 0.102215 -0.00012 -0.0249095
11.4 0.0865598 -0.00012 -0.0210852
11.42 0.0650486 -0.00012 -0.015999
11.44 0.0386861 -0.00012 -0.00962946
11.46 0.00854475 -0.00012 -0.00225477
11.48 -0.0234887 -0.00012 0.00560388
11.5 -0.0550337 -0.00012 0.0133469
11.52 -0.0840449 -0.00012 0.020407
11.54 -0.10874 -0.00012 0.0263989
11.56 -0.127238 -0.00012 0.0309921
11.58 -0.137308 -0.00012 0.0336633
11.6 -0.136827 -0.00012 0.0337447
11.62 -0.124865 -0.00012 0.0308371
11.64 -0.101865 -0.00012 0.0251447
11.66 -0.0694524 -0.00012 0.0172142
11.68 -0.0302764 -0.00012 0.00762319
11.7 0.0123841 -0.00012 -0.00290053
11.72 0.0543345 -0.00012 -0.0133636
11.74 0.0906872 -0.00012 -0.0225261
11.76 0.117623 -0.00012 -0.0291905
11.78 0.133038 -0.00012 -0.0328167
11.8 0.136279 -0.00012 -0.033509
11.82 0.128451 -0.00012 -0.0315004
11.84 0.111924 -0.00012 -0.0272432
11.86 0.0892494 -0.00012 -0.0215477
11.88 0.0624186 -0.00012 -0.0150853
11.9 0.0333005 -0.00012 -0.00807168
11.92 0.00331575 -0.00012 -0.000758926
11.94 -0.0269159 -0.00012 0.00647395
11.96 -0.0564814 -0.00012 0.0135316
11.98 -0.0840385 -0.00012 0.020285
12 -0.107367 -0.00012 0.0261812
12.02 -0.123638 -0.00012 0.0303614
12.04 -0.131056 -0.00012 0.0321549
12.06 -0.129138 -0.00012 0.0315475
12.08 -0.118104 -0.00012 0.028869
12.1 -0.0985816 -0.00012 0.0242328
12.12 -0.0717766 -0.00012 0.0176921
12.14 -0.0397895 -0.00012 0.00973015
12.16 -0.00558824 -0.00012 0.00123323
12.18 0.0275258 -0.00012 -0.00691908
12.2 0.0565724 -0.00012 -0.0140477
12.22 0.0792764 -0.00012 -0.0196171
12.24 0.0942602 -0.00012 -0.0232449
12.26 0.100924 -0.00012 -0.0248051
12.28 0.0989216 -0.00012 -0.0243409
12.3 0.0880773 -0.00012 -0.0218067
12.32 0.0689566 -0.00012 -0.017151
12.34 0.0430881 -0.00012 -0.0107104
12.36 0.0127752 -0.00012 -0.00320412
12.38 -0.0191165 -0.00012 0.00463651
12.4 -0.0496598 -0.00012 0.0121619
12.42 -0.0760514 -0.00012 0.0187094
12.44 -0.0953241 -0.00012 0.023584
12.46 -0.104915 -0.00012 0.0260788
12.48 -0.103469 -0.00012 0.025735
12.5 -0.0914956 -0.00012 0.0226435
12.52 -0.0714763 -0.00012 0.0174801
12.54 -0.0463515 -0.00012 0.0112118
12.56 -0.018396 -0.00012 0.00449079
12.58 0.0106851 -0.00012 -0.00249547
12.6 0.039325 -0.00012 -0.00951936
12.62 0.0658 -0.00012 -0.0160506
12.64 0.0884998 -0.00012 -0.0215572
12.66 0.105903 -0.00012 -0.0257755
12.68 0.116222 -0.00012 -0.0284454
12.7 0.11768 -0.00012 -0.0290191
12.72 0.109193 -0.00012 -0.0270084
12.74 0.0907897 -0.00012 -0.0224525
12.76 0.0638294 -0.00012 -0.0158103
12.78 0.0309346 -0.00012 -0.00768824
12.8 -0.00458977 -0.00012 0.00113243
12.82 -0.0394192 -0.00012 0.00973841
12.84 -0.0707658 -0.00012 0.0173752
12.86 -0.0966732 -0.00012 0.0236229
12.88 -0.115543 -0.00012 0.0282443
12.9 -0.125884 -0.00012 0.0308862
12.92 -0.126883 -0.00012 0.0311544
12.94 -0.118928 -0.00012 0.0290618
12.96 -0.103437 -0.00012 0.0251265
12.98 -0.0821072 -0.00012 0.0199278
13 -0.0566019 -0.00012 0.0137724
13.02 -0.0286904 -0.00012 0.00693083
13.04 -0.000109334 -0.00012 -8.89191e-05
13.06 0.0277078 -0.00012 -0.00679219
13.08 0.0536751 -0.00012 -0.0129889
13.1 0.0767955 -0.00012 -0.0185961
13.12 0.0958107 -0.00012 -0.0233147
13.14 0.109103 -0.00012 -0.0266604
13.16 0.1149 -0.00012 -0.0281808
13.18 0.111714 -0.00012 -0.0275248
13.2 0.0989431 -0.00012 -0.0244743
13.22 0.0776404 -0.00012 -0.0191543
13.24 0.0503504 -0.00012 -0.0122576
13.26 0.0198807 -0.00012 -0.00474387
13.28 -0.011099 -0.00012 0.00276088
13.3 -0.0397639 -0.00012 0.00984871
13.32 -0.0634054 -0.00012 0.0158143
13.34 -0.0801231 -0.00012 0.0198969
13.36 -0.0889499 -0.00012 0.0219015
13.38 -0.0903925 -0.00012 0.0220894
13.4 -0.0862154 -0.00012 0.0208849
13.42 -0.0771982 -0.00012 0.0187341
13.44 -0.0627827 -0.00012 0.0155496
13.46 -0.0428454 -0.00012 0.0108172
13.48 -0.0185546 -0.00012 0.00465775
13.5 0.00806834 -0.00012 -0.00200861
13.52 0.0348601 -0.00012 -0.00844859
13.54 0.0594201 -0.00012 -0.0144411
13.56 0.0789133 -0.00012 -0.0194941
13.58 0.0910409 -0.00012 -0.0226342
13.6 0.0949655 -0.00012 -0.0233893
13.62 0.0914078 -0.00012 -0.0222423
13.64 0.0818265 -0.00012 -0.0198673
13.66 0.0673284 -0.00012 -0.016462
13.68 0.0486731 -0.00012 -0.0119647
13.7 0.0264187 -0.00012 -0.00654219
13.72 0.001089 -0.00012 -0.000471574
13.74 -0.0260991 -0.00012 0.00610641
13.76 -0.0531269 -0.00012 0.0128375
13.78 -0.0777222 -0.00012 0.0189758
13.8 -0.0978668 -0.00012 0.0238707
13.82 -0.111967 -0.00012 0.0272737
13.84 -0.118397 -0.00012 0.0289947
13.86 -0.115646 -0.00012 0.0285454
13.88 -0.103719 -0.00012 0.0255559
13.9 -0.0845096 -0.00012 0.0205251
13.92 -0.0604216 -0.00012 0.0145253
13.94 -0.0331806 -0.00012 0.00810816
13.96 -0.00383142 -0.00012 0.00114499
13.98 0.0262579 -0.00012 -0.00629441
14 0.0550219 -0.00012 -0.0134888
14.02 0.0802941 -0.00012 -0.0196419
14.04 0.0997337 -0.00012 -0.0243894
14.06 0.110756 -0.00012 -0.0273296
14.08 0.111792 -0.00012 -0.0277324
14.1 0.102986 -0.00012 -0.0253711
14.12 0.0854246 -0.00012 -0.0209052
14.14 0.0606678 -0.00012 -0.0149637
14.16 0.0308924 -0.00012 -0.00773342
14.18 -0.00116758 -0.00012 0.00030576
14.2 -0.0327149 -0.00012 0.00815405
14.22 -0.0613561 -0.00012 0.0150492
14.24 -0.0849248 -0.00012 0.0207599
14.26 -0.10124 -0.00012 0.0249401
14.28 -0.108562 -0.00012 0.0268829
14.3 -0.106253 -0.00012 0.0262097
14.32 -0.0950213 -0.00012 0.0232756
14.34 -0.0766723 -0.00012 0.0187133
14.36 -0.0536843 -0.00012 0.0130365
14.38 -0.0286464 -0.00012 0.00680428
14.4 -0.00373738 -0.00012 0.000679438
14.42 0.0195016 -0.00012 -0.00489617
14.44 0.0401588 -0.00012 -0.00981688
14.46 0.057443 -0.00012 -0.0140294
14.48 0.0702431 -0.00012 -0.0172531
14.5 0.0775269 -0.00012 -0.0190771
14.52 0.078791 -0.00012 -0.0193256
14.54 0.0741998 -0.00012 -0.0181405
14.56 0.0645111 -0.00012 -0.0157524
14.58 0.0505642 -0.00012 -0.0123663
14.6 0.03319 -0.00012 -0.008157
14.62 0.0137083 -0.00012 -0.00335463
14.64 -0.00611798 -0.00012 0.00159358
14.66 -0.0248398 -0.00012 0.00615735
14.68 -0.0416673 -0.00012 0.0101192
14.7 -0.0559221 -0.00012 0.0135461
14.72 -0.0665309 -0.00012 0.0162792
14.74 -0.0720824 -0.00012 0.0177994
14.76 -0.0717636 -0.00012 0.0176947
14.78 -0.0659512 -0.00012 0.0161022
14.8 -0.0553674 -0.00012 0.0134932
14.82 -0.0405835 -0.00012 0.0100388
14.84 -0.0226099 -0.00012 0.0056588
14.86 -0.00294897 -0.00012 0.000687226
14.88 0.0170382 -0.00012 -0.0042086
14.9 0.0361591 -0.00012 -0.00873422
14.92 0.0532063 -0.00012 -0.0128887
14.94 0.0670914 -0.00012 -0.0163889
14.96 0.0770274 -0.00012 -0.018805
14.98 0.0824353 -0.00012 -0.0200403
15 0.0827712 -0.00012 -0.0201732
15.02 0.0777333 -0.00012 -0.0190601
15.04 0.0673152 -0.00012 -0.0165382
15.06 0.0516342 -0.00012 -0.0127224
15.08 0.0311569 -0.00012 -0.00780452
15.1 0.00720795 -0.00012 -0.00194919
15.12 -0.0178421 -0.00012 0.00436478
15.14 -0.0412254 -0.00012 0.0102572
15.16 -0.0605165 -0.00012 0.0149737
15.18 -0.0742116 -0.00012 0.0182329
15.2 -0.0820574 -0.00012 0.0200502
15.22 -0.0842541 -0.00012 0.0205435
15.24 -0.0808999 -0.00012 0.0197678
15.26 -0.0722209 -0.00012 0.0176859
15.28 -0.0586705 -0.00012 0.0143691
15.3 -0.0409853 -0.00012 0.0100529
15.32 -0.0203659 -0.00012 0.00501888
15.34 0.00146204 -0.00012 -0.000376646
15.36 0.0225714 -0.00012 -0.00561708
15.38 0.0413028 -0.00012 -0.0101921
15.4 0.0565616 -0.00012 -0.0138397
15.42 0.06769 -0.00012 -0.0165101
15.44 0.074156 -0.00012 -0.0181248
15.46 0.0755283 -0.00012 -0.0185038
15.48 0.0715428 -0.00012 -0.01754
15.5 0.0623523 -0.00012 -0.0152885
15.52 0.04872 -0.00012 -0.0119315
15.54 0.03164 -0.00012 -0.0077538
15.56 0.0121867 -0.00012 -0.00303367
15.58 -0.00837956 -0.00012 0.00198271
15.6 -0.0286601 -0.00012 0.00696941
15.62 -0.0470748 -0.00012 0.0115168
15.64 -0.0620236 -0.00012 0.0152134
15.66 -0.0720959 -0.00012 0.0177153
15.68 -0.0761071 -0.00012 0.0187574
15.7 -0.0733392 -0.00012 0.0181351
15.72 -0.0639255 -0.00012 0.0158058
15.74 -0.0491104 -0.00012 0.0120511
15.76 -0.0308799 -0.00012 0.0074601
15.78 -0.0110101 -0.00012 0.00261779
15.8 0.00936281 -0.00012 -0.00222749
15.82 0.0291537 -0.00012 -0.00703358
15.84 0.046761 -0.00012 -0.0114878
15.86 0.0604624 -0.00012 -0.0149517
15.88 0.0689958 -0.00012 -0.0169869
15.9 0.0715826 -0.00012 -0.017579
15.92 0.0678943 -0.00012 -0.0167528
15.94 0.0582026 -0.00012 -0.0144168
15.96 0.0433706 -0.00012 -0.0107069
15.98 0.0246932 -0.00012 -0.0060761
16 0.00385793 -0.00012 -0.000979655
16.02 -0.0171245 -0.00012 0.00420219
16.04 -0.0362153 -0.00012 0.00897243
16.06 -0.0514707 -0.00012 0.0127751
16.08 -0.0612812 -0.00012 0.0151997
16.1 -0.0647986 -0.00012 0.0160453
16.12 -0.0619321 -0.00012 0.0153111
16.14 -0.0534025 -0.00012 0.0131584
16.16 -0.0404582 -0.00012 0.00991564
16.18 -0.0241945 -0.00012 0.00596116
16.2 -0.00577714 -0.00012 0.00150879
16.22 0.0132097 -0.00012 -0.00320655
16.24 0.0311021 -0.00012 -0.00768106
16.26 0.0464279 -0.00012 -0.0114175
16.28 0.0579716 -0.00012 -0.0142012
16.3 0.0649673 -0.00012 -0.0159252
16.32 0.0671421 -0.00012 -0.0164593
16.34 0.0644057 -0.00012 -0.0157783
16.36 0.0569016 -0.00012 -0.0139572
16.38 0.0452982 -0.00012 -0.0111086
16.4 0.0306694 -0.00012 -0.00747912
16.42 0.0143863 -0.00012 -0.00344772
16.44 -0.00200371 -0.00012 0.000592391
16.46 -0.0171562 -0.00012 0.00429936
16.48 -0.030148 -0.00012 0.00743701
16.5 -0.0403494 -0.00012 0.00989299
16.52 -0.0472834 -0.00012 0.0115877
16.54 -0.050405 -0.00012 0.0123981
16.56 -0.0492611 -0.00012 0.0121647
16.58 -0.0439607 -0.00012 0.0108334
16.6 -0.0349709 -0.00012 0.00859016
16.62 -0.0230486 -0.00012 0.00568328
16.64 -0.00940188 -0.00012 0.00231619
16.66 0.00453494 -0.00012 -0.00118101
16.68 0.0172545 -0.00012 -0.00436117
16.7 0.0274602 -0.00012 -0.00686381
16.72 0.0344968 -0.00012 -0.00853033
16.74 0.0382482 -0.00012 -0.00938847
16.76 0.0388131 -0.00012 -0.00951469
16.78 0.0364436 -0.00012 -0.00893587
16.8 0.0315716 -0.00012 -0.00771213
16.82 0.0248079 -0.00012 -0.00601525
16.84 0.0168402 -0.00012 -0.00405658
16.86 0.00822508 -0.00012 -0.00198127
16.88 -0.000552321 -0.00012 0.00014091
16.9 -0.00885628 -0.00012 0.00220261
16.92 -0.0159456 -0.00012 0.00398438
16.94 -0.0211919 -0.00012 0.00526963
16.96 -0.0242129 -0.00012 0.00598
16.98 -0.0247469 -0.00012 0.00612314
17 -0.022637 -0.00012 0.00565245
17.02 -0.018074 -0.00012 0.00452191
17.04 -0.011499 -0.00012 0.00286239
17.06 -0.00337216 -0.00012 0.000888539
17.08 0.00567057 -0.00012 -0.00129667
17.1 0.0148093 -0.00012 -0.00357611
17.12 0.0232239 -0.00012 -0.00568576
17.14 0.0302325 -0.00012 -0.00738475
17.16 0.0352614 -0.00012 -0.00859537
17.18 0.0378504 -0.00012 -0.00926377
17.2 0.0377831 -0.00012 -0.00927137
17.22 0.034916 -0.00012 -0.00857252
17.24 0.0292991 -0.00012 -0.00720995
17.26 0.0212772 -0.00012 -0.00525671
17.28 0.0112401 -0.00012 -0.00282366
17.3 -0.000246007 -0.00012 -3.0313e-05
17.32 -0.0122576 -0.00012 0.00294587
17.34 -0.0236617 -0.00012 0.00579819
17.36 -0.0333541 -0.00012 0.00819445
17.38 -0.040625 -0.00012 0.00993606
17.4 -0.0451418 -0.00012 0.0109993
17.42 -0.0464809 -0.00012 0.0113798
17.44 -0.0442249 -0.00012 0.0109177
17.46 -0.0383091 -0.00012 0.00947114
17.48 -0.0292077 -0.00012 0.0071721
17.5 -0.0179533 -0.00012 0.00435705
17.52 -0.0057493 -0.00012 0.0013583
17.54 0.00641535 -0.00012 -0.00159505
17.56 0.0176933 -0.00012 -0.00434706
17.58 0.027206 -0.00012 -0.00671041
17.6 0.0343552 -0.00012 -0.00845694
17.62 0.0389563 -0.00012 -0.00950757
17.64 0.0409974 -0.00012 -0.00996393
17.66 0.0404431 -0.00012 -0.00987223
17.68 0.0372925 -0.00012 -0.00914295
17.7 0.031971 -0.00012 -0.00777578
17.72 0.025043 -0.00012 -0.0060221
17.74 0.0166033 -0.00012 -0.00407548
17.76 0.00667061 -0.00012 -0.00178308
17.78 -0.00411154 -0.00012 0.000938384
17.8 -0.014706 -0.00012 0.00367883
17.82 -0.0243394 -0.00012 0.00597599
17.84 -0.0325511 -0.00012 0.00784348
17.86 -0.038767 -0.00012 0.00941747
17.88 -0.0421096 -0.00012 0.0104186
17.9 -0.041847 -0.00012 0.0103982
17.92 -0.0378077 -0.00012 0.00930984
17.94 -0.0301268 -0.00012 0.00743189
17.96 -0.0191897 -0.00012 0.00486117
17.98 -0.00601122 -0.00012 0.00159351
18 0.00783238 -0.00012 -0.00198002
18.02 0.0207525 -0.00012 -0.0052088
18.04 0.0317395 -0.00012 -0.00777711
18.06 0.0402782 -0.00012 -0.00978191
18.08 0.0457352 -0.00012 -0.011221
18.1 0.0473295 -0.00012 -0.0117442
18.12 0.044836 -0.00012 -0.011078
18.14 0.0388353 -0.00012 -0.00944988
18.16 0.0300855 -0.00012 -0.00730393
18.18 0.019186 -0.00012 -0.00476201
18.2 0.00676116 -0.00012 -0.00174686
18.22 -0.00623755 -0.00012 0.00154096
18.24 -0.0185336 -0.00012 0.0046277
18.26 -0.0291422 -0.00012 0.00716472
18.28 -0.0375244 -0.00012 0.00912924
18.3 -0.0431071 -0.00012 0.0105446
18.32 -0.0452918 -0.00012 0.0111828
18.34 -0.043794 -0.00012 0.0108042
18.36 -0.0387577 -0.00012 0.0094943
18.38 -0.0305244 -0.00012 0.00749851
18.4 -0.01943 -0.00012 0.00488607
18.42 -0.00605844 -0.00012 0.00163265
18.44 0.00837648 -0.00012 -0.00202146
18.46 0.0222356 -0.00012 -0.00552906
18.48 0.0340665 -0.00012 -0.00841355
18.5 0.0427111 -0.00012 -0.0105032
18.52 0.047325 -0.00012 -0.0116879
18.54 0.0475575 -0.00012 -0.0117741
18.56 0.0434505 -0.00012 -0.010724
18.58 0.0352839 -0.00012 -0.00871344
18.6 0.0235527 -0.00012 -0.00589573
18.62 0.00903645 -0.00012 -0.00236256
18.64 -0.00716978 -0.00012 0.00165365
18.66 -0.0237895 -0.00012 0.00575605
18.68 -0.0395922 -0.00012 0.00959667
18.7 -0.0534026 -0.00012 0.0129654
18.72 -0.063946 -0.00012 0.0156225
18.74 -0.0701258 -0.00012 0.0172076
18.76 -0.0714188 -0.00012 0.0174873
18.78 -0.0677404 -0.00012 0.0165414
18.8 -0.059227 -0.00012 0.0145155
18.82 -0.0464081 -0.00012 0.0114294
18.84 -0.0303314 -0.00012 0.00743106
18.86 -0.0123466 -0.00012 0.00296015
18.88 0.00602538 -0.00012 -0.00152838
18.9 0.0231688 -0.00012 -0.00572877
18.92 0.0375907 -0.00012 -0.00931667
18.94 0.0480871 -0.00012 -0.0119183
18.96 0.0539001 -0.00012 -0.0133074
18.98 0.0548144 -0.00012 -0.0134836
19 0.0510095 -0.00012 -0.012546
19.02 0.0429585 -0.00012 -0.010584
19.04 0.0315176 -0.00012 -0.00774554
19.06 0.0178217 -0.00012 -0.00433713
19.08 0.0031352 -0.00012 -0.000724658
19.1 -0.0111559 -0.00012 0.00278994
19.12 -0.0237554 -0.00012 0.00591099
19.14 -0.0337068 -0.00012 0.00834864
19.16 -0.0403344 -0.00012 0.00994405
19.18 -0.04318 -0.00012 0.0106447
19.2 -0.042117 -0.00012 0.0103985
19.22 -0.0372429 -0.00012 0.0092046
19.24 -0.0288915 -0.00012 0.00715774
19.26 -0.0179381 -0.00012 0.00443402
19.28 -0.005566 -0.00012 0.0013429
19.3 0.00724021 -0.00012 -0.00177535
19.32 0.0195673 -0.00012 -0.00474842
19.34 0.0302624 -0.00012 -0.00742994
19.36 0.0381465 -0.00012 -0.00946632
19.38 0.0424828 -0.00012 -0.0105127
19.4 0.043209 -0.00012 -0.0105764
19.42 0.0405814 -0.00012 -0.00990241
19.44 0.0347399 -0.00012 -0.00857187
19.46 0.0259629 -0.00012 -0.00647077
19.48 0.0151533 -0.00012 -0.00370522
19.5 0.00348589 -0.00012 -0.000750759
19.52 -0.0083559 -0.00012 0.00203096
19.54 -0.0198965 -0.00012 0.00472583
19.56 -0.0303724 -0.00012 0.00737456
19.58 -0.0390555 -0.00012 0.00959486
19.6 -0.0454599 -0.00012 0.0110785
19.62 -0.0490711 -0.00012 0.0119095
19.64 -0.0492439 -0.00012 0.0120876
19.66 -0.0455247 -0.00012 0.0112928
19.68 -0.0379013 -0.00012 0.00937438
19.7 -0.0268443 -0.00012 0.00660085
19.72 -0.0133376 -0.00012 0.0033065
19.74 0.00120391 -0.00012 -0.00027862
19.76 0.0153771 -0.00012 -0.00381921
19.78 0.0281827 -0.00012 -0.00693374
19.8 0.0387602 -0.00012 -0.00946633
19.82 0.0461541 -0.00012 -0.0113332
19.84 0.0497977 -0.00012 -0.0122789
19.86 0.0496935 -0.00012 -0.0121716
19.88 0.0459202 -0.00012 -0.0112048
19.9 0.0385321 -0.00012 -0.0095008
19.92 0.0278464 -0.00012 -0.006954
19.94 0.0146198 -0.00012 -0.00364046
19.96 7.24708e-05 -0.00012 1.45633e-05
19.98 -0.0143403 -0.00012 0.00355427
20 -0.027333 -0.00012 0.00671086
