0.1 0
0.2 0
0.3 0
0.4 0
0.5 0
0.6 0
0.7 0
0.8 0
0.9 0
1 0
0.02 -5.23633e-06
0.04 -3.20432e-05
0.06 -8.99791e-05
0.08 -0.000158086
0.1 -0.000205435
0.12 -0.00022555
0.14 -0.000225619
0.16 -0.000206029
0.18 -0.000169385
0.2 -0.00012006
0.22 -5.1193e-05
0.24 3.8174e-05
0.26 0.000125977
0.28 0.000195273
0.3 0.000256578
0.32 0.000317895
0.34 0.000361124
0.36 0.000368526
0.38 0.000344835
0.4 0.000298995
0.42 0.000228573
0.44 0.000134816
0.46 3.42098e-05
0.48 -5.93344e-05
0.5 -0.000151278
0.52 -0.000250421
0.54 -0.000345448
0.56 -0.000413589
0.58 -0.000446256
0.6 -0.000450149
0.62 -0.000428635
0.64 -0.00037811
0.66 -0.000299072
0.68 -0.000200816
0.7 -9.51786e-05
0.72 1.37208e-05
0.74 0.000125021
0.76 0.000226467
0.78 0.000306391
0.8 0.000371772
0.82 0.000425881
0.84 0.000447045
0.86 0.000415752
0.88 0.0003424
0.9 0.000248212
0.92 0.000135541
0.94 -3.46066e-06
0.96 -0.000158631
0.98 -0.000302118
1 -0.000413586
1.02 -0.000486636
1.04 -0.000512317
1.06 -0.000481062
1.08 -0.000402801
1.1 -0.000298771
1.12 -0.000177077
1.14 -4.31517e-05
1.16 8.11877e-05
1.18 0.000182366
1.2 0.000276052
1.22 0.000367936
1.24 0.0004295
1.26 0.000447754
1.28 0.000449845
1.3 0.000448398
1.32 0.00041706
1.34 0.000343205
1.36 0.000250107
1.38 0.000152082
1.4 4.06311e-05
1.42 -8.08344e-05
1.44 -0.00019269
1.46 -0.000286523
1.48 -0.000367116
1.5 -0.000427236
1.52 -0.000441899
1.54 -0.000396651
1.56 -0.000307655
1.58 -0.000203103
1.6 -9.66309e-05
1.62 9.95232e-06
1.64 0.000111987
1.66 0.000201832
1.68 0.0002717
1.7 0.000314643
1.72 0.000331489
1.74 0.000326766
1.76 0.000296483
1.78 0.000237643
1.8 0.000161028
1.82 8.1109e-05
1.84 8.07163e-06
1.86 -5.44711e-05
1.88 -0.000115609
1.9 -0.00017996
1.92 -0.000226436
1.94 -0.000230657
1.96 -0.000199209
1.98 -0.000159989
2 -0.00012294
2.02 -7.09003e-05
2.04 5.68992e-06
2.06 8.94107e-05
2.08 0.000162737
2.1 0.000225727
2.12 0.000273337
2.14 0.000292105
2.16 0.000290733
2.18 0.000291231
2.2 0.000287789
2.22 0.000255602
2.24 0.000193381
2.26 0.000122516
2.28 5.12335e-05
2.3 -2.72173e-05
2.32 -0.000100609
2.34 -0.000140166
2.36 -0.000144704
2.38 -0.000146299
2.4 -0.000161133
2.42 -0.000165581
2.44 -0.000134794
2.46 -7.61592e-05
2.48 -6.59485e-06
2.5 7.56844e-05
2.52 0.000172297
2.54 0.000261945
2.56 0.000327124
2.58 0.000380899
2.6 0.000437494
2.62 0.000483887
2.64 0.000500668
2.66 0.000478548
2.68 0.000409278
2.7 0.000299679
2.72 0.000186593
2.74 8.85993e-05
2.76 -3.47583e-05
2.78 -0.000219952
2.8 -0.000424231
2.82 -0.000561503
2.84 -0.000597961
2.86 -0.000581042
2.88 -0.000569699
2.9 -0.000557123
2.92 -0.000492524
2.94 -0.000363994
2.96 -0.000204426
2.98 -2.89614e-05
3 0.000165666
3.02 0.000353654
3.04 0.000493729
3.06 0.000573882
3.08 0.000600124
3.1 0.000566827
3.12 0.000474791
3.14 0.000348512
3.16 0.000203365
3.18 3.39297e-05
3.2 -0.000145401
3.22 -0.000293496
3.24 -0.000385698
3.26 -0.000429129
3.28 -0.000434163
3.3 -0.000399379
3.32 -0.00033588
3.34 -0.000276807
3.36 -0.000225753
3.38 -0.00013611
3.4 1.57267e-06
3.42 0.000114866
3.44 0.000150126
3.46 0.00014425
3.48 0.000152296
3.5 0.00017297
3.52 0.000180818
3.54 0.000173365
3.56 0.000151689
3.58 9.40941e-05
3.6 -1.03053e-05
3.62 -0.000118496
3.64 -0.000171742
3.66 -0.000175919
3.68 -0.000191331
3.7 -0.000240741
3.72 -0.000288198
3.74 -0.000300874
3.76 -0.000271348
3.78 -0.000203255
3.8 -0.00012173
3.82 -6.32504e-05
3.84 -2.43283e-05
3.86 3.90154e-05
3.88 0.000141846
3.9 0.000246745
3.92 0.000317379
3.94 0.000353817
3.96 0.000379356
3.98 0.000415276
4 0.000457235
4.02 0.000478964
4.04 0.000468754
4.06 0.000439846
4.08 0.000397097
4.1 0.000321296
4.12 0.000200247
4.14 5.5404e-05
4.16 -8.43466e-05
4.18 -0.000215359
4.2 -0.000335195
4.22 -0.000411187
4.24 -0.000402371
4.26 -0.000295514
4.28 -0.00011384
4.3 9.464e-05
4.32 0.000284346
4.34 0.000431808
4.36 0.000518793
4.38 0.000511861
4.4 0.000373137
4.42 7.51422e-05
4.44 -0.000395629
4.46 -0.00101953
4.48 -0.00172673
4.5 -0.00243796
4.52 -0.00311448
4.54 -0.00372763
4.56 -0.00421437
4.58 -0.00451637
4.6 -0.00463119
4.62 -0.00458639
4.64 -0.00438842
4.66 -0.0040253
4.68 -0.00350401
4.7 -0.00285095
4.72 -0.00207842
4.74 -0.0011809
4.76 -0.000160798
4.78 0.000965112
4.8 0.00218071
4.82 0.0034728
4.84 0.00480925
4.86 0.00612377
4.88 0.00732579
4.9 0.00830651
4.92 0.00894456
4.94 0.00915371
4.96 0.00893976
4.98 0.00837582
5 0.00750624
5.02 0.00631056
5.04 0.00478807
5.06 0.00303487
5.08 0.00120457
5.1 -0.000564919
5.12 -0.00216335
5.14 -0.00351427
5.16 -0.00463381
5.18 -0.00562968
5.2 -0.00657115
5.22 -0.00740534
5.24 -0.00803287
5.26 -0.00839083
5.28 -0.00843317
5.3 -0.00811934
5.32 -0.007461
5.34 -0.00652073
5.36 -0.00535464
5.38 -0.00399249
5.4 -0.00246492
5.42 -0.000824387
5.44 0.000852763
5.46 0.00246714
5.48 0.00390947
5.5 0.00509712
5.52 0.00599381
5.54 0.00657357
5.56 0.00677788
5.58 0.0065422
5.6 0.00586269
5.62 0.00481668
5.64 0.00351566
5.66 0.00205616
5.68 0.000550702
5.7 -0.000847966
5.72 -0.00203978
5.74 -0.00301536
5.76 -0.00372745
5.78 -0.00403343
5.8 -0.00383816
5.82 -0.00321354
5.84 -0.00231744
5.86 -0.00125027
5.88 -4.09264e-05
5.9 0.00125557
5.92 0.00249799
5.94 0.00353392
5.96 0.00430758
5.98 0.00483821
6 0.00513415
6.02 0.00516325
6.04 0.00484757
6.06 0.00409454
6.08 0.00290858
6.1 0.00145334
6.12 -7.3249e-05
6.14 -0.00159857
6.16 -0.00311696
6.18 -0.00451171
6.2 -0.00556567
6.22 -0.00614868
6.24 -0.00627964
6.26 -0.00599532
6.28 -0.00527677
6.3 -0.00413922
6.32 -0.0027035
6.34 -0.00114148
6.36 0.000400295
6.38 0.00181535
6.4 0.00302841
6.42 0.00399841
6.44 0.00468739
6.46 0.00499004
6.48 0.00475711
6.5 0.0039541
6.52 0.00273987
6.54 0.00132185
6.56 -0.000186634
6.58 -0.00167462
6.6 -0.00292294
6.62 -0.00374058
6.64 -0.00411378
6.66 -0.00409896
6.68 -0.0036955
6.7 -0.00292578
6.72 -0.00190633
6.74 -0.000745751
6.76 0.000515551
6.78 0.00179351
6.8 0.0029072
6.82 0.00371776
6.84 0.00423609
6.86 0.00452453
6.88 0.00455403
6.9 0.00423528
6.92 0.00355081
6.94 0.00256741
6.96 0.00134345
6.98 -5.7862e-05
7 -0.00148237
7.02 -0.00274808
7.04 -0.00377756
7.06 -0.00456467
7.08 -0.00505435
7.1 -0.00516294
7.12 -0.00489018
7.14 -0.004307
7.16 -0.00345591
7.18 -0.00235181
7.2 -0.00104964
7.22 0.000336872
7.24 0.00166825
7.26 0.00283404
7.28 0.00377364
7.3 0.00445422
7.32 0.0048691
7.34 0.00503199
7.36 0.00493548
7.38 0.00455352
7.4 0.00389011
7.42 0.00299697
7.44 0.00198515
7.46 0.00101274
7.48 0.000193095
7.5 -0.000444044
7.52 -0.000883725
7.54 -0.00111483
7.56 -0.0011855
7.58 -0.00119729
7.6 -0.00124076
7.62 -0.00133875
7.64 -0.00143931
7.66 -0.0014696
7.68 -0.00140622
7.7 -0.00129758
7.72 -0.00121897
7.74 -0.00119856
7.76 -0.00118991
7.78 -0.00114134
7.8 -0.00105851
7.82 -0.000938539
7.84 -0.000722683
7.86 -0.000396069
7.88 -5.0695e-05
7.9 0.000217227
7.92 0.000411007
7.94 0.000576869
7.96 0.000686572
7.98 0.000647911
8 0.000439764
8.02 0.000167867
8.04 -8.3364e-05
8.06 -0.000395549
8.08 -0.000904263
8.1 -0.00158959
8.12 -0.00228689
8.14 -0.00288509
8.16 -0.0034198
8.18 -0.00392612
8.2 -0.00427123
8.22 -0.00426102
8.24 -0.00390661
8.26 -0.00343863
8.28 -0.00302277
8.3 -0.0025988
8.32 -0.00205368
8.34 -0.00139134
8.36 -0.000613665
8.38 0.00041024
8.4 0.00177287
8.42 0.00332942
8.44 0.00483933
8.46 0.00617296
8.48 0.00723017
8.5 0.00784009
8.52 0.00789204
8.54 0.00744699
8.56 0.00662005
8.58 0.00545813
8.6 0.00402353
8.62 0.00243983
8.64 0.000822682
8.66 -0.000687315
8.68 -0.00193896
8.7 -0.00287593
8.72 -0.00348086
8.74 -0.00370595
8.76 -0.00356433
8.78 -0.00316913
8.8 -0.00263282
8.82 -0.00198664
8.84 -0.00123923
8.86 -0.000479261
8.88 0.000161059
8.9 0.000609159
8.92 0.000830694
8.94 0.0007359
8.96 0.000231095
8.98 -0.000610384
9 -0.00156484
9.02 -0.00249659
9.04 -0.00343093
9.06 -0.00433975
9.08 -0.00506072
9.1 -0.00550578
9.12 -0.00573867
9.14 -0.00577063
9.16 -0.00548471
9.18 -0.00483886
9.2 -0.00392319
9.22 -0.00276473
9.24 -0.00132711
9.26 0.000269711
9.28 0.00177682
9.3 0.0030683
9.32 0.00415933
9.34 0.00501837
9.36 0.00555721
9.38 0.00576671
9.4 0.00569553
9.42 0.00534417
9.44 0.00471779
9.46 0.00390773
9.48 0.00298096
9.5 0.00184755
9.52 0.000430485
9.54 -0.00104296
9.56 -0.00212902
9.58 -0.00262288
9.6 -0.00282317
9.62 -0.00319003
9.64 -0.00375563
9.66 -0.00405199
9.68 -0.00367063
9.7 -0.00276476
9.72 -0.00185303
9.74 -0.00121341
9.76 -0.000758511
9.78 -0.000476509
9.8 -0.00058012
9.82 -0.0010789
9.84 -0.00157085
9.86 -0.00173862
9.88 -0.00177556
9.9 -0.00202208
9.92 -0.00244428
9.94 -0.00266044
9.96 -0.00223156
9.98 -0.000953298
10 0.000856456
10.02 0.00241543
10.04 0.00303461
10.06 0.00265117
10.08 0.00174346
10.1 0.000754983
10.12 -0.000185653
10.14 -0.000921958
10.16 -0.00108397
10.18 -0.000618369
10.2 -0.000115129
10.22 -0.000162784
10.24 -0.00071781
10.26 -0.0014124
10.28 -0.00204873
10.3 -0.00242784
10.32 -0.00208785
10.34 -0.00071614
10.36 0.001348
10.38 0.00342324
10.4 0.00516373
10.42 0.00661108
10.44 0.00779601
10.46 0.00860759
10.48 0.00882086
10.5 0.00804361
10.52 0.00588456
10.54 0.00232973
10.56 -0.00216565
10.58 -0.00700668
10.6 -0.011735
10.62 -0.0159365
10.64 -0.0191375
10.66 -0.0208841
10.68 -0.020767
10.7 -0.0185394
10.72 -0.0144411
10.74 -0.00915525
10.76 -0.00327232
10.78 0.00290257
10.8 0.0089456
10.82 0.0141929
10.84 0.0183092
10.86 0.0215659
10.88 0.0241761
10.9 0.0257072
10.92 0.0254623
10.94 0.0232879
10.96 0.0197153
10.98 0.015211
11 0.00975563
11.02 0.00346946
11.04 -0.00293273
11.06 -0.00873874
11.08 -0.0137595
11.1 -0.017785
11.12 -0.0200637
11.14 -0.019964
11.16 -0.0177235
11.18 -0.0139253
11.2 -0.0086807
11.22 -0.00199735
11.24 0.00533458
11.26 0.0119614
11.28 0.0171216
11.3 0.0210121
11.32 0.0239039
11.34 0.0254527
11.36 0.0251567
11.38 0.0230484
11.4 0.019513
11.42 0.0147535
11.44 0.00884102
11.46 0.00202734
11.48 -0.00522632
11.5 -0.0123718
11.52 -0.0189078
11.54 -0.024461
11.56 -0.0286819
11.58 -0.0310793
11.6 -0.0310866
11.62 -0.0283937
11.64 -0.0231565
11.66 -0.0158293
11.68 -0.00696989
11.7 0.00272399
11.72 0.0123233
11.74 0.0206975
11.76 0.0268297
11.78 0.0302296
11.8 0.0309035
11.82 0.0290794
11.84 0.0252189
11.86 0.020007
11.88 0.0140013
11.9 0.00748352
11.92 0.000719019
11.94 -0.00601947
11.96 -0.0126002
11.98 -0.0188361
12 -0.0242196
12.02 -0.028014
12.04 -0.0296784
12.06 -0.0291642
12.08 -0.0266822
12.1 -0.0223509
12.12 -0.0163018
12.14 -0.00899171
12.16 -0.00118507
12.18 0.00632994
12.2 0.0129088
12.22 0.0180497
12.24 0.0214145
12.26 0.02288
12.28 0.0224423
12.3 0.0200603
12.32 0.0157511
12.34 0.00983842
12.36 0.00293367
12.38 -0.00429767
12.4 -0.0112328
12.42 -0.0172514
12.44 -0.021701
12.46 -0.0239556
12.48 -0.0236345
12.5 -0.0208333
12.52 -0.0161531
12.54 -0.0104029
12.56 -0.00415263
12.58 0.00234612
12.6 0.00883004
12.62 0.0148462
12.64 0.01995
12.66 0.023861
12.68 0.0262783
12.7 0.0267345
12.72 0.0248543
12.74 0.0206631
12.76 0.0145418
12.78 0.00706269
12.8 -0.00104307
12.82 -0.00896567
12.84 -0.0160327
12.86 -0.0218361
12.88 -0.0261045
12.9 -0.0285073
12.92 -0.028747
12.94 -0.0268634
12.96 -0.0232768
12.98 -0.0184668
13 -0.0127507
13.02 -0.00643385
13.04 4.27583e-05
13.06 0.0062711
13.08 0.0120498
13.1 0.0172473
13.12 0.0215845
13.14 0.0246439
13.16 0.0260138
13.18 0.0253657
13.2 0.0225219
13.22 0.0176434
13.24 0.0113461
13.26 0.00442398
13.28 -0.00253543
13.3 -0.00905874
13.32 -0.0145088
13.34 -0.0182834
13.36 -0.0201883
13.38 -0.0204182
13.4 -0.0193675
13.42 -0.0173614
13.44 -0.0143025
13.46 -0.00988048
13.48 -0.00426324
13.5 0.00184405
13.52 0.00783335
13.54 0.0133756
13.56 0.0179477
13.58 0.02079
13.6 0.0215575
13.62 0.020592
13.64 0.0184082
13.66 0.0152135
13.68 0.0110355
13.7 0.00601784
13.72 0.000365834
13.74 -0.00573699
13.76 -0.0119158
13.78 -0.0175461
13.8 -0.0220801
13.82 -0.0252403
13.84 -0.02678
13.86 -0.0262886
13.88 -0.0235509
13.9 -0.0190154
13.92 -0.0135082
13.94 -0.00749481
13.96 -0.000987197
13.98 0.0058599
14 0.0124536
14.02 0.018149
14.04 0.0225383
14.06 0.0251719
14.08 0.0254932
14.1 0.0233819
14.12 0.0193134
14.14 0.0137845
14.16 0.00708553
14.18 -0.000275658
14.2 -0.00748277
14.22 -0.0138917
14.24 -0.019187
14.26 -0.022985
14.28 -0.0247285
14.3 -0.0241434
14.32 -0.0214959
14.34 -0.0173055
14.36 -0.0120783
14.38 -0.00635637
14.4 -0.000707787
14.42 0.00448123
14.44 0.00907309
14.46 0.0129707
14.48 0.0159179
14.5 0.0175889
14.52 0.0178392
14.54 0.0167653
14.56 0.0145648
14.58 0.0114274
14.6 0.00752408
14.62 0.00309923
14.64 -0.00143942
14.66 -0.00566177
14.68 -0.00937513
14.7 -0.012562
14.72 -0.0150404
14.74 -0.0163899
14.76 -0.0163022
14.78 -0.0148889
14.8 -0.012485
14.82 -0.0092379
14.84 -0.00518513
14.86 -0.000646629
14.88 0.00387487
14.9 0.00810822
14.92 0.0119522
14.94 0.0151512
14.96 0.0173885
14.98 0.0185598
15 0.0186653
15.02 0.0175962
15.04 0.0152569
15.06 0.0117243
15.08 0.00714904
15.1 0.00173769
15.12 -0.00403297
15.14 -0.00941884
15.16 -0.0137777
15.18 -0.0168202
15.2 -0.0185341
15.22 -0.0190049
15.24 -0.0182729
15.26 -0.0163352
15.28 -0.0132712
15.3 -0.00927963
15.32 -0.00462484
15.34 0.000341546
15.36 0.00515758
15.38 0.00938728
15.4 0.0127866
15.42 0.0152718
15.44 0.0167525
15.46 0.0170879
15.48 0.0161936
15.5 0.0141143
15.52 0.01102
15.54 0.00715972
15.56 0.0027852
15.58 -0.00185488
15.6 -0.00645383
15.62 -0.010641
15.64 -0.0140431
15.66 -0.0163419
15.68 -0.0172841
15.7 -0.0166904
15.72 -0.0145472
15.74 -0.0111223
15.76 -0.00692505
15.78 -0.00244455
15.8 0.0020796
15.82 0.0065324
15.84 0.0105979
15.86 0.0137604
15.88 0.0156586
15.9 0.0162197
15.92 0.0154303
15.94 0.01326
15.96 0.00985992
15.98 0.00560216
16 0.00089296
16.02 -0.00387832
16.04 -0.00825186
16.06 -0.0117413
16.08 -0.0139733
16.1 -0.0147596
16.12 -0.0140925
16.14 -0.0121259
16.16 -0.00915564
16.18 -0.00549355
16.2 -0.00136155
16.22 0.00297129
16.24 0.00707246
16.26 0.0105292
16.28 0.013115
16.3 0.0147037
16.32 0.0151964
16.34 0.0145712
16.36 0.0128835
16.38 0.0102548
16.4 0.0069186
16.42 0.00321003
16.44 -0.000512537
16.46 -0.00393765
16.48 -0.00685059
16.5 -0.00913336
16.52 -0.0106998
16.54 -0.0114326
16.56 -0.0112011
16.58 -0.0099829
16.6 -0.00792517
16.62 -0.00523597
16.64 -0.0021346
16.66 0.00106683
16.68 0.0039819
16.7 0.00629224
16.72 0.00785076
16.74 0.00866395
16.76 0.00878466
16.78 0.00824956
16.8 0.00712971
16.82 0.00557622
16.84 0.00376969
16.86 0.00184117
16.88 -0.000128224
16.9 -0.00202288
16.92 -0.00365302
16.94 -0.00483994
16.96 -0.00550608
16.98 -0.00563407
17 -0.00518368
17.02 -0.00414395
17.04 -0.00262798
17.06 -0.000799328
17.08 0.00122894
17.1 0.00332018
17.12 0.00525202
17.14 0.00682715
17.16 0.00795241
17.18 0.00855807
17.2 0.00855689
17.22 0.00791031
17.24 0.0066474
17.26 0.00483952
17.28 0.00258381
17.3 -2.818e-06
17.32 -0.0027399
17.34 -0.00535408
17.36 -0.00755961
17.38 -0.00918146
17.4 -0.0101781
17.42 -0.0105116
17.44 -0.0100541
17.46 -0.00871725
17.48 -0.0066177
17.5 -0.00403772
17.52 -0.00127145
17.54 0.00146506
17.56 0.00401022
17.58 0.00618157
17.6 0.00779615
17.62 0.00879244
17.64 0.00922875
17.66 0.00912906
17.68 0.00844109
17.7 0.00720012
17.72 0.00559981
17.74 0.00376097
17.76 0.00159602
17.78 -0.00089002
17.8 -0.00337148
17.82 -0.00551428
17.84 -0.00728796
17.86 -0.00872411
17.88 -0.00958664
17.9 -0.00955288
17.92 -0.00858138
17.94 -0.00684584
17.96 -0.00443482
17.98 -0.00143048
18 0.00180771
18.02 0.00476784
18.04 0.00718161
18.06 0.00906263
18.08 0.0103568
18.1 0.0107949
18.12 0.0101985
18.14 0.0087487
18.16 0.00676775
18.18 0.00437668
18.2 0.00158243
18.22 -0.00141869
18.24 -0.00424396
18.26 -0.00660793
18.28 -0.00845242
18.3 -0.0097433
18.32 -0.0102976
18.34 -0.00995194
18.36 -0.00876815
18.38 -0.00691783
18.4 -0.00446937
18.42 -0.00145725
18.44 0.00187723
18.46 0.00507826
18.48 0.00774678
18.5 0.00968613
18.52 0.0107617
18.54 0.0108313
18.56 0.00987654
18.58 0.00802317
18.6 0.0054019
18.62 0.0021312
18.64 -0.00156211
18.66 -0.00534016
18.68 -0.00889741
18.7 -0.0120133
18.72 -0.014442
18.74 -0.0158816
18.76 -0.0161525
18.78 -0.0152942
18.8 -0.013403
18.82 -0.0105345
18.84 -0.0068624
18.86 -0.00275564
18.88 0.00139367
18.9 0.00527252
18.92 0.00856728
18.94 0.0109596
18.96 0.0122543
18.98 0.0124333
19 0.0115693
19.02 0.0097539
19.04 0.0071447
19.06 0.00401513
19.08 0.000683984
19.1 -0.00255712
19.12 -0.0054277
19.14 -0.00767894
19.16 -0.0091619
19.18 -0.00980777
19.2 -0.00957555
19.22 -0.00847292
19.24 -0.00658297
19.26 -0.00408135
19.28 -0.00124719
19.3 0.00163897
19.32 0.00440052
19.34 0.006856
19.36 0.00870089
19.38 0.00967262
19.4 0.00977034
19.42 0.00915819
19.44 0.00789525
19.46 0.00593819
19.48 0.00342416
19.5 0.000728434
19.52 -0.00188105
19.54 -0.00441478
19.56 -0.00683286
19.58 -0.00885163
19.6 -0.0102508
19.62 -0.0110364
19.64 -0.0111548
19.66 -0.0103812
19.68 -0.00862683
19.7 -0.00608752
19.72 -0.00304026
19.74 0.000262854
19.76 0.0035093
19.78 0.00639323
19.8 0.00875204
19.82 0.0104572
19.84 0.0113125
19.86 0.0112412
19.88 0.0103628
19.9 0.00875314
19.92 0.00637703
19.94 0.00334192
19.96 -2.45602e-06
19.98 -0.00326835
20 -0.00619242
