0.1 0
0.2 0
0.3 0
0.4 0
0.5 0
0.6 0
0.7 0
0.8 0
0.9 0
1 0
0.02 -8.49538e-06
0.04 -3.1085e-05
0.06 -5.32141e-05
0.08 -6.92764e-05
0.1 -9.00442e-05
0.12 -0.000107365
0.14 -0.000105782
0.16 -9.48966e-05
0.18 -8.20961e-05
0.2 -5.4354e-05
0.22 -1.39423e-05
0.24 2.08002e-05
0.26 5.20824e-05
0.28 9.28854e-05
0.3 0.000132783
0.32 0.00015461
0.34 0.000164511
0.36 0.000171445
0.38 0.000166399
0.4 0.000141136
0.42 0.000103057
0.44 6.33448e-05
0.46 2.19897e-05
0.48 -2.70833e-05
0.5 -8.05819e-05
0.52 -0.000127036
0.54 -0.000162512
0.56 -0.000191496
0.58 -0.000212804
0.6 -0.00021736
0.62 -0.000203551
0.64 -0.000177542
0.66 -0.000141442
0.68 -9.78401e-05
0.7 -4.78041e-05
0.72 9.42663e-06
0.74 6.13306e-05
0.76 0.000102582
0.78 0.000146272
0.8 0.000186265
0.82 0.000203549
0.84 0.00020095
0.86 0.000189356
0.88 0.000165376
0.9 0.000120089
0.92 5.6518e-05
0.94 -1.15355e-05
0.96 -7.59408e-05
0.98 -0.000137743
1 -0.000193456
1.02 -0.000228365
1.04 -0.000233684
1.06 -0.000219925
1.08 -0.000193217
1.1 -0.000144663
1.12 -8.06166e-05
1.14 -2.28039e-05
1.16 2.73382e-05
1.18 8.6502e-05
1.2 0.000144277
1.22 0.000174821
1.24 0.000191479
1.26 0.000216575
1.28 0.000231095
1.3 0.000214684
1.32 0.000186356
1.34 0.000163687
1.36 0.000128112
1.38 7.01559e-05
1.4 1.27034e-05
1.42 -3.65354e-05
1.44 -8.73647e-05
1.46 -0.00013917
1.48 -0.000180061
1.5 -0.00019836
1.52 -0.000195621
1.54 -0.000178992
1.56 -0.000148908
1.58 -0.000102505
1.6 -4.74122e-05
1.62 4.22525e-06
1.64 5.1555e-05
1.66 9.45593e-05
1.68 0.000125792
1.7 0.00014629
1.72 0.00015922
1.74 0.000155468
1.76 0.000135502
1.78 0.000111001
1.8 7.98244e-05
1.82 4.22699e-05
1.84 9.47384e-06
1.86 -2.48745e-05
1.88 -6.29284e-05
1.9 -8.69254e-05
1.92 -9.50585e-05
1.94 -9.78651e-05
1.96 -9.68528e-05
1.98 -8.52714e-05
2 -5.72246e-05
2.02 -2.22962e-05
2.04 7.56523e-06
2.06 3.80434e-05
2.08 7.74437e-05
2.1 0.000111078
2.12 0.000124369
2.14 0.000133816
2.16 0.000148651
2.18 0.000149411
2.2 0.000131737
2.22 0.000112349
2.24 9.3794e-05
2.26 6.46615e-05
2.28 2.14618e-05
2.3 -1.70809e-05
2.32 -3.69102e-05
2.34 -5.10224e-05
2.36 -7.01642e-05
2.38 -8.38575e-05
2.4 -7.9976e-05
2.42 -6.60963e-05
2.44 -5.41592e-05
2.46 -3.67158e-05
2.48 -5.1765e-07
2.5 4.70281e-05
2.52 8.6392e-05
2.54 0.000117666
2.56 0.000156672
2.58 0.000195776
2.6 0.000217457
2.62 0.000229536
2.64 0.000237127
2.66 0.000223069
2.68 0.000184289
2.7 0.000145264
2.72 0.000107827
2.74 4.11707e-05
2.76 -4.9062e-05
2.78 -0.000128329
2.8 -0.000187343
2.82 -0.000233889
2.84 -0.000272546
2.86 -0.000297829
2.88 -0.00029444
2.9 -0.000258186
2.92 -0.000214246
2.94 -0.000171408
2.96 -0.00010167
2.98 -3.37442e-06
3 8.67539e-05
3.02 0.000157093
3.04 0.000221619
3.06 0.000269956
3.08 0.000280035
3.1 0.000257206
3.12 0.000223399
3.14 0.000172186
3.16 9.15155e-05
3.18 6.67823e-06
3.2 -6.21391e-05
3.22 -0.000122404
3.24 -0.00017388
3.26 -0.000202892
3.28 -0.000202707
3.3 -0.000183866
3.32 -0.000168335
3.34 -0.000151562
3.36 -0.000101178
3.38 -3.56282e-05
3.4 -2.27269e-06
3.42 1.67782e-05
3.44 5.24551e-05
3.46 8.37608e-05
3.48 8.62422e-05
3.5 7.84748e-05
3.52 8.28627e-05
3.54 8.57106e-05
3.56 6.55917e-05
3.58 2.323e-05
3.6 -1.49133e-05
3.62 -3.50607e-05
3.64 -5.64154e-05
3.66 -9.21865e-05
3.68 -0.000118086
3.7 -0.000121283
3.72 -0.000128013
3.74 -0.000135928
3.76 -0.000119838
3.78 -9.10585e-05
3.8 -7.10483e-05
3.82 -4.75231e-05
3.84 -3.70578e-06
3.86 4.25993e-05
3.88 7.45976e-05
3.9 0.000107126
3.92 0.000143472
3.94 0.00017125
3.96 0.000194718
3.98 0.000214595
4 0.000221764
4.02 0.000223571
4.04 0.000227105
4.06 0.000219107
4.08 0.00018833
4.1 0.000139909
4.12 8.73027e-05
4.14 3.24879e-05
4.16 -3.67723e-05
4.18 -0.00010894
4.2 -0.000156097
4.22 -0.00017358
4.24 -0.000162221
4.26 -0.000116172
4.28 -4.37844e-05
4.3 3.93899e-05
4.32 0.000126134
4.34 0.000197866
4.36 0.000228515
4.38 0.000208619
4.4 0.000129462
4.42 -2.59901e-05
4.44 -0.000261039
4.46 -0.000547875
4.48 -0.000862368
4.5 -0.00120385
4.52 -0.0015424
4.54 -0.00182419
4.56 -0.00203522
4.58 -0.00218489
4.6 -0.00225961
4.62 -0.00224195
4.64 -0.0021332
4.66 -0.00195076
4.68 -0.00170474
4.7 -0.00138558
4.72 -0.000993507
4.74 -0.000543492
4.76 -4.13224e-05
4.78 0.000514364
4.8 0.00111977
4.82 0.00175879
4.84 0.0024032
4.86 0.00302704
4.88 0.00359166
4.9 0.00403514
4.92 0.00431113
4.94 0.00441202
4.96 0.0043412
4.98 0.00408708
5 0.00363861
5.02 0.00302359
5.04 0.0022959
5.06 0.0014845
5.08 0.000621597
5.1 -0.000225934
5.12 -0.000988408
5.14 -0.00165593
5.16 -0.00226661
5.18 -0.00281061
5.2 -0.00325909
5.22 -0.00362583
5.24 -0.00391881
5.26 -0.00408754
5.28 -0.00408455
5.3 -0.00392543
5.32 -0.00362621
5.34 -0.00318093
5.36 -0.00260551
5.38 -0.00193216
5.4 -0.00118647
5.42 -0.000392651
5.44 0.00041148
5.46 0.00117543
5.48 0.00186041
5.5 0.00244188
5.52 0.00288885
5.54 0.00315861
5.56 0.00322713
5.58 0.00310042
5.6 0.00278884
5.62 0.00231374
5.64 0.00169813
5.66 0.000995756
5.68 0.000307292
5.7 -0.00033585
5.72 -0.000942659
5.74 -0.00143421
5.76 -0.00172531
5.78 -0.0018172
5.8 -0.00174401
5.82 -0.00150837
5.84 -0.00110456
5.86 -0.00057216
5.88 2.65267e-05
5.9 0.000622993
5.92 0.00116961
5.94 0.00166142
5.96 0.00206784
5.98 0.00233883
6 0.0024764
6.02 0.00246793
6.04 0.00226421
6.06 0.00186801
6.08 0.00133615
6.1 0.000708034
6.12 -2.19641e-05
6.14 -0.000810312
6.16 -0.00154171
6.18 -0.00213705
6.2 -0.00259459
6.22 -0.00290483
6.24 -0.003001
6.26 -0.00284191
6.28 -0.00247063
6.3 -0.00194709
6.32 -0.00130112
6.34 -0.000575951
6.36 0.00015736
6.38 0.000834938
6.4 0.0014245
6.42 0.00190648
6.44 0.00222252
6.46 0.00230159
6.48 0.00214589
6.5 0.00180695
6.52 0.00130257
6.54 0.000631683
6.56 -0.000111855
6.58 -0.000769187
6.6 -0.00128819
6.62 -0.00169449
6.64 -0.00192808
6.66 -0.00191228
6.68 -0.00169673
6.7 -0.00136319
6.72 -0.000912065
6.74 -0.000333916
6.76 0.000287325
6.78 0.000847792
6.8 0.00132899
6.82 0.00173982
6.84 0.00204469
6.86 0.00218463
6.88 0.00214804
6.9 0.00197069
6.92 0.00166541
6.94 0.00120114
6.96 0.000591434
6.98 -5.70942e-05
7 -0.000678712
7.02 -0.00127737
7.04 -0.00180885
7.06 -0.00218848
7.08 -0.0023839
7.1 -0.00242894
7.12 -0.00233419
7.14 -0.00206255
7.16 -0.00163051
7.18 -0.00109418
7.2 -0.000483919
7.22 0.000153971
7.24 0.000772003
7.26 0.0013359
7.28 0.00179376
7.3 0.00212635
7.32 0.00234491
7.34 0.00242873
7.36 0.00236227
7.38 0.00216907
7.4 0.00185543
7.42 0.00144006
7.44 0.00100017
7.46 0.000571294
7.48 0.000162741
7.5 -0.000156325
7.52 -0.000359314
7.54 -0.000488345
7.56 -0.000566095
7.58 -0.000612485
7.6 -0.000649219
7.62 -0.000677977
7.64 -0.000693102
7.66 -0.000692471
7.68 -0.000678628
7.7 -0.00065964
7.72 -0.000639937
7.74 -0.000611164
7.76 -0.000572723
7.78 -0.000553852
7.8 -0.00052934
7.82 -0.000436815
7.84 -0.000304178
7.86 -0.000180747
7.88 -6.3001e-05
7.9 7.06671e-05
7.92 0.000202295
7.94 0.000283206
7.96 0.000290178
7.98 0.000242998
8 0.000185201
8.02 0.0001114
8.04 -4.19392e-05
8.06 -0.000281072
8.08 -0.000542927
8.1 -0.000805375
8.12 -0.00108989
8.14 -0.00140878
8.16 -0.00172098
8.18 -0.00193274
8.2 -0.00199571
8.22 -0.00196631
8.24 -0.00190038
8.26 -0.00176557
8.28 -0.00152735
8.3 -0.00123971
8.32 -0.00097488
8.34 -0.000678182
8.36 -0.000233503
8.38 0.000357626
8.4 0.000988452
8.42 0.00163874
8.44 0.00235095
8.46 0.00301001
8.48 0.00346209
8.5 0.00369867
8.52 0.00374943
8.54 0.00359482
8.56 0.00319102
8.58 0.0026099
8.6 0.00195738
8.62 0.00120351
8.64 0.000429594
8.66 -0.000242673
8.68 -0.000846831
8.7 -0.00133185
8.72 -0.00160114
8.74 -0.00170246
8.76 -0.00168234
8.78 -0.00153905
8.8 -0.00128441
8.82 -0.000945127
8.84 -0.000598813
8.86 -0.000284725
8.88 4.8419e-06
8.9 0.000231723
8.92 0.000316555
8.94 0.000207201
8.96 -3.94927e-05
8.98 -0.000352332
9 -0.000749587
9.02 -0.0012477
9.04 -0.00173756
9.06 -0.00210717
9.08 -0.00240482
9.1 -0.0026735
9.12 -0.00282461
9.14 -0.00277357
9.16 -0.00258438
9.18 -0.00232349
9.2 -0.00189597
9.22 -0.00126538
9.24 -0.000568808
9.26 0.000100995
9.28 0.000787699
9.3 0.00146772
9.32 0.00201411
9.34 0.00238779
9.36 0.00264464
9.38 0.00278974
9.4 0.00275299
9.42 0.00255721
9.44 0.00228174
9.46 0.00193172
9.48 0.00143686
9.5 0.000787621
9.52 0.000138604
9.54 -0.00038973
9.56 -0.000792121
9.58 -0.00114402
9.6 -0.0014942
9.62 -0.00174655
9.64 -0.00181908
9.66 -0.0017309
9.68 -0.00156662
9.7 -0.00137606
9.72 -0.00107927
9.74 -0.000677888
9.76 -0.000390811
9.78 -0.000374717
9.8 -0.000504053
9.82 -0.000573999
9.84 -0.000604934
9.86 -0.000767128
9.88 -0.00100041
9.9 -0.00112781
9.92 -0.00117493
9.94 -0.00110746
9.96 -0.000764756
9.98 -0.000193566
10 0.000388875
10.02 0.000829993
10.04 0.00107225
10.06 0.00110309
10.08 0.000877193
10.1 0.000402126
10.12 -8.05096e-05
10.14 -0.000264515
10.16 -0.000210029
10.18 -0.000230717
10.2 -0.000322139
10.22 -0.000331591
10.24 -0.000391762
10.26 -0.000672503
10.28 -0.000993144
10.3 -0.000992547
10.32 -0.000598743
10.34 -1.61091e-05
10.36 0.000671263
10.38 0.00153807
10.4 0.00247776
10.42 0.0032351
10.44 0.00377102
10.46 0.00412156
10.48 0.00409317
10.5 0.00350523
10.52 0.00237187
10.54 0.000773447
10.56 -0.00121192
10.58 -0.00347259
10.6 -0.00571711
10.62 -0.00762811
10.64 -0.00905888
10.66 -0.00979251
10.68 -0.00958627
10.7 -0.00850315
10.72 -0.00675742
10.74 -0.00439206
10.76 -0.00151249
10.78 0.00148325
10.8 0.00420625
10.82 0.00660034
10.84 0.00880571
10.86 0.0106371
10.88 0.0117837
10.9 0.0121972
10.92 0.0119288
10.94 0.0110921
10.96 0.00959357
10.98 0.00727777
11 0.00446733
11.02 0.00162344
11.04 -0.00119499
11.06 -0.00406068
11.08 -0.00662979
11.1 -0.00833623
11.12 -0.00907606
11.14 -0.00910966
11.16 -0.00834831
11.18 -0.00649882
11.2 -0.00372449
11.22 -0.000600378
11.24 0.00243268
11.26 0.00533279
11.28 0.00805362
11.3 0.0102309
11.32 0.0115414
11.34 0.0120112
11.36 0.0118491
11.38 0.0110232
11.4 0.00934023
11.42 0.00692942
11.44 0.00405433
11.46 0.000820906
11.48 -0.00260324
11.5 -0.00597273
11.52 -0.00910713
11.54 -0.0117857
11.56 -0.0137308
11.58 -0.0146902
11.6 -0.0145223
11.62 -0.013228
11.64 -0.0107985
11.66 -0.0073215
11.68 -0.00312223
11.7 0.00140406
11.72 0.0057882
11.74 0.00953156
11.76 0.0123781
11.78 0.0141164
11.8 0.0145228
11.82 0.0137374
11.84 0.0120892
11.86 0.00974284
11.88 0.00680489
11.9 0.00361665
11.92 0.00038623
11.94 -0.00295251
11.96 -0.00622695
11.98 -0.00917673
12 -0.0115694
12.02 -0.0131988
12.04 -0.0140071
12.06 -0.0138817
12.08 -0.0126856
12.1 -0.0105096
12.12 -0.00762379
12.14 -0.00427146
12.16 -0.000677676
12.18 0.00284531
12.2 0.00594863
12.22 0.00837579
12.24 0.0100055
12.26 0.0107614
12.28 0.0105316
12.3 0.00929878
12.32 0.00723441
12.34 0.00452429
12.36 0.00132472
12.38 -0.00207449
12.4 -0.0053205
12.42 -0.00809902
12.44 -0.0100737
12.46 -0.0110161
12.48 -0.0108553
12.5 -0.00966521
12.52 -0.00767233
12.54 -0.00504765
12.56 -0.00197939
12.58 0.00121558
12.6 0.00427828
12.62 0.00708718
12.64 0.00954993
12.66 0.0114401
12.68 0.0124624
12.7 0.0124922
12.72 0.0115433
12.74 0.00960016
12.76 0.00673468
12.78 0.00324884
12.8 -0.000486857
12.82 -0.00417405
12.84 -0.00755592
12.86 -0.0103883
12.88 -0.01241
12.9 -0.0134542
12.92 -0.0135472
12.94 -0.0127793
12.96 -0.0112021
12.98 -0.00890225
13 -0.00611658
13.02 -0.00312962
13.04 -7.92029e-05
13.06 0.00296485
13.08 0.00584188
13.1 0.00835117
13.12 0.0103524
13.14 0.0117239
13.16 0.0122861
13.18 0.0118724
13.2 0.0104591
13.22 0.00823677
13.24 0.00543732
13.26 0.00220292
13.28 -0.00116423
13.3 -0.00419591
13.32 -0.00662634
13.34 -0.00842429
13.36 -0.00946163
13.38 -0.00971266
13.4 -0.009371
13.42 -0.00837135
13.44 -0.00662505
13.46 -0.00440133
13.48 -0.00192163
13.5 0.000845394
13.52 0.00378668
13.54 0.00643106
13.56 0.00835676
13.58 0.00955694
13.6 0.0100976
13.62 0.00987726
13.64 0.00886735
13.66 0.0072293
13.68 0.00518885
13.7 0.0027884
13.72 -2.83537e-06
13.74 -0.0029627
13.76 -0.00579319
13.78 -0.00836132
13.8 -0.0105421
13.82 -0.0120821
13.84 -0.0126858
13.86 -0.0122601
13.88 -0.0110222
13.9 -0.00915442
13.92 -0.00663234
13.94 -0.00356538
13.96 -0.000289943
13.98 0.00289274
14 0.00588701
14.02 0.00861573
14.04 0.0107063
14.06 0.0117466
14.08 0.0117707
14.1 0.0109466
14.12 0.00916143
14.14 0.00643808
14.16 0.00321195
14.18 -0.000113535
14.2 -0.0034222
14.22 -0.0065603
14.24 -0.00912123
14.26 -0.0107615
14.28 -0.0114587
14.3 -0.0112743
14.32 -0.0101779
14.34 -0.00825197
14.36 -0.00581642
14.38 -0.00319245
14.4 -0.000538007
14.42 0.00201929
14.44 0.00431319
14.46 0.00617694
14.48 0.00749646
14.5 0.00825343
14.52 0.00842446
14.54 0.00796797
14.56 0.00693888
14.58 0.00542738
14.6 0.00353926
14.62 0.00147022
14.64 -0.000599905
14.66 -0.00261817
14.68 -0.00451399
14.7 -0.00607866
14.72 -0.00713651
14.74 -0.00763759
14.76 -0.007619
14.78 -0.00709484
14.8 -0.0059708
14.82 -0.00428994
14.84 -0.00235152
14.86 -0.00033636
14.88 0.00180453
14.9 0.00394482
14.92 0.00578319
14.94 0.00721263
14.96 0.00828726
14.98 0.00891867
15 0.00892513
15.02 0.00831491
15.04 0.00718152
15.06 0.00548716
15.08 0.00323658
15.1 0.000664961
15.12 -0.00191441
15.14 -0.00432297
15.16 -0.00639443
15.18 -0.00791704
15.2 -0.00881838
15.22 -0.00907981
15.24 -0.00869377
15.26 -0.00773846
15.28 -0.00628564
15.3 -0.00438212
15.32 -0.00216379
15.34 0.000145799
15.36 0.00236621
15.38 0.0043803
15.4 0.00606726
15.42 0.00729157
15.44 0.00796618
15.46 0.00808822
15.48 0.00765401
15.5 0.00666981
15.52 0.00521999
15.54 0.00338696
15.56 0.00127703
15.58 -0.000938308
15.6 -0.00309953
15.62 -0.00505057
15.64 -0.00663139
15.66 -0.00769004
15.68 -0.00808496
15.7 -0.007756
15.72 -0.00676134
15.74 -0.0052478
15.76 -0.00336825
15.78 -0.00122548
15.8 0.00104133
15.82 0.0031855
15.84 0.00498907
15.86 0.00639376
15.88 0.00733994
15.9 0.00764121
15.92 0.00720113
15.94 0.00614084
15.96 0.00459694
15.98 0.00262892
16 0.000393016
16.02 -0.00182984
16.04 -0.0038199
16.06 -0.00541554
16.08 -0.00645378
16.1 -0.0068399
16.12 -0.00655157
16.14 -0.00567488
16.16 -0.00433043
16.18 -0.00257127
16.2 -0.00056416
16.22 0.00143193
16.24 0.00329491
16.26 0.00494678
16.28 0.00620888
16.3 0.0069521
16.32 0.00718427
16.34 0.0068974
16.36 0.00608372
16.38 0.00484454
16.4 0.00330452
16.42 0.00158542
16.44 -0.000155366
16.46 -0.0017811
16.48 -0.00319874
16.5 -0.00431643
16.52 -0.00506136
16.54 -0.00536904
16.56 -0.00521922
16.58 -0.00467067
16.6 -0.00373179
16.62 -0.00244691
16.64 -0.000999356
16.66 0.000444811
16.68 0.00176962
16.7 0.00286117
16.72 0.00364817
16.74 0.00408544
16.76 0.00415304
16.78 0.0038983
16.8 0.00339416
16.82 0.00269308
16.84 0.00184372
16.86 0.000900528
16.88 -5.58827e-05
16.9 -0.00092921
16.92 -0.00166217
16.94 -0.00222404
16.96 -0.00256489
16.98 -0.00261488
17 -0.00236198
17.02 -0.00188072
17.04 -0.00120501
17.06 -0.000324726
17.08 0.000661251
17.1 0.00161626
17.12 0.00248929
17.14 0.00325036
17.16 0.00380137
17.18 0.00405874
17.2 0.00403748
17.22 0.00372837
17.24 0.00311898
17.26 0.00225289
17.28 0.00116289
17.3 -7.91843e-05
17.32 -0.00134598
17.34 -0.00253314
17.36 -0.00355843
17.38 -0.00436022
17.4 -0.0048692
17.42 -0.00498201
17.44 -0.00468757
17.46 -0.00405243
17.48 -0.0031182
17.5 -0.00194672
17.52 -0.000644982
17.54 0.000673393
17.56 0.00188754
17.58 0.0028871
17.6 0.00365559
17.62 0.00419299
17.64 0.00443706
17.66 0.00435198
17.68 0.00398973
17.7 0.00345687
17.72 0.00274785
17.74 0.00177345
17.76 0.00062752
17.78 -0.000480495
17.8 -0.00153053
17.82 -0.00259884
17.84 -0.00356242
17.86 -0.00419822
17.88 -0.00444988
17.9 -0.00439613
17.92 -0.00402118
17.94 -0.00319642
17.96 -0.00196173
17.98 -0.000573257
18 0.000803087
18.02 0.00214966
18.04 0.00339822
18.06 0.00436343
18.08 0.00488823
18.1 0.00498158
18.12 0.00474685
18.14 0.00419639
18.16 0.00326075
18.18 0.00201867
18.2 0.000671287
18.22 -0.000660491
18.24 -0.0019339
18.26 -0.00310612
18.28 -0.0040557
18.3 -0.00462574
18.32 -0.00479968
18.34 -0.00464606
18.36 -0.00415109
18.38 -0.00325696
18.4 -0.0020073
18.42 -0.000562232
18.44 0.000914932
18.46 0.00233363
18.48 0.00360872
18.5 0.00455091
18.52 0.00501331
18.54 0.00502117
18.56 0.00460697
18.58 0.00373813
18.6 0.002449
18.62 0.000880954
18.64 -0.000827817
18.66 -0.00258968
18.68 -0.0043
18.7 -0.00578752
18.72 -0.00687337
18.74 -0.00749369
18.76 -0.00765377
18.78 -0.00728595
18.8 -0.00633934
18.82 -0.00493488
18.84 -0.00324805
18.86 -0.00135989
18.88 0.000614787
18.9 0.00245042
18.92 0.00396294
18.94 0.00506943
18.96 0.00571238
18.98 0.00583819
19 0.00543387
19.02 0.0045656
19.04 0.00336116
19.06 0.00192543
19.08 0.000361082
19.1 -0.00116151
19.12 -0.00249076
19.14 -0.00355667
19.16 -0.00428289
19.18 -0.00458557
19.2 -0.00446346
19.22 -0.00394137
19.24 -0.00304753
19.26 -0.00189801
19.28 -0.000608144
19.3 0.000774431
19.32 0.00212192
19.34 0.00323147
19.36 0.0040146
19.38 0.00448832
19.4 0.00463266
19.42 0.00436896
19.44 0.00368472
19.46 0.00271611
19.48 0.00162695
19.5 0.000433529
19.52 -0.000904248
19.54 -0.00221738
19.56 -0.00329127
19.58 -0.00416687
19.6 -0.00490254
19.62 -0.00532059
19.64 -0.00525989
19.66 -0.00479368
19.68 -0.00400695
19.7 -0.00286058
19.72 -0.00140562
19.74 0.000138448
19.76 0.00161641
19.78 0.00300098
19.8 0.00416802
19.82 0.0049275
19.84 0.00528674
19.86 0.00532326
19.88 0.00494389
19.9 0.00409089
19.92 0.0029051
19.94 0.00153136
19.96 2.66129e-05
19.98 -0.00151174
20 -0.00291859
