0.1 0 -8e-06 0
0.2 0 -1.6e-05 0
0.3 0 -2.4e-05 0
0.4 0 -3.2e-05 0
0.5 0 -4e-05 0
0.6 0 -4.8e-05 0
0.7 0 -5.6e-05 0
0.8 0 -6.4e-05 0
0.9 0 -7.2e-05 0
1 0 -8e-05 0
0.02 -2.54861e-05 -8e-05 9.5259e-06
0.04 -9.32549e-05 -8e-05 4.0377e-05
0.06 -0.000159642 -8e-05 8.41746e-05
0.08 -0.000207829 -8e-05 0.000127131
0.1 -0.000270133 -8e-05 0.000165224
0.12 -0.000322095 -8e-05 0.000188691
0.14 -0.000317346 -8e-05 0.000187364
0.16 -0.00028469 -8e-05 0.000169638
0.18 -0.000246288 -8e-05 0.000142962
0.2 -0.000163062 -8e-05 9.80432e-05
0.22 -4.18269e-05 -8e-05 3.38904e-05
0.24 6.24007e-05 -8e-05 -3.41891e-05
0.26 0.000156247 -8e-05 -9.86322e-05
0.28 0.000278656 -8e-05 -0.000163305
0.3 0.000398349 -8e-05 -0.000223776
0.32 0.00046383 -8e-05 -0.000268764
0.34 0.000493533 -8e-05 -0.000295777
0.36 0.000514336 -8e-05 -0.000304893
0.38 0.000499197 -8e-05 -0.000290414
0.4 0.000423409 -8e-05 -0.000249115
0.42 0.000309172 -8e-05 -0.000186295
0.44 0.000190034 -8e-05 -0.000112074
0.46 6.59691e-05 -8e-05 -3.35096e-05
0.48 -8.12498e-05 -8e-05 4.86433e-05
0.5 -0.000241746 -8e-05 0.000133904
0.52 -0.000381109 -8e-05 0.000216212
0.54 -0.000487537 -8e-05 0.000287346
0.56 -0.000574488 -8e-05 0.000341392
0.58 -0.000638412 -8e-05 0.000373656
0.6 -0.00065208 -8e-05 0.00037923
0.62 -0.000610653 -8e-05 0.000358173
0.64 -0.000532627 -8e-05 0.000314226
0.66 -0.000424327 -8e-05 0.00024941
0.68 -0.00029352 -8e-05 0.000169927
0.7 -0.000143412 -8e-05 8.17657e-05
0.72 2.82799e-05 -8e-05 -1.39603e-05
0.74 0.000183992 -8e-05 -0.000106149
0.76 0.000307747 -8e-05 -0.000184985
0.78 0.000438817 -8e-05 -0.000256687
0.8 0.000558796 -8e-05 -0.000318987
0.82 0.000610648 -8e-05 -0.000356991
0.84 0.00060285 -8e-05 -0.000363833
0.86 0.000568068 -8e-05 -0.000340485
0.88 0.000496128 -8e-05 -0.000288494
0.9 0.000360267 -8e-05 -0.00020931
0.92 0.000169554 -8e-05 -0.000106533
0.94 -3.46066e-05 -8e-05 1.13707e-05
0.96 -0.000227823 -8e-05 0.000133077
0.98 -0.00041323 -8e-05 0.000247545
1 -0.000580368 -8e-05 0.00034307
1.02 -0.000685094 -8e-05 0.0004043
1.04 -0.000701053 -8e-05 0.000419865
1.06 -0.000659776 -8e-05 0.000394677
1.08 -0.00057965 -8e-05 0.000338243
1.1 -0.00043399 -8e-05 0.000252042
1.12 -0.00024185 -8e-05 0.00014499
1.14 -6.84116e-05 -8e-05 3.80397e-05
1.16 8.20147e-05 -8e-05 -5.82275e-05
1.18 0.000259506 -8e-05 -0.000152302
1.2 0.000432832 -8e-05 -0.000241975
1.22 0.000524462 -8e-05 -0.000307533
1.24 0.000574436 -8e-05 -0.000348196
1.26 0.000649724 -8e-05 -0.00037753
1.28 0.000693286 -8e-05 -0.000390872
1.3 0.000644051 -8e-05 -0.000376185
1.32 0.000559069 -8e-05 -0.000338474
1.34 0.000491061 -8e-05 -0.000287391
1.36 0.000384336 -8e-05 -0.000216999
1.38 0.000210468 -8e-05 -0.000125312
1.4 3.81103e-05 -8e-05 -2.8302e-05
1.42 -0.000109606 -8e-05 6.59594e-05
1.44 -0.000262094 -8e-05 0.000157465
1.46 -0.00041751 -8e-05 0.000242084
1.48 -0.000540183 -8e-05 0.000311673
1.5 -0.00059508 -8e-05 0.000353124
1.52 -0.000586863 -8e-05 0.00035706
1.54 -0.000536977 -8e-05 0.000323415
1.56 -0.000446724 -8e-05 0.000259487
1.58 -0.000307516 -8e-05 0.000174906
1.6 -0.000142237 -8e-05 8.20523e-05
1.62 1.26758e-05 -8e-05 -7.88692e-06
1.64 0.000154665 -8e-05 -9.21846e-05
1.66 0.000283678 -8e-05 -0.00016755
1.68 0.000377377 -8e-05 -0.000224265
1.7 0.000438869 -8e-05 -0.000260238
1.72 0.000477659 -8e-05 -0.000278541
1.74 0.000466403 -8e-05 -0.000273301
1.76 0.000406506 -8e-05 -0.000243209
1.78 0.000333002 -8e-05 -0.00019699
1.8 0.000239473 -8e-05 -0.000137433
1.82 0.00012681 -8e-05 -7.09924e-05
1.84 2.84215e-05 -8e-05 -1.15797e-05
1.86 -7.46235e-05 -8e-05 4.46658e-05
1.88 -0.000188785 -8e-05 0.000103485
1.9 -0.000260776 -8e-05 0.000151633
1.92 -0.000285175 -8e-05 0.000178523
1.94 -0.000293595 -8e-05 0.000182737
1.96 -0.000290558 -8e-05 0.000168392
1.98 -0.000255814 -8e-05 0.000141657
2 -0.000171674 -8e-05 0.000101738
2.02 -6.68885e-05 -8e-05 4.94969e-05
2.04 2.26957e-05 -8e-05 -8.92302e-06
2.06 0.00011413 -8e-05 -7.09275e-05
2.08 0.000232331 -8e-05 -0.000136125
2.1 0.000333233 -8e-05 -0.00019195
2.12 0.000373108 -8e-05 -0.000223747
2.14 0.000401447 -8e-05 -0.000239887
2.16 0.000445953 -8e-05 -0.000252015
2.18 0.000448232 -8e-05 -0.00025288
2.2 0.00039521 -8e-05 -0.000236255
2.22 0.000337047 -8e-05 -0.000205843
2.24 0.000281382 -8e-05 -0.000163272
2.26 0.000193985 -8e-05 -0.000107931
2.28 6.43855e-05 -8e-05 -4.03531e-05
2.3 -5.12427e-05 -8e-05 2.63053e-05
2.32 -0.000110731 -8e-05 7.47554e-05
2.34 -0.000153067 -8e-05 0.000103805
2.36 -0.000210493 -8e-05 0.000122157
2.38 -0.000251572 -8e-05 0.000134578
2.4 -0.000239928 -8e-05 0.000137608
2.42 -0.000198289 -8e-05 0.000127617
2.44 -0.000162478 -8e-05 0.000104191
2.46 -0.000110147 -8e-05 6.41104e-05
2.48 -1.55295e-06 -8e-05 3.27006e-06
2.5 0.000141084 -8e-05 -7.2746e-05
2.52 0.000259176 -8e-05 -0.000147892
2.54 0.000352998 -8e-05 -0.000213119
2.56 0.000470017 -8e-05 -0.000274487
2.58 0.000587327 -8e-05 -0.00033105
2.6 0.000652371 -8e-05 -0.000373889
2.62 0.000688609 -8e-05 -0.000404125
2.64 0.000711381 -8e-05 -0.000417824
2.66 0.000669206 -8e-05 -0.000396294
2.68 0.000552866 -8e-05 -0.000333367
2.7 0.000435791 -8e-05 -0.000252946
2.72 0.00032348 -8e-05 -0.000172391
2.74 0.000123512 -8e-05 -7.32603e-05
2.76 -0.000147186 -8e-05 5.69496e-05
2.78 -0.000384988 -8e-05 0.000204262
2.8 -0.000562029 -8e-05 0.000342393
2.82 -0.000701667 -8e-05 0.00044112
2.84 -0.000817637 -8e-05 0.000489879
2.86 -0.000893488 -8e-05 0.0005043
2.88 -0.00088332 -8e-05 0.000496534
2.9 -0.000774559 -8e-05 0.00046007
2.92 -0.000642738 -8e-05 0.000394721
2.94 -0.000514224 -8e-05 0.000302918
2.96 -0.00030501 -8e-05 0.000174757
2.98 -1.01233e-05 -8e-05 1.53044e-05
3 0.000260262 -8e-05 -0.00014536
3.02 0.00047128 -8e-05 -0.000286218
3.04 0.000664857 -8e-05 -0.000401557
3.06 0.000809867 -8e-05 -0.00047734
3.08 0.000840106 -8e-05 -0.000497226
3.1 0.000771617 -8e-05 -0.000463388
3.12 0.000670198 -8e-05 -0.000394967
3.14 0.000516558 -8e-05 -0.00029695
3.16 0.000274547 -8e-05 -0.000165598
3.18 2.00347e-05 -8e-05 -2.02655e-05
3.2 -0.000186417 -8e-05 0.000115577
3.22 -0.000367212 -8e-05 0.000230702
3.24 -0.000521639 -8e-05 0.000314339
3.26 -0.000608675 -8e-05 0.000357819
3.28 -0.00060812 -8e-05 0.000359818
3.3 -0.000551597 -8e-05 0.000328762
3.32 -0.000505004 -8e-05 0.000288235
3.34 -0.000454685 -8e-05 0.000248542
3.36 -0.000303534 -8e-05 0.000183475
3.38 -0.000106885 -8e-05 8.88711e-05
3.4 -6.81807e-06 -8e-05 1.27402e-06
3.42 5.03345e-05 -8e-05 -6.36095e-05
3.44 0.000157365 -8e-05 -0.000109301
3.46 0.000251282 -8e-05 -0.000133616
3.48 0.000258727 -8e-05 -0.000139192
3.5 0.000235425 -8e-05 -0.000141394
3.52 0.000248588 -8e-05 -0.000148519
3.54 0.000257132 -8e-05 -0.000147765
3.56 0.000196775 -8e-05 -0.000121231
3.58 6.96901e-05 -8e-05 -6.02375e-05
3.6 -4.47399e-05 -8e-05 1.71994e-05
3.62 -0.000105182 -8e-05 8.0836e-05
3.64 -0.000169246 -8e-05 0.00012196
3.66 -0.000276559 -8e-05 0.000154411
3.68 -0.000354258 -8e-05 0.000183216
3.7 -0.000363848 -8e-05 0.000207131
3.72 -0.000384038 -8e-05 0.000233238
3.74 -0.000407785 -8e-05 0.000245456
3.76 -0.000359515 -8e-05 0.000219011
3.78 -0.000273175 -8e-05 0.000165159
3.8 -0.000213145 -8e-05 0.000113068
3.82 -0.000142569 -8e-05 6.78414e-05
3.84 -1.11173e-05 -8e-05 1.36028e-05
3.86 0.000127798 -8e-05 -5.32346e-05
3.88 0.000223793 -8e-05 -0.000124732
3.9 0.000321379 -8e-05 -0.00019757
3.92 0.000430417 -8e-05 -0.000258996
3.94 0.000513751 -8e-05 -0.000298422
3.96 0.000584153 -8e-05 -0.000329482
3.98 0.000643784 -8e-05 -0.000361914
4 0.000665293 -8e-05 -0.000386042
4.02 0.000670714 -8e-05 -0.000396903
4.04 0.000681316 -8e-05 -0.000395556
4.06 0.00065732 -8e-05 -0.000376311
4.08 0.000564989 -8e-05 -0.00033161
4.1 0.000419727 -8e-05 -0.00025762
4.12 0.000261908 -8e-05 -0.000160651
4.14 9.74636e-05 -8e-05 -5.15913e-05
4.16 -0.000110317 -8e-05 6.76677e-05
4.18 -0.00032682 -8e-05 0.000185674
4.2 -0.000468292 -8e-05 0.000277453
4.22 -0.000520741 -8e-05 0.000325006
4.24 -0.000486663 -8e-05 0.000311491
4.26 -0.000348516 -8e-05 0.000226225
4.28 -0.000131353 -8e-05 8.63182e-05
4.3 0.00011817 -8e-05 -7.43228e-05
4.32 0.000378401 -8e-05 -0.000229977
4.34 0.000593597 -8e-05 -0.00035466
4.36 0.000685545 -8e-05 -0.00041821
4.38 0.000625857 -8e-05 -0.000398185
4.4 0.000388386 -8e-05 -0.000270883
4.42 -7.79704e-05 -8e-05 -9.92652e-06
4.44 -0.000783117 -8e-05 0.000393303
4.46 -0.00164362 -8e-05 0.00090655
4.48 -0.0025871 -8e-05 0.0014792
4.5 -0.00361154 -8e-05 0.00207671
4.52 -0.00462721 -8e-05 0.00265684
4.54 -0.00547258 -8e-05 0.00316115
4.56 -0.00610567 -8e-05 0.00355063
4.58 -0.00655468 -8e-05 0.00380835
4.6 -0.00677883 -8e-05 0.00392161
4.62 -0.00672585 -8e-05 0.00388727
4.64 -0.0063996 -8e-05 0.00370921
4.66 -0.00585228 -8e-05 0.00339721
4.68 -0.00511422 -8e-05 0.00296292
4.7 -0.00415674 -8e-05 0.00240947
4.72 -0.00298052 -8e-05 0.00174233
4.74 -0.00163047 -8e-05 0.000971951
4.76 -0.000123967 -8e-05 0.000104333
4.78 0.00154309 -8e-05 -0.000854503
4.8 0.0033593 -8e-05 -0.00189439
4.82 0.00527637 -8e-05 -0.00299588
4.84 0.00720959 -8e-05 -0.00412099
4.86 0.00908111 -8e-05 -0.00521908
4.88 0.010775 -8e-05 -0.00621819
4.9 0.0121054 -8e-05 -0.00701863
4.92 0.0129334 -8e-05 -0.00752863
4.94 0.013236 -8e-05 -0.00770475
4.96 0.0130236 -8e-05 -0.00755235
4.98 0.0122612 -8e-05 -0.00709285
5 0.0109158 -8e-05 -0.00633577
5.02 0.00907077 -8e-05 -0.00529618
5.04 0.0068877 -8e-05 -0.00401994
5.06 0.00445351 -8e-05 -0.00257309
5.08 0.00186479 -8e-05 -0.00104904
5.1 -0.000677803 -8e-05 0.000435766
5.12 -0.00296522 -8e-05 0.00177436
5.14 -0.0049678 -8e-05 0.00292549
5.16 -0.00679982 -8e-05 0.00392873
5.18 -0.00843184 -8e-05 0.00482182
5.2 -0.00977726 -8e-05 0.00560971
5.22 -0.0108775 -8e-05 0.00628157
5.24 -0.0117564 -8e-05 0.00680164
5.26 -0.0122626 -8e-05 0.00709967
5.28 -0.0122536 -8e-05 0.00711526
5.3 -0.0117763 -8e-05 0.00684437
5.32 -0.0108786 -8e-05 0.00630575
5.34 -0.00954279 -8e-05 0.00552111
5.36 -0.00781652 -8e-05 0.00452814
5.38 -0.00579649 -8e-05 0.00336721
5.4 -0.0035594 -8e-05 0.00207336
5.42 -0.00117795 -8e-05 0.000689866
5.44 0.00123444 -8e-05 -0.000718167
5.46 0.00352629 -8e-05 -0.00206486
5.48 0.00558122 -8e-05 -0.00327012
5.5 0.00732563 -8e-05 -0.00427752
5.52 0.00866654 -8e-05 -0.00504493
5.54 0.00947584 -8e-05 -0.00552463
5.56 0.0096814 -8e-05 -0.00567092
5.58 0.00930127 -8e-05 -0.00546131
5.6 0.00836652 -8e-05 -0.00490301
5.62 0.00694123 -8e-05 -0.0040475
5.64 0.00509438 -8e-05 -0.00296225
5.66 0.00298727 -8e-05 -0.00173472
5.68 0.000921877 -8e-05 -0.000499409
5.7 -0.00100755 -8e-05 0.000651285
5.72 -0.00282798 -8e-05 0.00168218
5.74 -0.00430263 -8e-05 0.00252162
5.76 -0.00517593 -8e-05 0.00307632
5.78 -0.0054516 -8e-05 0.00328621
5.8 -0.00523202 -8e-05 0.00313979
5.82 -0.00452512 -8e-05 0.00267012
5.84 -0.00331369 -8e-05 0.00193996
5.86 -0.00171648 -8e-05 0.00102625
5.88 7.958e-05 -8e-05 -5.19725e-06
5.9 0.00186898 -8e-05 -0.00107209
5.92 0.00350883 -8e-05 -0.00207309
5.94 0.00498427 -8e-05 -0.00293861
5.96 0.00620352 -8e-05 -0.00361854
5.98 0.0070165 -8e-05 -0.00407823
6 0.0074292 -8e-05 -0.00432298
6.02 0.00740378 -8e-05 -0.00432819
6.04 0.00679264 -8e-05 -0.00401828
6.06 0.00560403 -8e-05 -0.00335596
6.08 0.00400846 -8e-05 -0.00239181
6.1 0.0021241 -8e-05 -0.00122974
6.12 -6.58923e-05 -8e-05 5.02188e-05
6.14 -0.00243094 -8e-05 0.00137965
6.16 -0.00462512 -8e-05 0.0026573
6.18 -0.00641114 -8e-05 0.00376534
6.2 -0.00778376 -8e-05 0.00460922
6.22 -0.0087145 -8e-05 0.005125
6.24 -0.00900301 -8e-05 0.00526356
6.26 -0.00852574 -8e-05 0.00500535
6.28 -0.00741188 -8e-05 0.00437915
6.3 -0.00584126 -8e-05 0.00344288
6.32 -0.00390335 -8e-05 0.00227389
6.34 -0.00172785 -8e-05 0.000982879
6.36 0.00047208 -8e-05 -0.000306435
6.38 0.00250481 -8e-05 -0.00149367
6.4 0.0042735 -8e-05 -0.00251889
6.42 0.00571943 -8e-05 -0.00334772
6.44 0.00666757 -8e-05 -0.0039139
6.46 0.00690477 -8e-05 -0.00411138
6.48 0.00643767 -8e-05 -0.00387809
6.5 0.00542085 -8e-05 -0.00324343
6.52 0.00390771 -8e-05 -0.00229072
6.54 0.00189505 -8e-05 -0.00110795
6.56 -0.000335566 -8e-05 0.000175862
6.58 -0.00230756 -8e-05 0.001377
6.6 -0.00386457 -8e-05 0.00235685
6.62 -0.00508346 -8e-05 0.00305552
6.64 -0.00578423 -8e-05 0.00341568
6.66 -0.00573683 -8e-05 0.00339579
6.68 -0.0050902 -8e-05 0.00303813
6.7 -0.00408956 -8e-05 0.00242235
6.72 -0.00273619 -8e-05 0.00159877
6.74 -0.00100175 -8e-05 0.000605821
6.76 0.000861974 -8e-05 -0.000467229
6.78 0.00254338 -8e-05 -0.00149533
6.8 0.00398697 -8e-05 -0.00238508
6.82 0.00521947 -8e-05 -0.0030846
6.84 0.00613408 -8e-05 -0.00356806
6.86 0.00655388 -8e-05 -0.00381162
6.88 0.00644412 -8e-05 -0.00379291
6.9 0.00591206 -8e-05 -0.00350428
6.92 0.00499623 -8e-05 -0.00294927
6.94 0.00360342 -8e-05 -0.00212987
6.96 0.0017743 -8e-05 -0.00108271
6.98 -0.000171283 -8e-05 7.37359e-05
7 -0.00203614 -8e-05 0.00121706
7.02 -0.00383211 -8e-05 0.00227264
7.04 -0.00542656 -8e-05 0.0031694
7.06 -0.00656543 -8e-05 0.00383212
7.08 -0.0071517 -8e-05 0.00420949
7.1 -0.00728682 -8e-05 0.00429463
7.12 -0.00700258 -8e-05 0.00409653
7.14 -0.00618765 -8e-05 0.00361376
7.16 -0.00489154 -8e-05 0.00287869
7.18 -0.00328255 -8e-05 0.00194579
7.2 -0.00145176 -8e-05 0.000864632
7.22 0.000461913 -8e-05 -0.000276349
7.24 0.00231601 -8e-05 -0.00137668
7.26 0.0040077 -8e-05 -0.00235965
7.28 0.00538129 -8e-05 -0.00315479
7.3 0.00637906 -8e-05 -0.00373154
7.32 0.00703474 -8e-05 -0.00409668
7.34 0.0072862 -8e-05 -0.00423834
7.36 0.00708682 -8e-05 -0.00414001
7.38 0.00650721 -8e-05 -0.00381071
7.4 0.00556629 -8e-05 -0.00325756
7.42 0.00432017 -8e-05 -0.00251875
7.44 0.0030005 -8e-05 -0.00170807
7.46 0.00171388 -8e-05 -0.000923712
7.48 0.000488224 -8e-05 -0.000222248
7.5 -0.000468976 -8e-05 0.000324298
7.52 -0.00107794 -8e-05 0.000686723
7.54 -0.00146503 -8e-05 0.000896367
7.56 -0.00169828 -8e-05 0.000993293
7.58 -0.00183745 -8e-05 0.00103811
7.6 -0.00194766 -8e-05 0.00108823
7.62 -0.00203393 -8e-05 0.00115487
7.64 -0.00207931 -8e-05 0.00121093
7.66 -0.00207741 -8e-05 0.00122338
7.68 -0.00203589 -8e-05 0.00118435
7.7 -0.00197892 -8e-05 0.00112151
7.72 -0.00191981 -8e-05 0.00107094
7.74 -0.00183349 -8e-05 0.00103752
7.76 -0.00171817 -8e-05 0.00100087
7.78 -0.00166155 -8e-05 0.000963876
7.8 -0.00158802 -8e-05 0.000907365
7.82 -0.00131044 -8e-05 0.000776644
7.84 -0.000912534 -8e-05 0.000570445
7.86 -0.000542242 -8e-05 0.00032467
7.88 -0.000189003 -8e-05 7.57273e-05
7.9 0.000212001 -8e-05 -0.000153669
7.92 0.000606886 -8e-05 -0.000349542
7.94 0.000849618 -8e-05 -0.000489977
7.96 0.000870533 -8e-05 -0.000542969
7.98 0.000728995 -8e-05 -0.000485961
8 0.000555604 -8e-05 -0.000347214
8.02 0.000334201 -8e-05 -0.000167429
8.04 -0.000125818 -8e-05 7.16753e-05
8.06 -0.000843216 -8e-05 0.00041044
8.08 -0.00162878 -8e-05 0.000852907
8.1 -0.00241612 -8e-05 0.00137158
8.12 -0.00326968 -8e-05 0.00191429
8.14 -0.00422634 -8e-05 0.00244399
8.16 -0.00516294 -8e-05 0.00294075
8.18 -0.00579821 -8e-05 0.00333925
8.2 -0.00598712 -8e-05 0.00354113
8.22 -0.00589894 -8e-05 0.00351156
8.24 -0.00570115 -8e-05 0.00330316
8.26 -0.0052967 -8e-05 0.00298704
8.28 -0.00458204 -8e-05 0.00260463
8.3 -0.00371914 -8e-05 0.00217638
8.32 -0.00292464 -8e-05 0.00171576
8.34 -0.00203455 -8e-05 0.00117759
8.36 -0.00070051 -8e-05 0.000463145
8.38 0.00107288 -8e-05 -0.000482354
8.4 0.00296536 -8e-05 -0.00160704
8.42 0.00491623 -8e-05 -0.00283153
8.44 0.00705286 -8e-05 -0.0040891
8.46 0.00903003 -8e-05 -0.00522556
8.48 0.0103863 -8e-05 -0.00606615
8.5 0.011096 -8e-05 -0.00653032
8.52 0.0112483 -8e-05 -0.0065961
8.54 0.0107845 -8e-05 -0.00627284
8.56 0.00957307 -8e-05 -0.00557233
8.58 0.00782971 -8e-05 -0.00457626
8.6 0.00587213 -8e-05 -0.00340212
8.62 0.00361053 -8e-05 -0.00207722
8.64 0.00128878 -8e-05 -0.000720801
8.66 -0.000728019 -8e-05 0.000502569
8.68 -0.00254049 -8e-05 0.00155684
8.7 -0.00399556 -8e-05 0.00237413
8.72 -0.00480342 -8e-05 0.00286421
8.74 -0.00510738 -8e-05 0.00304751
8.76 -0.00504703 -8e-05 0.00296958
8.78 -0.00461715 -8e-05 0.00267739
8.8 -0.00385324 -8e-05 0.00222928
8.82 -0.00283538 -8e-05 0.00166153
8.84 -0.00179644 -8e-05 0.00104437
8.86 -0.000854174 -8e-05 0.000449448
8.88 1.45257e-05 -8e-05 -7.31753e-05
8.9 0.000695168 -8e-05 -0.000459688
8.92 0.000949664 -8e-05 -0.000627344
8.94 0.000621603 -8e-05 -0.000492987
8.96 -0.000118478 -8e-05 -6.51899e-05
8.98 -0.001057 -8e-05 0.000563592
9 -0.00224876 -8e-05 0.00131315
9.02 -0.00374309 -8e-05 0.00213942
9.04 -0.00521268 -8e-05 0.00295974
9.06 -0.00632152 -8e-05 0.00366604
9.08 -0.00721445 -8e-05 0.00423015
9.1 -0.00802049 -8e-05 0.00465119
9.12 -0.00847384 -8e-05 0.00488053
9.14 -0.00832071 -8e-05 0.00485047
9.16 -0.00775315 -8e-05 0.00456578
9.18 -0.00697046 -8e-05 0.00406536
9.2 -0.0056879 -8e-05 0.00330648
9.22 -0.00379615 -8e-05 0.0022695
9.24 -0.00170642 -8e-05 0.00105631
9.26 0.000302985 -8e-05 -0.000202158
9.28 0.0023631 -8e-05 -0.00143666
9.3 0.00440316 -8e-05 -0.00257303
9.32 0.00604232 -8e-05 -0.00350895
9.34 0.00716337 -8e-05 -0.00419741
9.36 0.00793392 -8e-05 -0.0046485
9.38 0.00836922 -8e-05 -0.00486265
9.4 0.00825896 -8e-05 -0.00480064
9.42 0.00767162 -8e-05 -0.00448225
9.44 0.00684521 -8e-05 -0.00397768
9.46 0.00579516 -8e-05 -0.0033305
9.48 0.00431059 -8e-05 -0.00250915
9.5 0.00236286 -8e-05 -0.00146691
9.52 0.000415812 -8e-05 -0.000303297
9.54 -0.00116919 -8e-05 0.000781038
9.56 -0.00237636 -8e-05 0.0015914
9.58 -0.00343205 -8e-05 0.00210468
9.6 -0.0044826 -8e-05 0.00249067
9.62 -0.00523964 -8e-05 0.00286419
9.64 -0.00545724 -8e-05 0.00316877
9.66 -0.00519269 -8e-05 0.00322019
9.68 -0.00469985 -8e-05 0.00291594
9.7 -0.00412819 -8e-05 0.00236438
9.72 -0.0032378 -8e-05 0.00171924
9.74 -0.00203367 -8e-05 0.00110108
9.76 -0.00117243 -8e-05 0.000660057
9.78 -0.00112415 -8e-05 0.000525404
9.8 -0.00151216 -8e-05 0.000680668
9.82 -0.001722 -8e-05 0.000954384
9.84 -0.0018148 -8e-05 0.00119174
9.86 -0.00230138 -8e-05 0.00140266
9.88 -0.00300123 -8e-05 0.00161845
9.9 -0.00338342 -8e-05 0.00183329
9.92 -0.00352479 -8e-05 0.00205463
9.94 -0.00332239 -8e-05 0.00208944
9.96 -0.00229427 -8e-05 0.00161189
9.98 -0.000580699 -8e-05 0.00057447
10 0.00116663 -8e-05 -0.000700374
10.02 0.00248998 -8e-05 -0.00174661
10.04 0.00321675 -8e-05 -0.00221962
10.06 0.00330928 -8e-05 -0.00208172
10.08 0.00263158 -8e-05 -0.00149908
10.1 0.00120638 -8e-05 -0.000668243
10.12 -0.000241529 -8e-05 0.000148574
10.14 -0.000793546 -8e-05 0.000621852
10.16 -0.000630086 -8e-05 0.000644583
10.18 -0.000692152 -8e-05 0.000462773
10.2 -0.000966416 -8e-05 0.00032546
10.22 -0.000994774 -8e-05 0.000353986
10.24 -0.00117529 -8e-05 0.000643429
10.26 -0.00201751 -8e-05 0.00118175
10.28 -0.00297943 -8e-05 0.0017293
10.3 -0.00297764 -8e-05 0.00189126
10.32 -0.00179623 -8e-05 0.001408
10.34 -4.83273e-05 -8e-05 0.000320725
10.36 0.00201379 -8e-05 -0.00115308
10.38 0.00461422 -8e-05 -0.00278545
10.4 0.00743329 -8e-05 -0.00433682
10.42 0.0097053 -8e-05 -0.00560626
10.44 0.0113131 -8e-05 -0.00657346
10.46 0.0123647 -8e-05 -0.00722173
10.48 0.0122795 -8e-05 -0.0072888
10.5 0.0105157 -8e-05 -0.00645174
10.52 0.0071156 -8e-05 -0.00455498
10.54 0.00232034 -8e-05 -0.00166141
10.56 -0.00363577 -8e-05 0.00196693
10.58 -0.0104178 -8e-05 0.00597937
10.6 -0.0171513 -8e-05 0.00992969
10.62 -0.0228843 -8e-05 0.0133683
10.64 -0.0271766 -8e-05 0.0159665
10.66 -0.0293775 -8e-05 0.0173439
10.68 -0.0287588 -8e-05 0.0171169
10.7 -0.0255095 -8e-05 0.0152339
10.72 -0.0202723 -8e-05 0.0119811
10.74 -0.0131762 -8e-05 0.0076883
10.76 -0.00453746 -8e-05 0.00269884
10.78 0.00444974 -8e-05 -0.00251531
10.8 0.0126187 -8e-05 -0.00743919
10.82 0.019801 -8e-05 -0.0117401
10.84 0.0264171 -8e-05 -0.0153946
10.86 0.0319112 -8e-05 -0.01836
10.88 0.0353511 -8e-05 -0.0204615
10.9 0.0365915 -8e-05 -0.0214721
10.92 0.0357865 -8e-05 -0.0211371
10.94 0.0332764 -8e-05 -0.0194881
10.96 0.0287807 -8e-05 -0.0166725
10.98 0.0218333 -8e-05 -0.0127571
11 0.013402 -8e-05 -0.00801012
11.02 0.00487033 -8e-05 -0.00287843
11.04 -0.00358497 -8e-05 0.00228116
11.06 -0.012182 -8e-05 0.00722576
11.08 -0.0198894 -8e-05 0.0115796
11.1 -0.0250087 -8e-05 0.0147675
11.12 -0.0272282 -8e-05 0.0163782
11.14 -0.027329 -8e-05 0.0163643
11.16 -0.0250449 -8e-05 0.0147515
11.18 -0.0194965 -8e-05 0.0115384
11.2 -0.0111735 -8e-05 0.00691272
11.22 -0.00180113 -8e-05 0.00137062
11.24 0.00729805 -8e-05 -0.0043714
11.26 0.0159984 -8e-05 -0.00969726
11.28 0.0241609 -8e-05 -0.0142409
11.3 0.0306926 -8e-05 -0.0177745
11.32 0.0346241 -8e-05 -0.0201371
11.34 0.0360337 -8e-05 -0.0212037
11.36 0.0355473 -8e-05 -0.0209378
11.38 0.0330695 -8e-05 -0.0193263
11.4 0.0280207 -8e-05 -0.0163686
11.42 0.0207883 -8e-05 -0.0122624
11.44 0.012163 -8e-05 -0.00726415
11.46 0.00246272 -8e-05 -0.0015725
11.48 -0.00780971 -8e-05 0.0044712
11.5 -0.0179182 -8e-05 0.0104217
11.52 -0.0273214 -8e-05 0.0159095
11.54 -0.0353572 -8e-05 0.0205854
11.56 -0.0411923 -8e-05 0.0240615
11.58 -0.0440705 -8e-05 0.0259113
11.6 -0.0435668 -8e-05 0.0257705
11.62 -0.039684 -8e-05 0.023507
11.64 -0.0323956 -8e-05 0.0191801
11.66 -0.0219645 -8e-05 0.0130596
11.68 -0.00936668 -8e-05 0.00566329
11.7 0.00421217 -8e-05 -0.0023709
11.72 0.0173646 -8e-05 -0.0102427
11.74 0.0285947 -8e-05 -0.0170403
11.76 0.0371342 -8e-05 -0.0221082
11.78 0.0423493 -8e-05 -0.0250553
11.8 0.0435683 -8e-05 -0.0256924
11.82 0.0412123 -8e-05 -0.0242376
11.84 0.0362675 -8e-05 -0.0211702
11.86 0.0292285 -8e-05 -0.0169254
11.88 0.0204147 -8e-05 -0.0118333
11.9 0.01085 -8e-05 -0.00630721
11.92 0.00115869 -8e-05 -0.000639205
11.94 -0.00885754 -8e-05 0.0051105
11.96 -0.0186809 -8e-05 0.0107375
11.98 -0.0275302 -8e-05 0.0159384
12 -0.0347081 -8e-05 0.0202965
12.02 -0.0395963 -8e-05 0.0233192
12.04 -0.0420212 -8e-05 0.0247254
12.06 -0.041645 -8e-05 0.0243975
12.08 -0.0380569 -8e-05 0.0223086
12.1 -0.0315289 -8e-05 0.0185872
12.12 -0.0228714 -8e-05 0.0135211
12.14 -0.0128144 -8e-05 0.00751484
12.16 -0.00203303 -8e-05 0.00108875
12.18 0.00853594 -8e-05 -0.00515167
12.2 0.0178459 -8e-05 -0.0106312
12.22 0.0251274 -8e-05 -0.0149148
12.24 0.0300166 -8e-05 -0.0177538
12.26 0.0322843 -8e-05 -0.0190298
12.28 0.0315947 -8e-05 -0.0186452
12.3 0.0278963 -8e-05 -0.0165677
12.32 0.0217032 -8e-05 -0.0129514
12.34 0.0135729 -8e-05 -0.00809443
12.36 0.00397416 -8e-05 -0.00239276
12.38 -0.00622346 -8e-05 0.00361999
12.4 -0.0159615 -8e-05 0.00937447
12.42 -0.0242971 -8e-05 0.0143355
12.44 -0.0302211 -8e-05 0.017935
12.46 -0.0330484 -8e-05 0.0197091
12.48 -0.0325658 -8e-05 0.0194336
12.5 -0.0289956 -8e-05 0.017213
12.52 -0.023017 -8e-05 0.013499
12.54 -0.0151429 -8e-05 0.00878492
12.56 -0.00593816 -8e-05 0.00347631
12.58 0.00364673 -8e-05 -0.0020474
12.6 0.0128348 -8e-05 -0.0074514
12.62 0.0212615 -8e-05 -0.0124374
12.64 0.0286498 -8e-05 -0.0167356
12.66 0.0343203 -8e-05 -0.0200319
12.68 0.0373873 -8e-05 -0.0219442
12.7 0.0374765 -8e-05 -0.0221652
12.72 0.0346299 -8e-05 -0.0205461
12.74 0.0288005 -8e-05 -0.0170843
12.76 0.020204 -8e-05 -0.0120048
12.78 0.00974651 -8e-05 -0.00581158
12.8 -0.00146057 -8e-05 0.000864335
12.82 -0.0125222 -8e-05 0.00742019
12.84 -0.0226678 -8e-05 0.0133477
12.86 -0.0311648 -8e-05 0.0182626
12.88 -0.03723 -8e-05 0.0218248
12.9 -0.0403625 -8e-05 0.0237496
12.92 -0.0406417 -8e-05 0.023932
12.94 -0.038338 -8e-05 0.0224666
12.96 -0.0336063 -8e-05 0.0195776
12.98 -0.0267067 -8e-05 0.0155448
13 -0.0183498 -8e-05 0.0107074
13.02 -0.00938885 -8e-05 0.00543989
13.04 -0.000237609 -8e-05 4.95632e-05
13.06 0.00889455 -8e-05 -0.00522891
13.08 0.0175257 -8e-05 -0.0101715
13.1 0.0250535 -8e-05 -0.0145499
13.12 0.0310573 -8e-05 -0.018124
13.14 0.0351717 -8e-05 -0.0206107
13.16 0.0368583 -8e-05 -0.0216797
13.18 0.0356171 -8e-05 -0.0210473
13.2 0.0313772 -8e-05 -0.0186172
13.22 0.0247103 -8e-05 -0.0146215
13.24 0.016312 -8e-05 -0.00952319
13.26 0.00660875 -8e-05 -0.00378421
13.28 -0.0034927 -8e-05 0.00208453
13.3 -0.0125877 -8e-05 0.00747881
13.32 -0.019879 -8e-05 0.0118978
13.34 -0.0252729 -8e-05 0.0150566
13.36 -0.0283849 -8e-05 0.0167621
13.38 -0.029138 -8e-05 0.0170758
13.4 -0.028113 -8e-05 0.0163326
13.42 -0.0251141 -8e-05 0.014616
13.44 -0.0198752 -8e-05 0.0118083
13.46 -0.013204 -8e-05 0.00800706
13.48 -0.0057649 -8e-05 0.00347422
13.5 0.00253618 -8e-05 -0.00151493
13.52 0.01136 -8e-05 -0.00660288
13.54 0.0192932 -8e-05 -0.0112448
13.56 0.0250703 -8e-05 -0.0148548
13.58 0.0286708 -8e-05 -0.0171017
13.6 0.0302929 -8e-05 -0.0178941
13.62 0.0296318 -8e-05 -0.0172914
13.64 0.026602 -8e-05 -0.0154898
13.66 0.0216879 -8e-05 -0.0127166
13.68 0.0155666 -8e-05 -0.00917709
13.7 0.00836519 -8e-05 -0.00496913
13.72 -8.50611e-06 -8e-05 -0.000154356
13.74 -0.0088881 -8e-05 0.00499817
13.76 -0.0173796 -8e-05 0.0100724
13.78 -0.025084 -8e-05 0.0146866
13.8 -0.0316264 -8e-05 0.018499
13.82 -0.0362462 -8e-05 0.0211733
13.84 -0.0380573 -8e-05 0.0223506
13.86 -0.0367802 -8e-05 0.0217752
13.88 -0.0330665 -8e-05 0.0195408
13.9 -0.0274633 -8e-05 0.0159961
13.92 -0.019897 -8e-05 0.0114741
13.94 -0.0106961 -8e-05 0.0062681
13.96 -0.000869829 -8e-05 0.000671607
13.98 0.00867823 -8e-05 -0.00499088
14 0.017661 -8e-05 -0.0103833
14.02 0.0258472 -8e-05 -0.015163
14.04 0.0321189 -8e-05 -0.0188361
14.06 0.0352399 -8e-05 -0.0208565
14.08 0.035312 -8e-05 -0.0210148
14.1 0.0328398 -8e-05 -0.0194036
14.12 0.0274843 -8e-05 -0.0161298
14.14 0.0193143 -8e-05 -0.011426
14.16 0.00963585 -8e-05 -0.00578976
14.18 -0.000340604 -8e-05 0.000215455
14.2 -0.0102666 -8e-05 0.00614022
14.22 -0.0196809 -8e-05 0.0115767
14.24 -0.0273637 -8e-05 0.0160412
14.26 -0.0322845 -8e-05 0.0190749
14.28 -0.0343762 -8e-05 0.0204197
14.3 -0.0338228 -8e-05 0.0200108
14.32 -0.0305338 -8e-05 0.0179364
14.34 -0.0247559 -8e-05 0.0144897
14.36 -0.0174493 -8e-05 0.0101619
14.38 -0.00957734 -8e-05 0.00546054
14.4 -0.00161402 -8e-05 0.000764486
14.42 0.00605788 -8e-05 -0.00365135
14.44 0.0129396 -8e-05 -0.00758549
14.46 0.0185308 -8e-05 -0.0108534
14.48 0.0224894 -8e-05 -0.0132475
14.5 0.0247603 -8e-05 -0.0146125
14.52 0.0252734 -8e-05 -0.0148663
14.54 0.0239039 -8e-05 -0.0140148
14.56 0.0208166 -8e-05 -0.0121897
14.58 0.0162821 -8e-05 -0.00954947
14.6 0.0106178 -8e-05 -0.00625826
14.62 0.00441066 -8e-05 -0.00258843
14.64 -0.00179972 -8e-05 0.0011311
14.66 -0.00785452 -8e-05 0.00467062
14.68 -0.013542 -8e-05 0.00788704
14.7 -0.018236 -8e-05 0.010594
14.72 -0.0214095 -8e-05 0.0125629
14.74 -0.0229128 -8e-05 0.0135707
14.76 -0.022857 -8e-05 0.0135172
14.78 -0.0212845 -8e-05 0.0124622
14.8 -0.0179124 -8e-05 0.0104685
14.82 -0.0128698 -8e-05 0.00763619
14.84 -0.00705455 -8e-05 0.00423778
14.86 -0.00100908 -8e-05 0.000565435
14.88 0.00541359 -8e-05 -0.0032074
14.9 0.0118344 -8e-05 -0.00685622
14.92 0.0173496 -8e-05 -0.0100794
14.94 0.0216379 -8e-05 -0.0126756
14.96 0.0248618 -8e-05 -0.0145556
14.98 0.026756 -8e-05 -0.0155988
15 0.0267754 -8e-05 -0.0156495
15.02 0.0249447 -8e-05 -0.0146683
15.04 0.0215446 -8e-05 -0.0126943
15.06 0.0164615 -8e-05 -0.00972796
15.08 0.00970974 -8e-05 -0.00583809
15.1 0.00199488 -8e-05 -0.00131469
15.12 -0.00574322 -8e-05 0.00336933
15.14 -0.0129689 -8e-05 0.00774205
15.16 -0.0191833 -8e-05 0.0113857
15.18 -0.0237511 -8e-05 0.0139947
15.2 -0.0264551 -8e-05 0.0155018
15.22 -0.0272394 -8e-05 0.0159277
15.24 -0.0260813 -8e-05 0.015283
15.26 -0.0232154 -8e-05 0.0136338
15.28 -0.0188569 -8e-05 0.0110753
15.3 -0.0131464 -8e-05 0.00773309
15.32 -0.00649137 -8e-05 0.00383675
15.34 0.000437398 -8e-05 -0.000271348
15.36 0.00709862 -8e-05 -0.00423857
15.38 0.0131409 -8e-05 -0.00777767
15.4 0.0182018 -8e-05 -0.0106805
15.42 0.0218747 -8e-05 -0.012795
15.44 0.0238985 -8e-05 -0.0140078
15.46 0.0242647 -8e-05 -0.0142561
15.48 0.022962 -8e-05 -0.0135007
15.5 0.0200094 -8e-05 -0.011766
15.52 0.01566 -8e-05 -0.00919714
15.54 0.0101609 -8e-05 -0.00597156
15.56 0.0038311 -8e-05 -0.00228826
15.58 -0.00281492 -8e-05 0.00159921
15.6 -0.0092986 -8e-05 0.00542267
15.62 -0.0151517 -8e-05 0.0088895
15.64 -0.0198942 -8e-05 0.0117025
15.66 -0.0230701 -8e-05 0.0135951
15.68 -0.0242549 -8e-05 0.0143374
15.7 -0.023268 -8e-05 0.013801
15.72 -0.020284 -8e-05 0.0120299
15.74 -0.0157434 -8e-05 0.00926483
15.76 -0.0101048 -8e-05 0.00585495
15.78 -0.00367645 -8e-05 0.00209808
15.8 0.003124 -8e-05 -0.00178383
15.82 0.00955651 -8e-05 -0.00553003
15.84 0.0149672 -8e-05 -0.00881832
15.86 0.0191813 -8e-05 -0.0113777
15.88 0.0220198 -8e-05 -0.0130022
15.9 0.0229236 -8e-05 -0.0135009
15.92 0.0216034 -8e-05 -0.0127854
15.94 0.0184225 -8e-05 -0.0109464
15.96 0.0137908 -8e-05 -0.00816592
15.98 0.00788676 -8e-05 -0.00465429
16 0.00117905 -8e-05 -0.000719568
16.02 -0.00548952 -8e-05 0.00323057
16.04 -0.0114597 -8e-05 0.00681071
16.06 -0.0162466 -8e-05 0.0096739
16.08 -0.0193613 -8e-05 0.0115204
16.1 -0.0205197 -8e-05 0.0121883
16.12 -0.0196547 -8e-05 0.0116553
16.14 -0.0170246 -8e-05 0.010061
16.16 -0.0129913 -8e-05 0.00763565
16.18 -0.00771381 -8e-05 0.00455832
16.2 -0.00169248 -8e-05 0.00106709
16.22 0.0042958 -8e-05 -0.00250078
16.24 0.00988473 -8e-05 -0.00585526
16.26 0.0148403 -8e-05 -0.00875261
16.28 0.0186266 -8e-05 -0.0109426
16.3 0.0208563 -8e-05 -0.0122605
16.32 0.0215528 -8e-05 -0.0126707
16.34 0.0206922 -8e-05 -0.0121568
16.36 0.0182512 -8e-05 -0.0107361
16.38 0.0145336 -8e-05 -0.0085474
16.4 0.00991356 -8e-05 -0.00579756
16.42 0.00475625 -8e-05 -0.00273466
16.44 -0.000466099 -8e-05 0.00035283
16.46 -0.0053433 -8e-05 0.00321422
16.48 -0.00959623 -8e-05 0.00567775
16.5 -0.0129493 -8e-05 0.00761409
16.52 -0.0151841 -8e-05 0.00892392
16.54 -0.0161071 -8e-05 0.00950173
16.56 -0.0156577 -8e-05 0.00927411
16.58 -0.014012 -8e-05 0.00828182
16.6 -0.0111954 -8e-05 0.00659518
16.62 -0.00734074 -8e-05 0.00434134
16.64 -0.00299807 -8e-05 0.00177142
16.66 0.00133443 -8e-05 -0.000838482
16.68 0.00530886 -8e-05 -0.00322334
16.7 0.0085835 -8e-05 -0.0051491
16.72 0.0109445 -8e-05 -0.00649161
16.74 0.0122563 -8e-05 -0.00721492
16.76 0.0124591 -8e-05 -0.0073246
16.78 0.0116949 -8e-05 -0.00687693
16.8 0.0101825 -8e-05 -0.00596487
16.82 0.00807923 -8e-05 -0.00469816
16.84 0.00553117 -8e-05 -0.00319592
16.86 0.00270158 -8e-05 -0.00156095
16.88 -0.000167648 -8e-05 0.000102853
16.9 -0.00278763 -8e-05 0.00166342
16.92 -0.00498652 -8e-05 0.0029903
16.94 -0.00667211 -8e-05 0.00398058
16.96 -0.00769467 -8e-05 0.00455822
16.98 -0.00784464 -8e-05 0.00465593
17 -0.00708594 -8e-05 0.00424613
17.02 -0.00564217 -8e-05 0.00338803
17.04 -0.00361504 -8e-05 0.00215915
17.06 -0.000974179 -8e-05 0.000620906
17.08 0.00198375 -8e-05 -0.00109347
17.1 0.00484879 -8e-05 -0.0028083
17.12 0.00746787 -8e-05 -0.00438454
17.14 0.00975109 -8e-05 -0.00571195
17.16 0.0114041 -8e-05 -0.0066665
17.18 0.0121762 -8e-05 -0.00714666
17.2 0.0121124 -8e-05 -0.00712793
17.22 0.0111851 -8e-05 -0.00658587
17.24 0.00935693 -8e-05 -0.0055223
17.26 0.00675867 -8e-05 -0.00400513
17.28 0.00348866 -8e-05 -0.00210411
17.3 -0.000237553 -8e-05 6.908e-05
17.32 -0.00403794 -8e-05 0.00232794
17.34 -0.00759942 -8e-05 0.00446587
17.36 -0.0106753 -8e-05 0.00628991
17.38 -0.0130807 -8e-05 0.00767225
17.4 -0.0146076 -8e-05 0.00853563
17.42 -0.014946 -8e-05 0.00877528
17.44 -0.0140627 -8e-05 0.00832681
17.46 -0.0121573 -8e-05 0.00720948
17.48 -0.0093546 -8e-05 0.0055089
17.5 -0.00584016 -8e-05 0.00339907
17.52 -0.00193494 -8e-05 0.00109775
17.54 0.00202018 -8e-05 -0.00120508
17.56 0.00566262 -8e-05 -0.00333656
17.58 0.0086613 -8e-05 -0.0051239
17.6 0.0109668 -8e-05 -0.00647457
17.62 0.012579 -8e-05 -0.00736218
17.64 0.0133112 -8e-05 -0.00775837
17.66 0.0130559 -8e-05 -0.00764272
17.68 0.0119692 -8e-05 -0.00703738
17.7 0.0103706 -8e-05 -0.0060488
17.72 0.00824355 -8e-05 -0.00475522
17.74 0.00532036 -8e-05 -0.00313195
17.76 0.00188256 -8e-05 -0.00122188
17.78 -0.00144149 -8e-05 0.00079329
17.8 -0.00459158 -8e-05 0.0027568
17.82 -0.00779653 -8e-05 0.00459084
17.84 -0.0106873 -8e-05 0.00617691
17.86 -0.0125946 -8e-05 0.00733737
17.88 -0.0133496 -8e-05 0.00792274
17.9 -0.0131884 -8e-05 0.0078622
17.92 -0.0120635 -8e-05 0.00712446
17.94 -0.00958927 -8e-05 0.00567372
17.96 -0.00588519 -8e-05 0.00358212
17.98 -0.00171977 -8e-05 0.00110443
18 0.00240926 -8e-05 -0.00146309
18.02 0.00644899 -8e-05 -0.00388593
18.04 0.0101947 -8e-05 -0.00599059
18.06 0.0130903 -8e-05 -0.00762407
18.08 0.0146647 -8e-05 -0.00862856
18.1 0.0149448 -8e-05 -0.00889632
18.12 0.0142405 -8e-05 -0.00843951
18.14 0.0125892 -8e-05 -0.00734635
18.16 0.00978225 -8e-05 -0.00569539
18.18 0.006056 -8e-05 -0.003606
18.2 0.00201386 -8e-05 -0.00125357
18.22 -0.00198147 -8e-05 0.00117415
18.24 -0.00580171 -8e-05 0.00347647
18.26 -0.00931837 -8e-05 0.00549436
18.28 -0.0121671 -8e-05 0.00709879
18.3 -0.0138772 -8e-05 0.00814062
18.32 -0.014399 -8e-05 0.00852727
18.34 -0.0139382 -8e-05 0.00824745
18.36 -0.0124533 -8e-05 0.00731586
18.38 -0.00977089 -8e-05 0.00575646
18.4 -0.00602189 -8e-05 0.00363599
18.42 -0.0016867 -8e-05 0.00110645
18.44 0.0027448 -8e-05 -0.00158875
18.46 0.00700088 -8e-05 -0.00417665
18.48 0.0108262 -8e-05 -0.00641324
18.5 0.0136527 -8e-05 -0.00805198
18.52 0.0150399 -8e-05 -0.00890928
18.54 0.0150635 -8e-05 -0.00894585
18.56 0.0138209 -8e-05 -0.00818163
18.58 0.0112144 -8e-05 -0.00664262
18.6 0.00734699 -8e-05 -0.00441424
18.62 0.00264286 -8e-05 -0.00166847
18.64 -0.00248345 -8e-05 0.00137903
18.66 -0.00776904 -8e-05 0.00450836
18.68 -0.0129 -8e-05 0.00749889
18.7 -0.0173626 -8e-05 0.0101093
18.72 -0.0206201 -8e-05 0.0120809
18.74 -0.0224811 -8e-05 0.0132296
18.76 -0.0229613 -8e-05 0.0134829
18.78 -0.0218578 -8e-05 0.0127997
18.8 -0.019018 -8e-05 0.0111779
18.82 -0.0148047 -8e-05 0.00874467
18.84 -0.00974416 -8e-05 0.00572507
18.86 -0.00407967 -8e-05 0.00234661
18.88 0.00184436 -8e-05 -0.00112425
18.9 0.00735127 -8e-05 -0.00436001
18.92 0.0118888 -8e-05 -0.0070685
18.94 0.0152083 -8e-05 -0.00904219
18.96 0.0171371 -8e-05 -0.0101482
18.98 0.0175146 -8e-05 -0.0103327
19 0.0163016 -8e-05 -0.00961587
19.02 0.0136968 -8e-05 -0.00809361
19.04 0.0100835 -8e-05 -0.00594301
19.06 0.00577628 -8e-05 -0.00337114
19.08 0.00108325 -8e-05 -0.000602635
19.1 -0.00348453 -8e-05 0.00209149
19.12 -0.00747229 -8e-05 0.0044611
19.14 -0.01067 -8e-05 0.00633955
19.16 -0.0128487 -8e-05 0.00759758
19.18 -0.0137567 -8e-05 0.00813382
19.2 -0.0133904 -8e-05 0.00792963
19.22 -0.0118241 -8e-05 0.00700957
19.24 -0.00914258 -8e-05 0.00543344
19.26 -0.00569402 -8e-05 0.00337601
19.28 -0.00182443 -8e-05 0.00105578
19.3 0.00232329 -8e-05 -0.00136621
19.32 0.00636575 -8e-05 -0.00370472
19.34 0.0096944 -8e-05 -0.00570811
19.36 0.0120438 -8e-05 -0.00717004
19.38 0.013465 -8e-05 -0.00799254
19.4 0.013898 -8e-05 -0.00815814
19.42 0.0131069 -8e-05 -0.00766976
19.44 0.0110542 -8e-05 -0.00654201
19.46 0.00814833 -8e-05 -0.00487303
19.48 0.00488086 -8e-05 -0.00286203
19.5 0.00130059 -8e-05 -0.000683782
19.52 -0.00271274 -8e-05 0.00158123
19.54 -0.00665214 -8e-05 0.00379266
19.56 -0.0098738 -8e-05 0.00574945
19.58 -0.0125006 -8e-05 0.00736516
19.6 -0.0147076 -8e-05 0.00859536
19.62 -0.0159618 -8e-05 0.00929041
19.64 -0.0157797 -8e-05 0.00928909
19.66 -0.014381 -8e-05 0.00855796
19.68 -0.0120209 -8e-05 0.00713174
19.7 -0.00858175 -8e-05 0.00506087
19.72 -0.00421685 -8e-05 0.00250778
19.74 0.000415345 -8e-05 -0.000231322
19.76 0.00484922 -8e-05 -0.00288948
19.78 0.00900295 -8e-05 -0.00531223
19.8 0.0125041 -8e-05 -0.00732346
19.82 0.0147825 -8e-05 -0.00870522
19.84 0.0158602 -8e-05 -0.0093797
19.86 0.0159698 -8e-05 -0.00938047
19.88 0.0148317 -8e-05 -0.00867884
19.9 0.0122727 -8e-05 -0.00725782
19.92 0.00871529 -8e-05 -0.0052231
19.94 0.00459409 -8e-05 -0.00274485
19.96 7.98388e-05 -8e-05 -2.17585e-05
19.98 -0.00453523 -8e-05 0.0026965
20 -0.00875578 -8e-05 0.00515555
