0.1 0 20000 0 -0 -20000 0
0.2 0 40000 0 -0 -40000 0
0.3 0 60000 0 -0 -60000 0
0.4 0 80000 0 -0 -80000 0
0.5 0 100000 0 -0 -100000 0
0.6 0 120000 0 -0 -120000 0
0.7 0 140000 0 -0 -140000 0
0.8 0 160000 0 -0 -160000 0
0.9 0 180000 0 -0 -180000 0
1 0 200000 0 -0 -200000 0
0.02 776.346 200000 -1659.87 -776.346 -200000 -669.173
0.04 2266.46 200000 -5499.3 -2266.46 -200000 -1300.08
0.06 2314.39 200000 -7848.66 -2314.39 -200000 905.498
0.08 1187.9 200000 -8392.65 -1187.9 -200000 4828.95
0.1 1545.87 200000 -10910.5 -1545.87 -200000 6272.87
0.12 2708.03 200000 -13874 -2708.03 -200000 5749.91
0.14 2516.77 200000 -13518.1 -2516.77 -200000 5967.78
0.16 2096.12 200000 -11965.4 -2096.12 -200000 5677.01
0.18 2207.97 200000 -10746 -2207.97 -200000 4122.06
0.2 1109.13 200000 -6761.94 -1109.13 -200000 3434.55
0.22 -624.603 200000 -825.398 624.603 -200000 2699.21
0.24 -770.787 200000 2934.01 770.787 -200000 -621.651
0.26 -575.388 200000 5991.96 575.388 -200000 -4265.79
0.28 -2336.49 200000 11996.6 2336.49 -200000 -4987.1
0.3 -4346.15 200000 18155.6 4346.15 -200000 -5117.14
0.32 -4207.46 200000 20286.9 4207.46 -200000 -7664.53
0.34 -3457.49 200000 20566.6 3457.49 -200000 -10194.2
0.36 -3951.78 200000 21782.1 3951.78 -200000 -9926.75
0.38 -4407.94 200000 21713.4 4407.94 -200000 -8489.62
0.4 -3448.43 200000 18126.6 3448.43 -200000 -7781.32
0.42 -2061.28 200000 12779.3 2061.28 -200000 -6595.41
0.44 -1520.05 200000 8107.91 1520.05 -200000 -3547.75
0.46 -1088.86 200000 3375.79 1088.86 -200000 -109.216
0.48 574.421 200000 -3391.08 -574.421 -200000 1667.82
0.5 2835.06 200000 -11215.6 -2835.06 -200000 2710.39
0.52 3937.55 200000 -17149.3 -3937.55 -200000 5336.69
0.54 3918.61 200000 -20819.9 -3918.61 -200000 9064.06
0.56 4326.4 200000 -24242 -4326.4 -200000 11262.8
0.58 5403 200000 -27534.6 -5403 -200000 11325.6
0.6 5770.99 200000 -28376.4 -5770.99 -200000 11063.5
0.62 5088.63 200000 -26257.9 -5088.63 -200000 10992
0.64 4249.28 200000 -22713.7 -4249.28 -200000 9965.83
0.66 3481.34 200000 -18191.3 -3481.34 -200000 7747.31
0.68 2678.33 200000 -12853.7 -2678.33 -200000 4818.72
0.7 1439.61 200000 -6411.23 -1439.61 -200000 2092.4
0.72 -508.868 200000 1489.24 508.868 -200000 37.3674
0.74 -1717.22 200000 8095.6 1717.22 -200000 -2943.95
0.76 -2098.67 200000 12767.2 2098.67 -200000 -6471.22
0.78 -3729.24 200000 18941.6 3729.24 -200000 -7753.85
0.8 -5568.56 200000 24940.2 5568.56 -200000 -8234.48
0.82 -5211.18 200000 26380.3 5211.18 -200000 -10746.8
0.84 -3958.93 200000 24857.7 3958.93 -200000 -12980.9
0.86 -3975.63 200000 23668.6 3975.63 -200000 -11741.7
0.88 -4394.85 200000 21593.9 4394.85 -200000 -8409.39
0.9 -3210.26 200000 15699.5 3210.26 -200000 -6068.73
0.92 -676.309 200000 6554.18 676.309 -200000 -4525.25
0.94 1216.83 200000 -2416.53 -1216.83 -200000 -1233.97
0.96 1955.72 200000 -9853.57 -1955.72 -200000 3986.4
0.98 2905.94 200000 -17231.2 -2905.94 -200000 8513.42
1 4559.52 200000 -24678.9 -4559.52 -200000 11000.4
1.02 5452.72 200000 -29202.6 -5452.72 -200000 12844.5
1.04 4940.36 200000 -29243.5 -4940.36 -200000 14422.4
1.06 4698.08 200000 -27570.3 -4698.08 -200000 13476.1
1.08 5011.73 200000 -25106.3 -5011.73 -200000 10071.1
1.1 3877.63 200000 -18922.6 -3877.63 -200000 7289.73
1.12 1689.29 200000 -10073.4 -1689.29 -200000 5005.56
1.14 787.07 200000 -3158.67 -787.07 -200000 797.46
1.16 369.309 200000 2473.87 -369.309 -200000 -3581.79
1.18 -2153.05 200000 11149.3 2153.05 -200000 -4690.11
1.2 -4844.35 200000 19849.2 4844.35 -200000 -5316.15
1.22 -4379.23 200000 22560.6 4379.23 -200000 -9422.88
1.24 -3615.15 200000 23528.9 3615.15 -200000 -12683.5
1.26 -5784.43 200000 28308.2 5784.43 -200000 -10954.9
1.28 -7417.06 200000 31451 7417.06 -200000 -9199.78
1.3 -5530.94 200000 27858.1 5530.94 -200000 -11265.2
1.32 -3560.8 200000 22941.9 3560.8 -200000 -12259.5
1.34 -4158.21 200000 21181.6 4158.21 -200000 -8707.02
1.36 -4079.41 200000 17403.1 4079.41 -200000 -5164.83
1.38 -1560.01 200000 8856.22 1560.01 -200000 -4176.2
1.4 301.091 200000 1020.07 -301.091 -200000 -1923.34
1.42 739.589 200000 -4539.27 -739.589 -200000 2320.5
1.44 1795.47 200000 -10881.4 -1795.47 -200000 5495
1.46 3770.61 200000 -18244.3 -3770.61 -200000 6932.46
1.48 5038.65 200000 -23765 -5038.65 -200000 8649.02
1.5 4533.95 200000 -25163.4 -4533.95 -200000 11561.5
1.52 3554.88 200000 -23899.5 -3554.88 -200000 13234.8
1.54 3595.21 200000 -22210.4 -3595.21 -200000 11424.8
1.56 3986.15 200000 -19472.6 -3986.15 -200000 7514.13
1.58 3130.89 200000 -13791.4 -3130.89 -200000 4398.78
1.6 1328.3 200000 -6259.18 -1328.3 -200000 2274.26
1.62 -58.612 200000 498.038 58.612 -200000 -322.202
1.64 -1136.25 200000 6497.97 1136.25 -200000 -3089.23
1.66 -2243.11 200000 12077.3 2243.11 -200000 -5347.94
1.68 -2841.26 200000 15923.7 2841.26 -200000 -7399.9
1.7 -3363.51 200000 18577.6 3363.51 -200000 -8487.11
1.72 -4149.45 200000 20708.3 4149.45 -200000 -8259.93
1.74 -3913.99 200000 20082.6 3913.99 -200000 -8340.64
1.76 -2890.73 200000 16983 2890.73 -200000 -8310.76
1.78 -2601.15 200000 14145.2 2601.15 -200000 -6341.78
1.8 -2310.45 200000 10612.2 2310.45 -200000 -3680.85
1.82 -1408.94 200000 5805.01 1408.94 -200000 -1578.19
1.84 -766.269 200000 1751.55 766.269 -200000 547.259
1.86 528.66 200000 -3115.61 -528.66 -200000 1529.63
1.88 2326.63 200000 -8871.18 -2326.63 -200000 1891.31
1.9 2310.62 200000 -11350.9 -2310.62 -200000 4419.01
1.92 1205.79 200000 -11091.9 -1205.79 -200000 7474.49
1.94 1351.25 200000 -11529.2 -1351.25 -200000 7475.48
1.96 2632.63 200000 -12705.3 -2632.63 -200000 4807.43
1.98 3004.16 200000 -11872.4 -3004.16 -200000 2859.9
2 1321.93 200000 -7273.28 -1321.93 -200000 3307.5
2.02 -510.068 200000 -1808.73 510.068 -200000 3338.94
2.04 -645.574 200000 1432.36 645.574 -200000 504.364
2.06 -536.564 200000 4493.07 536.564 -200000 -2883.38
2.08 -1951.33 200000 10005.5 1951.33 -200000 -4151.49
2.1 -3141.41 200000 14693.5 3141.41 -200000 -5269.27
2.12 -2599.14 200000 15533.5 2599.14 -200000 -7736.13
2.14 -2885.4 200000 16802.2 2885.4 -200000 -8146.01
2.16 -4709.86 200000 20169.6 4709.86 -200000 -6040.01
2.18 -4777.94 200000 20316.7 4777.94 -200000 -5982.84
2.2 -2830.7 200000 16531.3 2830.7 -200000 -8039.21
2.22 -1960.94 200000 13645.2 1960.94 -200000 -7762.4
2.24 -2528.83 200000 12283.4 2528.83 -200000 -4696.91
2.26 -2224.76 200000 8949.56 2224.76 -200000 -2275.28
2.28 -267.34 200000 2499.37 267.34 -200000 -1697.35
2.3 817.077 200000 -2593.49 -817.077 -200000 142.262
2.32 -97.2456 200000 -3741.41 97.2456 -200000 4033.15
2.34 -183.029 200000 -5123.31 183.029 -200000 5672.39
2.36 1889.86 200000 -9186.94 -1889.86 -200000 3517.36
2.38 3446.29 200000 -12167.5 -3446.29 -200000 1828.6
2.4 2323.8 200000 -10641.3 -2323.8 -200000 3669.89
2.42 475.82 200000 -7349.83 -475.82 -200000 5922.37
2.44 429.258 200000 -6061.81 -429.258 -200000 4774.04
2.46 969.416 200000 -4787.86 -969.416 -200000 1879.62
2.48 -232.415 200000 178.58 232.415 -200000 518.666
2.5 -2216.27 200000 7107.2 2216.27 -200000 -458.387
2.52 -2588.8 200000 11573.6 2588.8 -200000 -3807.17
2.54 -2310.2 200000 14547.5 2310.2 -200000 -7616.88
2.56 -4041.23 200000 20335.2 4041.23 -200000 -8211.46
2.58 -6292.11 200000 26652.8 6292.11 -200000 -7776.42
2.6 -6346.57 200000 28962.1 6346.57 -200000 -9922.38
2.62 -5714.52 200000 29586.3 5714.52 -200000 -12442.7
2.64 -5868.74 200000 30530 5868.74 -200000 -12923.7
2.66 -5183.73 200000 28382.9 5183.73 -200000 -12831.7
2.68 -3661.93 200000 22828 3661.93 -200000 -11842.2
2.7 -3908.51 200000 19015.9 3908.51 -200000 -7290.4
2.72 -4499.24 200000 15713.2 4499.24 -200000 -2215.47
2.74 -944.437 200000 5226.19 944.437 -200000 -2392.88
2.76 4282.15 200000 -9384.6 -4282.15 -200000 -3461.84
2.78 5449.27 200000 -18795.5 -5449.27 -200000 2447.72
2.8 3358.48 200000 -22842.2 -3358.48 -200000 12766.7
2.82 2772.35 200000 -27096.8 -2772.35 -200000 18779.7
2.84 5742.02 200000 -34086.8 -5742.02 -200000 16860.7
2.86 9501.25 200000 -40475.5 -9501.25 -200000 11971.7
2.88 9604.02 200000 -40225.8 -9604.02 -200000 11413.7
2.9 5855.5 200000 -32706.9 -5855.5 -200000 15140.4
2.92 3512.18 200000 -25793.8 -3512.18 -200000 15257.2
2.94 4149.33 200000 -21975.8 -4149.33 -200000 9527.76
2.96 2972.65 200000 -13546.3 -2972.65 -200000 4628.39
2.98 -889.777 200000 538.837 889.777 -200000 2130.49
3 -2927.33 200000 11949.7 2927.33 -200000 -3167.74
3.02 -2908.78 200000 19246.5 2908.78 -200000 -10520.1
3.04 -4334.8 200000 27383.2 4334.8 -200000 -14378.8
3.06 -6507.46 200000 34582.9 6507.46 -200000 -15060.5
3.08 -6535.82 200000 35659.5 6535.82 -200000 -16052
3.1 -5306.46 200000 32055.9 5306.46 -200000 -16136.5
3.12 -5390.5 200000 28624 5390.5 -200000 -12452.5
3.14 -4931.87 200000 22839.2 4931.87 -200000 -8043.61
3.16 -1812.99 200000 11330.6 1812.99 -200000 -5891.64
3.18 718.539 200000 -24.0032 -718.539 -200000 -2131.61
3.2 904.966 200000 -7367.44 -904.966 -200000 4652.54
3.22 1467.05 200000 -14197.1 -1467.05 -200000 9795.91
3.24 3475.73 200000 -21559.2 -3475.73 -200000 11132
3.26 4988.24 200000 -26089 -4988.24 -200000 11124.3
3.28 4741.89 200000 -25823.4 -4741.89 -200000 11597.7
3.3 4052.86 200000 -23174.9 -4052.86 -200000 11016.3
3.32 5037.15 200000 -22544 -5037.15 -200000 7432.51
3.34 5676.53 200000 -21439 -5676.53 -200000 4409.38
3.36 1963.57 200000 -12486.1 -1963.57 -200000 6595.36
3.38 -1831.92 200000 -1873.41 1831.92 -200000 7369.18
3.4 340.222 200000 -576.582 -340.222 -200000 -444.084
3.42 3125.53 200000 -1380.6 -3125.53 -200000 -7995.98
3.44 456.652 200000 4998.67 -456.652 -200000 -6368.63
3.46 -3526.15 200000 12237.3 3526.15 -200000 -1658.83
3.48 -3462.46 200000 12431.6 3462.46 -200000 -2044.27
3.5 -1617.75 200000 9779.14 1617.75 -200000 -4925.87
3.52 -1789.51 200000 10407.2 1789.51 -200000 -5038.69
3.54 -2460.21 200000 11374.1 2460.21 -200000 -3993.48
3.56 -1035.06 200000 7856.6 1035.06 -200000 -4751.4
3.58 1432.85 200000 983.07 -1432.85 -200000 -5281.63
3.6 1313.23 200000 -2864.21 -1313.23 -200000 -1075.48
3.62 -1114.32 200000 -2531.99 1114.32 -200000 5874.96
3.64 -949.407 200000 -4917.8 949.407 -200000 7766.02
3.66 3116.06 200000 -12703.5 -3116.06 -200000 3355.27
3.68 5507.46 200000 -17788.4 -5507.46 -200000 1266.03
3.7 3685.13 200000 -16298.5 -3685.13 -200000 5243.15
3.72 2369.82 200000 -15683.1 -2369.82 -200000 8573.66
3.74 2745.68 200000 -16882.2 -2745.68 -200000 8645.18
3.76 2149.29 200000 -14612.5 -2149.29 -200000 8164.62
3.78 1763.58 200000 -11233.7 -1763.58 -200000 5942.92
3.8 3018.93 200000 -10408 -3018.93 -200000 1351.15
3.82 2829.3 200000 -7771.71 -2829.3 -200000 -716.201
3.84 -643.891 200000 258.49 643.891 -200000 1673.18
3.86 -3324.26 200000 7754.59 3324.26 -200000 2218.19
3.88 -2544.16 200000 10302.3 2544.16 -200000 -2669.82
3.9 -1734.97 200000 12876.1 1734.97 -200000 -7671.2
3.92 -2906.66 200000 17827.8 2906.66 -200000 -9107.78
3.94 -4584.2 200000 22394.2 4584.2 -200000 -8641.66
3.96 -6235.12 200000 26485.7 6235.12 -200000 -7780.38
3.98 -6996.66 200000 29314.5 6996.66 -200000 -8324.53
4 -5978.66 200000 29042.2 5978.66 -200000 -11106.2
4.02 -5224.96 200000 28476.4 5224.96 -200000 -12801.5
4.04 -6100.06 200000 29719 6100.06 -200000 -11418.8
4.06 -6437.81 200000 29224.9 6437.81 -200000 -9911.47
4.08 -4685.13 200000 24271.4 4685.13 -200000 -10216
4.1 -2308.57 200000 16859.1 2308.57 -200000 -9933.4
4.12 -1451.23 200000 10530.7 1451.23 -200000 -6177.01
4.14 -1391.98 200000 4770.72 1391.98 -200000 -594.779
4.16 611.207 200000 -4435.53 -611.207 -200000 2601.91
4.18 3349.45 200000 -14679.2 -3349.45 -200000 4630.85
4.2 3613.15 200000 -19847.3 -3613.15 -200000 9007.82
4.22 2304.05 200000 -20356.4 -2304.05 -200000 13444.2
4.24 1346.89 200000 -18217.9 -1346.89 -200000 14177.2
4.26 636.382 200000 -12718.3 -636.382 -200000 10809.1
4.28 130.057 200000 -4683.63 -130.057 -200000 4293.46
4.3 -463.532 200000 4560.08 463.532 -200000 -3169.48
4.32 -2318.22 200000 15436.1 2318.22 -200000 -8481.48
4.34 -4271.43 200000 24849.4 4271.43 -200000 -12035.2
4.36 -4037.31 200000 27802.9 4037.31 -200000 -15690.9
4.38 -1981.5 200000 23677.9 1981.5 -200000 -17733.4
4.4 1243.76 200000 12220.3 -1243.76 -200000 -15951.6
4.42 6438.31 200000 -9141.28 -6438.31 -200000 -10173.6
4.44 13392.6 200000 -40540.6 -13392.6 -200000 362.868
4.46 19676.8 200000 -76655.8 -19676.8 -200000 17625.4
4.48 25535.7 200000 -115222 -25535.7 -200000 38614.9
4.5 34422.6 200000 -159623 -34422.6 -200000 56354.9
4.52 44508.7 200000 -204919 -44508.7 -200000 71392.6
4.54 50672.5 200000 -240389 -50672.5 -200000 88371.1
4.56 54060.2 200000 -265723 -54060.2 -200000 103543
4.58 58389 200000 -285618 -58389 -200000 110451
4.6 62152.1 200000 -297152 -62152.1 -200000 110695
4.62 62049.8 200000 -295213 -62049.8 -200000 109063
4.64 57947.9 200000 -279801 -57947.9 -200000 105957
4.66 52448.2 200000 -255327 -52448.2 -200000 97982.5
4.68 46441.8 200000 -223735 -46441.8 -200000 84409.3
4.7 37615.3 200000 -181716 -37615.3 -200000 68869.7
4.72 25447.3 200000 -128772 -25447.3 -200000 52430.2
4.74 11963.3 200000 -68486.4 -11963.3 -200000 32596.5
4.76 -2255.53 200000 -2042 2255.53 -200000 8808.59
4.78 -18119.4 200000 71613.3 18119.4 -200000 -17255
4.8 -35895.1 200000 152351 35895.1 -200000 -44665.6
4.82 -54257.1 200000 237171 54257.1 -200000 -74400.1
4.84 -71281.9 200000 321214 71281.9 -200000 -107369
4.86 -86839.6 200000 401651 86839.6 -200000 -141133
4.88 -100374 200000 473906 100374 -200000 -172785
4.9 -109372 200000 529026 109372 -200000 -200911
4.92 -113736 200000 562093 113736 -200000 -220884
4.94 -116405 200000 575255 116405 -200000 -226039
4.96 -117525 200000 569010 117525 -200000 -216435
4.98 -112456 200000 537513 112456 -200000 -200144
5 -97910.4 200000 476326 97910.4 -200000 -182594
5.02 -78104.6 200000 392558 78104.6 -200000 -158244
5.04 -59473 200000 298246 59473 -200000 -119828
5.06 -41175.2 200000 195563 41175.2 -200000 -72037.9
5.08 -20191.9 200000 84838 20191.9 -200000 -24262.2
5.1 1674.65 200000 -25171.8 -1674.65 -200000 20147.9
5.12 21055.6 200000 -123850 -21055.6 -200000 60683.2
5.14 40183.7 200000 -212401 -40183.7 -200000 91849.9
5.16 62867.1 200000 -298594 -62867.1 -200000 109993
5.18 83138.9 200000 -375443 -83138.9 -200000 126026
5.2 94480 200000 -433425 -94480 -200000 149985
5.22 100889 200000 -477976 -100889 -200000 175308
5.24 107742 200000 -515299 -107742 -200000 192072
5.26 111842 200000 -536946 -111842 -200000 201420
5.28 109599 200000 -534392 -109599 -200000 205594
5.3 104675 200000 -512919 -104675 -200000 198895
5.32 98454.1 200000 -475580 -98454.1 -200000 180218
5.34 87437.9 200000 -418255 -87437.9 -200000 155941
5.36 71019.4 200000 -341992 -71019.4 -200000 128934
5.38 51700.4 200000 -252645 -51700.4 -200000 97544.3
5.4 31155.3 200000 -154548 -31155.3 -200000 61082.1
5.42 9925.25 200000 -50760.9 -9925.25 -200000 20985.2
5.44 -10898.4 200000 53692.3 10898.4 -200000 -20997.1
5.46 -29744.5 200000 151989 29744.5 -200000 -62755.8
5.48 -46872 200000 240354 46872 -200000 -99738.2
5.5 -63048.5 200000 317004 63048.5 -200000 -127858
5.52 -76207.5 200000 376648 76207.5 -200000 -148025
5.54 -82430.1 200000 410926 82430.1 -200000 -163636
5.56 -81468.1 200000 417090 81468.1 -200000 -172685
5.58 -76912.2 200000 399356 76912.2 -200000 -168620
5.6 -70165.2 200000 360205 70165.2 -200000 -149709
5.62 -60318.6 200000 300948 60318.6 -200000 -119992
5.64 -45136.5 200000 221742 45136.5 -200000 -86332.2
5.66 -26706.7 200000 130265 26706.7 -200000 -50145.2
5.68 -11978.3 200000 43936.8 11978.3 -200000 -8001.74
5.7 2123.11 200000 -37051.5 -2123.11 -200000 30682.2
5.72 21125.9 200000 -119162 -21125.9 -200000 55784.8
5.74 36067.6 200000 -185226 -36067.6 -200000 77022.9
5.76 38927.5 200000 -218360 -38927.5 -200000 101577
5.78 36211.5 200000 -225200 -36211.5 -200000 116566
5.8 36215.5 200000 -217592 -36215.5 -200000 108946
5.82 36048.6 200000 -192919 -36048.6 -200000 84773.5
5.84 27993.6 200000 -142868 -27993.6 -200000 58887.6
5.86 12279 200000 -71783.7 -12279 -200000 34946.7
5.88 -4977.03 200000 7735.81 4977.03 -200000 7195.29
5.9 -18084.6 200000 82875.8 18084.6 -200000 -28622
5.92 -27677.7 200000 149317 27677.7 -200000 -66284.1
5.94 -39960 200000 212748 39960 -200000 -92867.9
5.96 -53782.4 200000 268838 53782.4 -200000 -107490
5.98 -62340.8 200000 305579 62340.8 -200000 -118557
6 -65501.8 200000 323047 65501.8 -200000 -126542
6.02 -63197.2 200000 319861 63197.2 -200000 -130270
6.04 -53054.6 200000 288533 53054.6 -200000 -129369
6.06 -39526.7 200000 233800 39526.7 -200000 -115220
6.08 -29171.7 200000 168131 29171.7 -200000 -80616.5
6.1 -19377.7 200000 93013.2 19377.7 -200000 -34880.2
6.12 -654.223 200000 -1630.04 654.223 -200000 3592.71
6.14 25061 200000 -109333 -25061 -200000 34150.5
6.16 44315.2 200000 -204653 -44315.2 -200000 71707
6.18 52909.7 200000 -275162 -52909.7 -200000 116433
6.2 60315.3 200000 -330152 -60315.3 -200000 149206
6.22 71204.8 200000 -373307 -71204.8 -200000 159693
6.24 76798.4 200000 -388903 -76798.4 -200000 158508
6.26 70561.8 200000 -366121 -70561.8 -200000 154436
6.28 58458.7 200000 -315404 -58458.7 -200000 140028
6.3 46934.4 200000 -249431 -46934.4 -200000 108628
6.32 34148 200000 -169464 -34148 -200000 67020.1
6.34 17578.4 200000 -77477.3 -17578.4 -200000 24742.1
6.36 -861.652 200000 17227.1 861.652 -200000 -14642.1
6.38 -18325.6 200000 105159 18325.6 -200000 -50182.4
6.4 -34331.3 200000 182479 34331.3 -200000 -79485.3
6.42 -48383.6 200000 246657 48383.6 -200000 -101506
6.44 -55238.9 200000 286381 55238.9 -200000 -120664
6.46 -51147 200000 290512 51147 -200000 -137071
6.48 -43023 200000 266195 43023 -200000 -137126
6.5 -38528.8 200000 226452 38528.8 -200000 -110865
6.52 -32699.7 200000 168167 32699.7 -200000 -70067.7
6.54 -16163.5 200000 81858.6 16163.5 -200000 -33368
6.56 4976.26 200000 -16609.2 -4976.26 -200000 1680.43
6.58 16783.1 200000 -96778.6 -16783.1 -200000 46429.1
6.6 22830.7 200000 -156802 -22830.7 -200000 88310.3
6.62 34679 200000 -210906 -34679 -200000 106869
6.64 45808.9 200000 -246329 -45808.9 -200000 108902
6.66 44591.3 200000 -243468 -44591.3 -200000 109694
6.68 36955.4 200000 -213416 -36955.4 -200000 102550
6.7 31618.3 200000 -173390 -31618.3 -200000 78534.8
6.72 23437.6 200000 -118292 -23437.6 -200000 47979.5
6.74 6449.09 200000 -41176.3 -6449.09 -200000 21829
6.76 -11171.7 200000 41053.5 11171.7 -200000 -7538.29
6.78 -20826.6 200000 108997 20826.6 -200000 -46517.1
6.8 -28381.9 200000 166597 28381.9 -200000 -81451.4
6.82 -41084.7 200000 222026 41084.7 -200000 -98772.2
6.84 -54217.8 200000 266866 54217.8 -200000 -104213
6.86 -57993.8 200000 285195 57993.8 -200000 -111213
6.88 -52330.3 200000 275727 52330.3 -200000 -118736
6.9 -45457.7 200000 250409 45457.7 -200000 -114036
6.92 -39681.1 200000 212884 39681.1 -200000 -93840.4
6.94 -28330.9 200000 153249 28330.9 -200000 -68256.7
6.96 -10416.5 200000 71925.7 10416.5 -200000 -40676.1
6.98 4207.06 200000 -10144.9 -4207.06 -200000 -2476.33
7 14598.3 200000 -85184.4 -14598.3 -200000 41389.4
7.02 29338.4 200000 -162185 -29338.4 -200000 74169.5
7.04 46624 200000 -234745 -46624 -200000 94872.8
7.06 56662.6 200000 -284264 -56662.6 -200000 114277
7.08 58063.7 200000 -305989 -58063.7 -200000 131798
7.1 58577.2 200000 -311187 -58577.2 -200000 135455
7.12 59473 200000 -302229 -59473 -200000 123810
7.14 53179.5 200000 -267685 -53179.5 -200000 108146
7.16 39763.3 200000 -209337 -39763.3 -200000 90047
7.18 25227.9 200000 -139023 -25227.9 -200000 63339.1
7.2 10733.4 200000 -61060.9 -10733.4 -200000 28860.8
7.22 -3285.71 200000 19298.7 3285.71 -200000 -9441.58
7.24 -17401.8 200000 97690.2 17401.8 -200000 -45484.7
7.26 -32464.1 200000 171398 32464.1 -200000 -74005.5
7.28 -45005 200000 231557 45005 -200000 -96541.4
7.3 -54201.2 200000 275342 54201.2 -200000 -112738
7.32 -61687.3 200000 305558 61687.3 -200000 -120497
7.34 -64389.5 200000 316978 64389.5 -200000 -123809
7.36 -60791.8 200000 306468 60791.8 -200000 -124093
7.38 -54852.5 200000 280436 54852.5 -200000 -115878
7.4 -47143.6 200000 240108 47143.6 -200000 -98677.6
7.42 -37581.6 200000 187347 37581.6 -200000 -74602.5
7.44 -30396.1 200000 134414 30396.1 -200000 -43225.3
7.46 -22763.1 200000 82177.7 22763.1 -200000 -13888.3
7.48 -10736.4 200000 27661.5 10736.4 -200000 4547.77
7.5 -1211.26 200000 -15046.6 1211.26 -200000 18680.4
7.52 3318.22 200000 -40686.9 -3318.22 -200000 30732.3
7.54 8353.56 200000 -59141.4 -8353.56 -200000 34080.7
7.56 14445.2 200000 -73319 -14445.2 -200000 29983.5
7.58 19433.3 200000 -83131.7 -19433.3 -200000 24831.8
7.6 21861.9 200000 -89380.7 -21861.9 -200000 23794.9
7.62 20912.7 200000 -91422.3 -20912.7 -200000 28684.3
7.64 18228.2 200000 -90310.9 -18228.2 -200000 35626.1
7.66 16802.9 200000 -88819.8 -16802.9 -200000 38411.2
7.68 17982.4 200000 -88559.8 -17982.4 -200000 34612.5
7.7 20567.9 200000 -89170.5 -20567.9 -200000 27466.7
7.72 21729.7 200000 -88283.2 -21729.7 -200000 23094.1
7.74 19219.7 200000 -82780.7 -19219.7 -200000 25121.7
7.76 15036.2 200000 -74599.5 -15036.2 -200000 29490.8
7.78 14958 200000 -72558.6 -14958 -200000 27684.5
7.8 15736.8 200000 -70788.1 -15736.8 -200000 23577.9
7.82 10086.6 200000 -55515.3 -10086.6 -200000 25255.7
7.84 3942.74 200000 -35577.3 -3942.74 -200000 23749
7.86 3829.73 200000 -22627.4 -3829.73 -200000 11138.3
7.88 5228.57 200000 -11780.7 -5228.57 -200000 -3905.03
7.9 1282.84 200000 6066.54 -1282.84 -200000 -9915.06
7.92 -5725.07 200000 26763.8 5725.07 -200000 -9588.57
7.94 -7949.18 200000 37402.6 7949.18 -200000 -13555
7.96 -3888.15 200000 34066.6 3888.15 -200000 -22402.2
7.98 -3.76746 200000 25275.6 3.76746 -200000 -25264.3
8 -2411.6 200000 21672.5 2411.6 -200000 -14437.7
8.02 -5758.68 200000 17344.3 5758.68 -200000 -68.2819
8.04 1269.12 200000 -5630.8 -1269.12 -200000 1823.43
8.06 15777.2 200000 -45008.7 -15777.2 -200000 -2322.94
8.08 24226.5 200000 -80690.9 -24226.5 -200000 8011.45
8.1 24874 200000 -108633 -24874 -200000 34010.9
8.12 27611.6 200000 -140960 -27611.6 -200000 58125.7
8.14 38851.1 200000 -185364 -38851.1 -200000 68811
8.16 52125.7 200000 -231108 -52125.7 -200000 74730.5
8.18 54726.7 200000 -255731 -54726.7 -200000 91551
8.2 46829 200000 -254382 -46829 -200000 113895
8.22 43790.7 200000 -248287 -43790.7 -200000 116915
8.24 51750.9 200000 -249391 -51750.9 -200000 94138
8.26 56585.4 200000 -240204 -56585.4 -200000 70447.9
8.28 46806.9 200000 -205651 -46806.9 -200000 65230.3
8.3 31516.7 200000 -160447 -31516.7 -200000 65896.7
8.32 24336.1 200000 -125724 -24336.1 -200000 52715.3
8.34 18592.7 200000 -89123.6 -18592.7 -200000 33345.5
8.36 401.636 200000 -24686 -401.636 -200000 23481.1
8.38 -24221.5 200000 61414.6 24221.5 -200000 11249.8
8.4 -38465.4 200000 141264 38465.4 -200000 -25868.1
8.42 -46379.5 200000 216809 46379.5 -200000 -77670.6
8.44 -63731.9 200000 308231 63731.9 -200000 -117035
8.46 -82623.9 200000 395665 82623.9 -200000 -147793
8.48 -89234.6 200000 449292 89234.6 -200000 -181588
8.5 -90169.1 200000 474831 90169.1 -200000 -204323
8.52 -93887.3 200000 483828 93887.3 -200000 -202166
8.54 -95346.7 200000 469208 95346.7 -200000 -183168
8.56 -84211 200000 416077 84211 -200000 -163444
8.58 -66929.2 200000 338359 66929.2 -200000 -137572
8.6 -53313.8 200000 256881 53313.8 -200000 -96939.7
8.62 -34299.1 200000 159464 34299.1 -200000 -56566.8
8.64 -14392.2 200000 59070 14392.2 -200000 -15893.3
8.66 -1791.16 200000 -23446.8 1791.16 -200000 28820.3
8.68 14229.8 200000 -102300 -14229.8 -200000 59610.8
8.7 30116.1 200000 -168629 -30116.1 -200000 78280.7
8.72 35160.1 200000 -201679 -35160.1 -200000 96198.5
8.74 37170.1 200000 -214226 -37170.1 -200000 102715
8.76 41091.2 200000 -216055 -41091.2 -200000 92781.3
8.78 41674.4 200000 -201736 -41674.4 -200000 76712.4
8.8 35312.8 200000 -168892 -35312.8 -200000 62953.2
8.82 23787.6 200000 -122081 -23787.6 -200000 50718.1
8.84 15938.8 200000 -78215.3 -15938.8 -200000 30398.9
8.86 12480.2 200000 -42091.6 -12480.2 -200000 4650.95
8.88 6603.11 200000 -6099.56 -6603.11 -200000 -13709.8
8.9 -390.807 200000 24490 390.807 -200000 -23317.6
8.92 -599.577 200000 33521.3 599.577 -200000 -31722.5
8.94 8172.78 200000 13376.1 -8172.78 -200000 -37894.5
8.96 14994.2 200000 -19101.5 -14994.2 -200000 -25881.2
8.98 14671.5 200000 -51314 -14671.5 -200000 7299.54
9 19346.8 200000 -97303.8 -19346.8 -200000 39263.4
9.02 37021 200000 -166782 -37021 -200000 55718.6
9.04 53599.9 200000 -234306 -53599.9 -200000 73506.5
9.06 57024 200000 -276170 -57024 -200000 105098
9.08 60266.1 200000 -310367 -60266.1 -200000 129569
9.1 72363.6 200000 -350407 -72363.6 -200000 133317
9.12 79944.5 200000 -373704 -79944.5 -200000 133871
9.14 72453.3 200000 -360905 -72453.3 -200000 143545
9.16 62710.8 200000 -331487 -62710.8 -200000 143354
9.18 60487.9 200000 -302130 -60487.9 -200000 120667
9.2 50487.2 200000 -247668 -50487.2 -200000 96206.2
9.22 27172.1 200000 -158772 -27172.1 -200000 77255.7
9.24 8455.77 200000 -67611.8 -8455.77 -200000 42244.5
9.26 17.4267 200000 10486.1 -17.4267 -200000 -10538.3
9.28 -14428.4 200000 96349.1 14428.4 -200000 -53063.9
9.3 -37690.5 200000 190334 37690.5 -200000 -77261.9
9.32 -54003.3 200000 263470 54003.3 -200000 -101460
9.34 -60130.1 200000 308460 60130.1 -200000 -128070
9.36 -66641.3 200000 341684 66641.3 -200000 -141760
9.38 -74550.1 200000 364683 74550.1 -200000 -141033
9.4 -73353.9 200000 359664 73353.9 -200000 -139603
9.42 -65744.8 200000 331694 65744.8 -200000 -134460
9.44 -60922.4 200000 298223 60922.4 -200000 -115456
9.46 -55425.6 200000 256325 55425.6 -200000 -90047.8
9.48 -37916 200000 187350 37916 -200000 -73601.8
9.5 -11266.5 200000 93179.1 11266.5 -200000 -59379.6
9.52 2713.27 200000 11701.5 -2713.27 -200000 -19841.3
9.54 -164.077 200000 -40367.9 164.077 -200000 40860.1
9.56 -744.194 200000 -81636.4 744.194 -200000 83869
9.58 19068.8 200000 -138047 -19068.8 -200000 80840.1
9.6 51763.7 200000 -207161 -51763.7 -200000 51869.3
9.62 65405.5 200000 -247046 -65405.5 -200000 50829.8
9.64 48816.8 200000 -238001 -48816.8 -200000 91550.8
9.66 25126.4 200000 -205140 -25126.4 -200000 129760
9.68 22598.3 200000 -185526 -22598.3 -200000 117731
9.7 40325.5 200000 -183436 -40325.5 -200000 62459.5
9.72 45686.5 200000 -157930 -45686.5 -200000 20870.8
9.74 26488.6 200000 -96989 -26488.6 -200000 17523.1
9.76 12642.8 200000 -53287.2 -12642.8 -200000 15358.8
9.78 23299.1 200000 -62269.6 -23299.1 -200000 -7627.59
9.8 34053.5 200000 -86474.9 -34053.5 -200000 -15685.4
9.82 20135.9 200000 -79831.8 -20135.9 -200000 19424.1
9.84 1885.62 200000 -64798.8 -1885.62 -200000 59141.9
9.86 13686 200000 -93467.3 -13686 -200000 52409.2
9.88 39766.6 200000 -143809 -39766.6 -200000 24509.6
9.9 43921.1 200000 -161213 -43921.1 -200000 29449.7
9.92 30704 200000 -152897 -30704 -200000 60784.8
9.94 13050.5 200000 -128227 -13050.5 -200000 89075.2
9.96 -8567.27 200000 -70967.4 8567.27 -200000 96669.2
9.98 -19483.1 200000 -647.766 19483.1 -200000 59097.1
10 -8047.12 200000 48490.2 8047.12 -200000 -24348.8
10.02 9008.77 200000 77310.5 -9008.77 -200000 -104337
10.04 7812 200000 103702 -7812 -200000 -127138
10.06 -12944.2 200000 127666 12944.2 -200000 -88833.4
10.08 -26552.2 200000 117780 26552.2 -200000 -38123.8
10.1 -14144.9 200000 55965.9 14144.9 -200000 -13531.4
10.12 1294.34 200000 -9667.34 -1294.34 -200000 5784.33
10.14 -9653.45 200000 -17856.1 9653.45 -200000 46816.5
10.16 -23350.7 200000 1507.7 23350.7 -200000 68544.3
10.18 -139.196 200000 -23855.4 139.196 -200000 24273
10.2 33157 200000 -66659.5 -33157 -200000 -32811.7
10.22 32156.5 200000 -66642 -32156.5 -200000 -29827.5
10.24 14570 200000 -55313.3 -14570 -200000 11603.4
10.26 16979 200000 -86919.3 -16979 -200000 35982.3
10.28 26727.2 200000 -130014 -26727.2 -200000 49832.6
10.3 9759.17 200000 -112984 -9759.17 -200000 83706.5
10.32 -21893.7 200000 -40375.5 21893.7 -200000 106057
10.34 -30004.7 200000 28329.4 30004.7 -200000 61684.8
10.36 -19702.1 200000 89513.4 19702.1 -200000 -30407.3
10.38 -30232.4 200000 190192 30232.4 -200000 -99494.9
10.4 -64345.4 200000 322033 64345.4 -200000 -128997
10.42 -89849.7 200000 426300 89849.7 -200000 -156751
10.44 -100734 200000 492920 100734 -200000 -190719
10.46 -106224 200000 534867 106224 -200000 -216194
10.48 -93344.1 200000 519034 93344.1 -200000 -239001
10.5 -58106 200000 422650 58106 -200000 -248331
10.52 -19630.2 200000 266304 19630.2 -200000 -207414
10.54 11909.5 200000 68529.1 -11909.5 -200000 -104257
10.56 47519.7 200000 -173560 -47519.7 -200000 31000.7
10.58 100444 200000 -461594 -100444 -200000 160260
10.6 156472 200000 -751051 -156472 -200000 281636
10.62 196341 200000 -989665 -196341 -200000 400641
10.64 223726 200000 -1.16585e+06 -223726 -200000 494671
10.66 233075 200000 -1.2515e+06 -233075 -200000 552271
10.68 213783 200000 -1.21076e+06 -213783 -200000 569406
10.7 184332 200000 -1.06866e+06 -184332 -200000 515663
10.72 159508 200000 -862280 -159508 -200000 383756
10.74 113965 200000 -570739 -113965 -200000 228844
10.76 33917.7 200000 -191216 -33917.7 -200000 89463.1
10.78 -46922.9 200000 201181 46922.9 -200000 -60411.9
10.8 -101225 200000 538674 101225 -200000 -235001
10.82 -151901 200000 838336 151901 -200000 -382633
10.84 -230553 200000 1.14635e+06 230553 -200000 -454687
10.86 -303069 200000 1.40932e+06 303069 -200000 -500117
10.88 -323014 200000 1.54852e+06 323014 -200000 -579478
10.9 -303915 200000 1.57242e+06 303915 -200000 -660676
10.92 -282937 200000 1.52354e+06 282937 -200000 -674727
10.94 -280405 200000 1.43399e+06 280405 -200000 -592772
10.96 -261527 200000 1.25926e+06 261527 -200000 -474679
10.98 -187040 200000 943928 187040 -200000 -382809
11 -96151.9 200000 560754 96151.9 -200000 -272299
11.02 -38319.2 200000 207157 38319.2 -200000 -92199.7
11.04 11317.3 200000 -135596 -11317.3 -200000 101645
11.06 93142.2 200000 -515453 -93142.2 -200000 236026
11.08 174718 200000 -864216 -174718 -200000 340062
11.1 198118 200000 -1.06509e+06 -198118 -200000 470731
11.12 184487 200000 -1.1284e+06 -184487 -200000 574936
11.14 192922 200000 -1.14033e+06 -192922 -200000 561560
11.16 202295 200000 -1.07052e+06 -202295 -200000 463634
11.18 151762 200000 -827639 -151762 -200000 372354
11.2 55771.5 200000 -443119 -55771.5 -200000 275804
11.22 -17665.4 200000 -44773.9 17665.4 -200000 97770.1
11.24 -51371.9 200000 304371 51371.9 -200000 -150255
11.26 -100704 200000 655314 100704 -200000 -353201
11.28 -194097 200000 1.03167e+06 194097 -200000 -449383
11.3 -279471 200000 1.34348e+06 279471 -200000 -505069
11.32 -306344 200000 1.50665e+06 306344 -200000 -587615
11.34 -293155 200000 1.54232e+06 293155 -200000 -662857
11.36 -287080 200000 1.51938e+06 287080 -200000 -658145
11.38 -282879 200000 1.42929e+06 282879 -200000 -580650
11.4 -240430 200000 1.21181e+06 240430 -200000 -490524
11.42 -166029 200000 886689 166029 -200000 -388602
11.44 -87829.5 200000 509480 87829.5 -200000 -245992
11.46 -7208.94 200000 92583.2 7208.94 -200000 -70956.4
11.48 76468.9 200000 -347206 -76468.9 -200000 117799
11.5 158471 200000 -779636 -158471 -200000 304221
11.52 239698 200000 -1.18684e+06 -239698 -200000 467746
11.54 310557 200000 -1.53627e+06 -310557 -200000 604603
11.56 353605 200000 -1.7816e+06 -353605 -200000 720788
11.58 360784 200000 -1.88856e+06 -360784 -200000 806211
11.6 340500 200000 -1.85082e+06 -340500 -200000 829315
11.62 306691 200000 -1.6824e+06 -306691 -200000 762328
11.64 251363 200000 -1.37441e+06 -251363 -200000 620321
11.66 164678 200000 -926114 -164678 -200000 432080
11.68 60441.1 200000 -385153 -60441.1 -200000 203830
11.7 -45470.3 200000 191492 45470.3 -200000 -55081.5
11.72 -138703 200000 740676 138703 -200000 -324568
11.74 -210377 200000 1.20166e+06 210377 -200000 -570529
11.76 -275382 200000 1.5627e+06 275382 -200000 -736554
11.78 -330462 200000 1.79857e+06 330462 -200000 -807185
11.8 -348722 200000 1.85909e+06 348722 -200000 -812923
11.82 -336681 200000 1.76537e+06 336681 -200000 -755332
11.84 -312843 200000 1.57012e+06 312843 -200000 -631588
11.86 -266267 200000 1.27952e+06 266267 -200000 -480721
11.88 -184752 200000 892461 184752 -200000 -338205
11.9 -96313.7 200000 472446 96313.7 -200000 -183504
11.92 -13858.5 200000 54026.4 13858.5 -200000 -12450.9
11.94 82630.9 200000 -389692 -82630.9 -200000 141799
11.96 178509 200000 -826113 -178509 -200000 290585
11.98 251167 200000 -1.20555e+06 -251167 -200000 452046
12 295599 200000 -1.49881e+06 -295599 -200000 612016
12.02 320144 200000 -1.69282e+06 -320144 -200000 732384
12.04 342034 200000 -1.79877e+06 -342034 -200000 772668
12.06 350046 200000 -1.79374e+06 -350046 -200000 743602
12.08 318513 200000 -1.63782e+06 -318513 -200000 682280
12.1 252931 200000 -1.34593e+06 -252931 -200000 587138
12.12 179549 200000 -972423 -179549 -200000 433776
12.14 106920 200000 -551152 -106920 -200000 230392
12.16 27726.3 200000 -98204.6 -27726.3 -200000 15025.7
12.18 -56051.1 200000 351964 56051.1 -200000 -183810
12.2 -131671 200000 750328 131671 -200000 -355315
12.22 -191024 200000 1.06211e+06 191024 -200000 -489035
12.24 -234753 200000 1.27533e+06 234753 -200000 -571070
12.26 -259279 200000 1.37847e+06 259279 -200000 -600632
12.28 -251465 200000 1.34675e+06 251465 -200000 -592352
12.3 -211109 200000 1.17818e+06 211109 -200000 -544856
12.32 -157812 200000 910191 157812 -200000 -436754
12.34 -99231.8 200000 569758 99231.8 -200000 -272062
12.36 -26694.7 200000 164466 26694.7 -200000 -84381.4
12.38 55014.2 200000 -270761 -55014.2 -200000 105718
12.4 131720 200000 -685053 -131720 -200000 289892
12.42 193705 200000 -1.036e+06 -193705 -200000 454888
12.44 230087 200000 -1.27775e+06 -230087 -200000 587491
12.46 241615 200000 -1.38729e+06 -241615 -200000 662450
12.48 236803 200000 -1.36575e+06 -236803 -200000 655342
12.5 220208 200000 -1.22539e+06 -220208 -200000 564765
12.52 191944 200000 -989866 -191944 -200000 414034
12.54 136279 200000 -661234 -136279 -200000 252398
12.56 50175.4 200000 -256031 -50175.4 -200000 105505
12.58 -39910.2 200000 166330 39910.2 -200000 -46599.6
12.6 -114937 200000 559878 114937 -200000 -215068
12.62 -180647 200000 917714 180647 -200000 -375772
12.64 -245877 200000 1.23907e+06 245877 -200000 -501438
12.66 -296220 200000 1.48599e+06 296220 -200000 -597330
12.68 -309986 200000 1.60608e+06 309986 -200000 -676120
12.7 -293189 200000 1.59238e+06 293189 -200000 -712807
12.72 -264211 200000 1.46471e+06 264211 -200000 -672080
12.74 -220065 200000 1.21848e+06 220065 -200000 -558287
12.76 -152316 200000 852722 152316 -200000 -395774
12.78 -71353.3 200000 409232 71353.3 -200000 -195172
12.8 11375.5 200000 -62008.6 -11375.5 -200000 27882.2
12.82 96503.1 200000 -530605 -96503.1 -200000 241095
12.84 183476 200000 -969292 -183476 -200000 418865
12.86 261450 200000 -1.34183e+06 -261450 -200000 557479
12.88 311503 200000 -1.60214e+06 -311503 -200000 667634
12.9 328512 200000 -1.72774e+06 -328512 -200000 742209
12.92 328892 200000 -1.7378e+06 -328892 -200000 751128
12.94 321575 200000 -1.65062e+06 -321575 -200000 685900
12.96 293966 200000 -1.45898e+06 -293966 -200000 577084
12.98 235003 200000 -1.16084e+06 -235003 -200000 455827
13 158682 200000 -794806 -158682 -200000 318762
13.02 85211.2 200000 -410691 -85211.2 -200000 155058
13.04 11319.6 200000 -19556.7 -11319.6 -200000 -14402.2
13.06 -72882.1 200000 381227 72882.1 -200000 -162580
13.08 -157272 200000 764828 157272 -200000 -293011
13.1 -223858 200000 1.09238e+06 223858 -200000 -420806
13.12 -268413 200000 1.34507e+06 268413 -200000 -539829
13.14 -295058 200000 1.51434e+06 295058 -200000 -629169
13.16 -300817 200000 1.57857e+06 300817 -200000 -676119
13.18 -280532 200000 1.51526e+06 280532 -200000 -673662
13.2 -239300 200000 1.32704e+06 239300 -200000 -609144
13.22 -192609 200000 1.04923e+06 192609 -200000 -471406
13.24 -140550 200000 706032 140550 -200000 -284380
13.26 -64649.4 200000 293753 64649.4 -200000 -99804.7
13.28 25369.7 200000 -146450 -25369.7 -200000 70341
13.3 94952.3 200000 -531326 -94952.3 -200000 246470
13.32 140910 200000 -830049 -140910 -200000 407318
13.34 186368 200000 -1.06249e+06 -186368 -200000 503389
13.36 224759 200000 -1.20877e+06 -224759 -200000 534491
13.38 244351 200000 -1.25447e+06 -244351 -200000 521414
13.4 250575 200000 -1.22516e+06 -250575 -200000 473434
13.42 221173 200000 -1.09179e+06 -221173 -200000 428274
13.44 149952 200000 -838957 -149952 -200000 389102
13.46 82742.7 200000 -540481 -82742.7 -200000 292253
13.48 38381.2 200000 -238231 -38381.2 -200000 123087
13.5 -18289.1 200000 106210 18289.1 -200000 -51342.7
13.52 -100930 200000 494745 100930 -200000 -191954
13.54 -168206 200000 837036 168206 -200000 -332418
13.56 -193307 200000 1.06241e+06 193307 -200000 -482488
13.58 -209269 200000 1.20319e+06 209269 -200000 -575385
13.6 -239326 200000 1.28948e+06 239326 -200000 -571502
13.62 -256169 200000 1.2834e+06 256169 -200000 -514898
13.64 -233470 200000 1.15567e+06 233470 -200000 -455264
13.66 -181166 200000 933013 181166 -200000 -389515
13.68 -124864 200000 664504 124864 -200000 -289913
13.7 -63197 200000 353190 63197 -200000 -163599
13.72 16642.8 200000 -16937.6 -16642.8 -200000 -32990.6
13.74 96432.2 200000 -404553 -96432.2 -200000 115257
13.76 157458 200000 -759949 -157458 -200000 287575
13.78 211749 200000 -1.08133e+06 -211749 -200000 446079
13.8 268864 200000 -1.36524e+06 -268864 -200000 558654
13.82 311047 200000 -1.56758e+06 -311047 -200000 634443
13.84 314170 200000 -1.63349e+06 -314170 -200000 690978
13.86 285475 200000 -1.56052e+06 -285475 -200000 704098
13.88 260365 200000 -1.40667e+06 -260365 -200000 625573
13.9 240523 200000 -1.19258e+06 -240523 -200000 471014
13.92 186221 200000 -875984 -186221 -200000 317322
13.94 89716.5 200000 -460516 -89716.5 -200000 191367
13.96 -9539 200000 -20615.1 9539 -200000 49232.1
13.98 -82639 200000 383484 82639 -200000 -135567
14 -144638 200000 756887 144638 -200000 -322973
14.02 -215115 200000 1.11115e+06 215115 -200000 -465805
14.04 -267957 200000 1.38141e+06 267957 -200000 -577541
14.06 -274224 200000 1.49587e+06 274224 -200000 -673203
14.08 -262762 200000 1.48691e+06 262762 -200000 -698627
14.1 -258915 200000 1.39736e+06 258915 -200000 -620616
14.12 -228074 200000 1.18086e+06 228074 -200000 -496640
14.14 -150817 200000 820378 150817 -200000 -367926
14.16 -65951.2 200000 399994 65951.2 -200000 -202141
14.18 1207.93 200000 -13015.5 -1207.93 -200000 9391.75
14.2 73235.6 200000 -429145 -73235.6 -200000 209438
14.22 160565 200000 -842836 -160565 -200000 361142
14.24 228930 200000 -1.17754e+06 -228930 -200000 490748
14.26 254607 200000 -1.3738e+06 -254607 -200000 609983
14.28 259769 200000 -1.45148e+06 -259769 -200000 672170
14.3 263918 200000 -1.43644e+06 -263918 -200000 644686
14.32 251617 200000 -1.31012e+06 -251617 -200000 555269
14.34 209475 200000 -1.06768e+06 -209475 -200000 439254
14.36 152974 200000 -757882 -152974 -200000 298959
14.38 96132.9 200000 -428147 -96132.9 -200000 139749
14.4 32398.9 200000 -88351.6 -32398.9 -200000 -8845.03
14.42 -40272.5 200000 250279 40272.5 -200000 -129461
14.44 -108253 200000 556826 108253 -200000 -232065
14.46 -156050 200000 798452 156050 -200000 -330302
14.48 -181524 200000 961156 181524 -200000 -416584
14.5 -197017 200000 1.05537e+06 197017 -200000 -464322
14.52 -206188 200000 1.08233e+06 206188 -200000 -463768
14.54 -199797 200000 1.02847e+06 199797 -200000 -429075
14.56 -175560 200000 897203 175560 -200000 -370524
14.58 -135749 200000 700196 135749 -200000 -292949
14.6 -85306.7 200000 453389 85306.7 -200000 -197469
14.62 -36609.3 200000 189512 36609.3 -200000 -79684.3
14.64 7146.06 200000 -69536.2 -7146.06 -200000 48098.1
14.66 58835.2 200000 -331125 -58835.2 -200000 154620
14.68 118657 200000 -588111 -118657 -200000 232141
14.7 162584 200000 -794765 -162584 -200000 307013
14.72 177851 200000 -920048 -177851 -200000 386495
14.74 177262 200000 -971572 -177262 -200000 439785
14.76 178962 200000 -971338 -178962 -200000 434453
14.78 179653 200000 -917517 -179653 -200000 378557
14.8 153199 200000 -774162 -153199 -200000 314566
14.82 98143 200000 -544296 -98143 -200000 249867
14.84 48385.7 200000 -292943 -48385.7 -200000 147786
14.86 11157.6 200000 -46139 -11157.6 -200000 12666.3
14.88 -41773.1 200000 229444 41773.1 -200000 -104125
14.9 -107474 200000 517735 107474 -200000 -195312
14.92 -154644 200000 756096 154644 -200000 -292163
14.94 -181963 200000 932076 181963 -200000 -386187
14.96 -209968 200000 1.07184e+06 209968 -200000 -441938
14.98 -232813 200000 1.16035e+06 232813 -200000 -461916
15 -228877 200000 1.15709e+06 228877 -200000 -470460
15.02 -204000 200000 1.06875e+06 204000 -200000 -456751
15.04 -173554 200000 920433 173554 -200000 -399770
15.06 -129621 200000 700286 129621 -200000 -311422
15.08 -66047.4 200000 402652 66047.4 -200000 -204509
15.1 -1584.08 200000 70740 1584.08 -200000 -65987.7
15.12 47785.9 200000 -246884 -47785.9 -200000 103526
15.14 94005.2 200000 -543594 -94005.2 -200000 261579
15.16 145931 200000 -810952 -145931 -200000 373159
15.18 191298 200000 -1.01467e+06 -191298 -200000 440775
15.2 222037 200000 -1.13915e+06 -222037 -200000 473038
15.22 232125 200000 -1.17643e+06 -232125 -200000 480051
15.24 218869 200000 -1.12302e+06 -218869 -200000 466414
15.26 191690 200000 -996490 -191690 -200000 421421
15.28 155577 200000 -809284 -155577 -200000 342552
15.3 107240 200000 -562981 -107240 -200000 241260
15.32 51046.2 200000 -276080 -51046.2 -200000 122942
15.34 -2106.07 200000 17269.2 2106.07 -200000 -10951
15.36 -51360.1 200000 297446 51360.1 -200000 -143365
15.38 -102226 200000 557778 102226 -200000 -251100
15.4 -151219 200000 782214 151219 -200000 -328556
15.42 -185972 200000 944296 185972 -200000 -386380
15.44 -200155 200000 1.02864e+06 200155 -200000 -428172
15.46 -199711 200000 1.04089e+06 199711 -200000 -441752
15.48 -187963 200000 983980 187963 -200000 -420091
15.5 -163661 200000 857322 163661 -200000 -366339
15.52 -129255 200000 672135 129255 -200000 -284368
15.54 -83445.3 200000 435689 83445.3 -200000 -185353
15.56 -27644.1 200000 160455 27644.1 -200000 -77523.2
15.58 28850 200000 -126434 -28850 -200000 39883.9
15.6 80745.4 200000 -403097 -80745.4 -200000 160861
15.62 126011 200000 -651270 -126011 -200000 273238
15.64 162266 200000 -851930 -162266 -200000 365133
15.66 185634 200000 -985399 -185634 -200000 428496
15.68 190579 200000 -1.03142e+06 -190579 -200000 459677
15.7 177940 200000 -984564 -177940 -200000 450743
15.72 155245 200000 -858425 -155245 -200000 392689
15.74 128000 200000 -673772 -128000 -200000 289771
15.76 91681.1 200000 -441979 -91681.1 -200000 166936
15.78 36700.2 200000 -164150 -36700.2 -200000 54049.8
15.8 -31079.1 200000 139378 31079.1 -200000 -46140.5
15.82 -87461.4 200000 418754 87461.4 -200000 -156369
15.84 -120621 200000 639485 120621 -200000 -277621
15.86 -146624 200000 811575 146624 -200000 -371702
15.88 -174476 200000 937830 174476 -200000 -414402
15.9 -185279 200000 979966 185279 -200000 -424127
15.92 -168155 200000 917072 168155 -200000 -412607
15.94 -138864 200000 777511 138864 -200000 -360919
15.96 -106909 200000 584991 106909 -200000 -264264
15.98 -62769.9 200000 336178 62769.9 -200000 -147868
16 -6912.32 200000 47786 6912.32 -200000 -27049.1
16.02 44627.4 200000 -234931 -44627.4 -200000 101049
16.04 86225.7 200000 -483496 -86225.7 -200000 224819
16.06 120347 200000 -683563 -120347 -200000 322522
16.08 144269 200000 -815463 -144269 -200000 382655
16.1 155113 200000 -866463 -155113 -200000 401124
16.12 150580 200000 -831944 -150580 -200000 380204
16.14 134029 200000 -724216 -134029 -200000 322129
16.16 106623 200000 -556988 -106623 -200000 237119
16.18 60758.4 200000 -328170 -60758.4 -200000 145895
16.2 6368.05 200000 -65040.7 -6368.05 -200000 45936.6
16.22 -37760.8 200000 186682 37760.8 -200000 -73399.5
16.24 -76393.9 200000 419065 76393.9 -200000 -189883
16.26 -118658 200000 633123 118658 -200000 -277149
16.28 -153415 200000 799138 153415 -200000 -338893
16.3 -170943 200000 893962 170943 -200000 -381132
16.32 -176576 200000 923740 176576 -200000 -394013
16.34 -170347 200000 887677 170347 -200000 -376636
16.36 -148859 200000 781566 148859 -200000 -334989
16.38 -118735 200000 622568 118735 -200000 -266362
16.4 -84394.2 200000 428064 84394.2 -200000 -174882
16.42 -45362.4 200000 210246 45362.4 -200000 -74158.5
16.44 -4378.11 200000 -11780 4378.11 -200000 24914.3
16.46 36189.7 200000 -221424 -36189.7 -200000 112855
16.48 74853.2 200000 -407523 -74853.2 -200000 182963
16.5 105952 200000 -554860 -105952 -200000 237005
16.52 124676 200000 -651057 -124676 -200000 277031
16.54 128580 200000 -686960 -128580 -200000 301220
16.56 121090 200000 -663889 -121090 -200000 300618
16.58 110190 200000 -595939 -110190 -200000 265370
16.6 90313.8 200000 -478420 -90313.8 -200000 207479
16.62 57458.8 200000 -311938 -57458.8 -200000 139562
16.64 23638.3 200000 -127571 -23638.3 -200000 56656.5
16.66 -5318.68 200000 51579.1 5318.68 -200000 -35623
16.68 -32853.4 200000 216894 32853.4 -200000 -118334
16.7 -59615.7 200000 357177 59615.7 -200000 -178330
16.72 -83691.1 200000 463100 83691.1 -200000 -212027
16.74 -99418.5 200000 524304 99418.5 -200000 -226048
16.76 -102073 200000 533989 102073 -200000 -227769
16.78 -95646.7 200000 501070 95646.7 -200000 -214130
16.8 -85638.6 200000 438631 85638.6 -200000 -181715
16.82 -71551.3 200000 351631 71551.3 -200000 -136977
16.84 -51118.9 200000 242866 51118.9 -200000 -89509.2
16.86 -24970.8 200000 118626 24970.8 -200000 -43713.4
16.88 926.91 200000 -6738.71 -926.91 -200000 3957.98
16.9 20280.6 200000 -116918 -20280.6 -200000 56076.7
16.92 34741 200000 -207607 -34741 -200000 103384
16.94 48619.3 200000 -279919 -48619.3 -200000 134061
16.96 59441.7 200000 -326190 -59441.7 -200000 147865
16.98 59678.7 200000 -331626 -59678.7 -200000 152590
17 49694.1 200000 -295340 -49694.1 -200000 146258
17.02 38836 200000 -234431 -38836 -200000 117923
17.04 26091.8 200000 -151413 -26091.8 -200000 73137.9
17.06 2968.86 200000 -36740.4 -2968.86 -200000 27833.8
17.08 -23819 200000 92589.1 23819 -200000 -21132.2
17.1 -44119.5 200000 212211 44119.5 -200000 -79852.4
17.12 -61779.5 200000 320666 61779.5 -200000 -135327
17.14 -82033.4 200000 420071 82033.4 -200000 -173971
17.16 -97370.2 200000 492713 97370.2 -200000 -200603
17.18 -100965 200000 523074 100965 -200000 -220179
17.2 -98490.1 200000 518388 98490.1 -200000 -222917
17.22 -90569.3 200000 478319 90569.3 -200000 -206612
17.24 -74428.7 200000 398802 74428.7 -200000 -175516
17.26 -52067.9 200000 286368 52067.9 -200000 -130165
17.28 -23053.2 200000 143993 23053.2 -200000 -74833.8
17.3 9286.02 200000 -17521.2 -9286.02 -200000 -10336.9
17.32 37858.2 200000 -177840 -37858.2 -200000 64265.5
17.34 62442.6 200000 -325889 -62442.6 -200000 138561
17.36 86002.1 200000 -456078 -86002.1 -200000 198072
17.38 109013 200000 -562477 -109013 -200000 235437
17.4 125088 200000 -631485 -125088 -200000 256221
17.42 123628 200000 -641757 -123628 -200000 270872
17.44 109026 200000 -596533 -109026 -200000 269455
17.46 93120.3 200000 -514573 -93120.3 -200000 235212
17.48 75660.3 200000 -399953 -75660.3 -200000 172972
17.5 51414.7 200000 -253874 -51414.7 -200000 99629.6
17.52 19990.3 200000 -87068.4 -19990.3 -200000 27097.5
17.54 -14737.9 200000 84770.8 14737.9 -200000 -40557.1
17.56 -45606.3 200000 241911 45606.3 -200000 -105092
17.58 -67631.1 200000 367890 67631.1 -200000 -164996
17.6 -87007.3 200000 467188 87007.3 -200000 -206167
17.62 -106476 200000 542547 106476 -200000 -223120
17.64 -116038 200000 577492 116038 -200000 -229378
17.66 -110368 200000 562974 110368 -200000 -231869
17.68 -97976.6 200000 512909 97976.6 -200000 -218979
17.7 -89954.5 200000 449469 89954.5 -200000 -179606
17.72 -77010.2 200000 362787 77010.2 -200000 -131756
17.74 -43155.8 200000 227595 43155.8 -200000 -98127.6
17.76 -3448.53 200000 68710.6 3448.53 -200000 -58365
17.78 17440.8 200000 -67412.3 -17440.8 -200000 15089.8
17.8 31642.1 200000 -190817 -31642.1 -200000 95890.5
17.82 63112.1 200000 -333392 -63112.1 -200000 144056
17.84 98584.3 200000 -469076 -98584.3 -200000 173323
17.86 110142 200000 -546757 -110142 -200000 216330
17.88 101609 200000 -564396 -101609 -200000 259569
17.9 96725.7 200000 -553923 -96725.7 -200000 263746
17.92 95461.7 200000 -513664 -95461.7 -200000 227279
17.94 74789.1 200000 -407217 -74789.1 -200000 182850
17.96 35499.1 200000 -239519 -35499.1 -200000 133022
17.98 4376.97 200000 -63995.7 -4376.97 -200000 50864.8
18 -14880.5 200000 98401.5 14880.5 -200000 -53760
18.02 -42993.5 200000 266559 42993.5 -200000 -137578
18.04 -83808.4 200000 437223 83808.4 -200000 -185798
18.06 -114691 200000 568488 114691 -200000 -224415
18.08 -119382 200000 627758 119382 -200000 -269612
18.1 -110952 200000 629037 110952 -200000 -296181
18.12 -109636 200000 603308 109636 -200000 -274401
18.14 -108829 200000 545253 108829 -200000 -218767
18.16 -85915 200000 425033 85915 -200000 -167288
18.18 -44858.2 200000 254799 44858.2 -200000 -120225
18.2 -9255.9 200000 79069.7 9255.9 -200000 -51302.1
18.22 15271 200000 -83962 -15271 -200000 38149.2
18.24 40698.9 200000 -241825 -40698.9 -200000 119728
18.26 74659.9 200000 -397697 -74659.9 -200000 173717
18.28 105313 200000 -527106 -105313 -200000 211168
18.3 115529 200000 -596606 -115529 -200000 250019
18.32 111497 200000 -610663 -111497 -200000 276173
18.34 108645 200000 -591835 -108645 -200000 265900
18.36 102578 200000 -534292 -102578 -200000 226558
18.38 78775.8 200000 -417500 -78775.8 -200000 181172
18.4 39375.2 200000 -248134 -39375.2 -200000 130008
18.42 1873.65 200000 -60345.8 -1873.65 -200000 54724.9
18.44 -25075.6 200000 120229 25075.6 -200000 -45001.9
18.46 -51023 200000 293720 51023 -200000 -140651
18.48 -83637.4 200000 458944 83637.4 -200000 -208032
18.5 -109184 200000 582478 109184 -200000 -254927
18.52 -116203 200000 637587 116203 -200000 -288978
18.54 -114034 200000 636236 114034 -200000 -294133
18.56 -107359 200000 586484 107359 -200000 -264406
18.58 -86700 200000 475466 86700 -200000 -215366
18.6 -50310.1 200000 305006 50310.1 -200000 -154075
18.62 -9717.29 200000 101337 9717.29 -200000 -72184.7
18.64 28766.5 200000 -114860 -28766.5 -200000 28559.9
18.66 69783.5 200000 -339110 -69783.5 -200000 129760
18.68 114516 200000 -561716 -114516 -200000 218169
18.7 152436 200000 -754338 -152436 -200000 297030
18.72 173250 200000 -888081 -173250 -200000 368330
18.74 182814 200000 -962158 -182814 -200000 413716
18.76 189766 200000 -985758 -189766 -200000 416461
18.78 184303 200000 -942041 -184303 -200000 389132
18.8 156086 200000 -815377 -156086 -200000 347120
18.82 117010 200000 -630238 -117010 -200000 279209
18.84 80187.3 200000 -417985 -80187.3 -200000 177423
18.86 38810 200000 -180239 -38810 -200000 63808.6
18.88 -10953.8 200000 74891.7 10953.8 -200000 -42030.1
18.9 -56246.4 200000 311090 56246.4 -200000 -142351
18.92 -89168.5 200000 501315 89168.5 -200000 -233809
18.94 -114053 200000 641273 114053 -200000 -299115
18.96 -132764 200000 726851 132764 -200000 -328560
18.98 -139741 200000 746913 139741 -200000 -327689
19 -130193 200000 695315 130193 -200000 -304735
19.02 -107909 200000 582731 107909 -200000 -259005
19.04 -81048.6 200000 430609 81048.6 -200000 -187464
19.06 -49890.7 200000 250135 49890.7 -200000 -100463
19.08 -12431 200000 49983.5 12431 -200000 -12690.5
19.1 24079.2 200000 -144876 -24079.2 -200000 72638.6
19.12 54124.9 200000 -313164 -54124.9 -200000 150790
19.14 80474.1 200000 -450368 -80474.1 -200000 208945
19.16 100694 200000 -546115 -100694 -200000 244033
19.18 107882 200000 -584782 -107882 -200000 261135
19.2 103718 200000 -567918 -103718 -200000 256763
19.22 90809.8 200000 -500712 -90809.8 -200000 228283
19.24 68807.8 200000 -385751 -68807.8 -200000 179327
19.26 43680.2 200000 -241073 -43680.2 -200000 110032
19.28 16693.3 200000 -79940.3 -16693.3 -200000 29860.4
19.3 -18995.3 200000 99536.1 18995.3 -200000 -42550.3
19.32 -56067.7 200000 276747 56067.7 -200000 -108544
19.34 -78501.5 200000 414574 78501.5 -200000 -179070
19.36 -89352.6 200000 506871 89352.6 -200000 -238813
19.38 -102346 200000 569131 102346 -200000 -262093
19.4 -115147 200000 596944 115147 -200000 -251502
19.42 -111088 200000 565460 111088 -200000 -232195
19.44 -86053.2 200000 469265 86053.2 -200000 -211105
19.46 -58155.5 200000 340631 58155.5 -200000 -166164
19.48 -40755.6 200000 209959 40755.6 -200000 -87692
19.5 -19060.7 200000 64147.7 19060.7 -200000 -6965.63
19.52 23635.2 200000 -117677 -23635.2 -200000 46771.5
19.54 66778.6 200000 -297386 -66778.6 -200000 97050.3
19.56 86640.2 200000 -428932 -86640.2 -200000 169011
19.58 100733 200000 -534088 -100733 -200000 231889
19.6 125811 200000 -635676 -125811 -200000 258242
19.62 140480 200000 -693822 -140480 -200000 272381
19.64 127992 200000 -675021 -127992 -200000 291044
19.66 107058 200000 -605600 -107058 -200000 284427
19.68 91744.5 200000 -508467 -91744.5 -200000 233234
19.7 68671.1 200000 -366172 -68671.1 -200000 160158
19.72 31558.8 200000 -177743 -31558.8 -200000 83066.6
19.74 -4739.8 200000 19138.4 4739.8 -200000 -4919.02
19.76 -35707 200000 203813 35707 -200000 -96692.5
19.78 -71732.8 200000 383835 71732.8 -200000 -168637
19.8 -105308 200000 538782 105308 -200000 -222858
19.82 -119577 200000 632037 119577 -200000 -273306
19.84 -124153 200000 673974 124153 -200000 -301516
19.86 -131670 200000 685289 131670 -200000 -290280
19.88 -125730 200000 639895 125730 -200000 -262705
19.9 -96091.1 200000 521543 96091.1 -200000 -233270
19.92 -61058.1 200000 363188 61058.1 -200000 -180014
19.94 -33059.2 200000 192321 33059.2 -200000 -93143.2
19.96 -3272.61 200000 6040.35 3272.61 -200000 3777.47
19.98 34006.6 200000 -191228 -34006.6 -200000 89208
20 70890.9 200000 -374425 -70890.9 -200000 161752
