0.1 0 20000 0
0.2 0 40000 0
0.3 0 60000 0
0.4 0 80000 0
0.5 0 100000 0
0.6 0 120000 0
0.7 0 140000 0
0.8 0 160000 0
0.9 0 180000 0
1 0 200000 0
0.02 776.346 200000 -1659.87
0.04 2266.46 200000 -5499.3
0.06 2314.39 200000 -7848.66
0.08 1187.9 200000 -8392.65
0.1 1545.87 200000 -10910.5
0.12 2708.03 200000 -13874
0.14 2516.77 200000 -13518.1
0.16 2096.12 200000 -11965.4
0.18 2207.97 200000 -10746
0.2 1109.13 200000 -6761.94
0.22 -624.603 200000 -825.398
0.24 -770.787 200000 2934.01
0.26 -575.388 200000 5991.96
0.28 -2336.49 200000 11996.6
0.3 -4346.15 200000 18155.6
0.32 -4207.46 200000 20286.9
0.34 -3457.49 200000 20566.6
0.36 -3951.78 200000 21782.1
0.38 -4407.94 200000 21713.4
0.4 -3448.43 200000 18126.6
0.42 -2061.28 200000 12779.3
0.44 -1520.05 200000 8107.91
0.46 -1088.86 200000 3375.79
0.48 574.421 200000 -3391.08
0.5 2835.06 200000 -11215.6
0.52 3937.55 200000 -17149.3
0.54 3918.61 200000 -20819.9
0.56 4326.4 200000 -24242
0.58 5403 200000 -27534.6
0.6 5770.99 200000 -28376.4
0.62 5088.63 200000 -26257.9
0.64 4249.28 200000 -22713.7
0.66 3481.34 200000 -18191.3
0.68 2678.33 200000 -12853.7
0.7 1439.61 200000 -6411.23
0.72 -508.868 200000 1489.24
0.74 -1717.22 200000 8095.6
0.76 -2098.67 200000 12767.2
0.78 -3729.24 200000 18941.6
0.8 -5568.56 200000 24940.2
0.82 -5211.18 200000 26380.3
0.84 -3958.93 200000 24857.7
0.86 -3975.63 200000 23668.6
0.88 -4394.85 200000 21593.9
0.9 -3210.26 200000 15699.5
0.92 -676.309 200000 6554.18
0.94 1216.83 200000 -2416.53
0.96 1955.72 200000 -9853.57
0.98 2905.94 200000 -17231.2
1 4559.52 200000 -24678.9
1.02 5452.72 200000 -29202.6
1.04 4940.36 200000 -29243.5
1.06 4698.08 200000 -27570.3
1.08 5011.73 200000 -25106.3
1.1 3877.63 200000 -18922.6
1.12 1689.29 200000 -10073.4
1.14 787.07 200000 -3158.67
1.16 369.309 200000 2473.87
1.18 -2153.05 200000 11149.3
1.2 -4844.35 200000 19849.2
1.22 -4379.23 200000 22560.6
1.24 -3615.15 200000 23528.9
1.26 -5784.43 200000 28308.2
1.28 -7417.06 200000 31451
1.3 -5530.94 200000 27858.1
1.32 -3560.8 200000 22941.9
1.34 -4158.21 200000 21181.6
1.36 -4079.41 200000 17403.1
1.38 -1560.01 200000 8856.22
1.4 301.091 200000 1020.07
1.42 739.589 200000 -4539.27
1.44 1795.47 200000 -10881.4
1.46 3770.61 200000 -18244.3
1.48 5038.65 200000 -23765
1.5 4533.95 200000 -25163.4
1.52 3554.88 200000 -23899.5
1.54 3595.21 200000 -22210.4
1.56 3986.15 200000 -19472.6
1.58 3130.89 200000 -13791.4
1.6 1328.3 200000 -6259.18
1.62 -58.612 200000 498.038
1.64 -1136.25 200000 6497.97
1.66 -2243.11 200000 12077.3
1.68 -2841.26 200000 15923.7
1.7 -3363.51 200000 18577.6
1.72 -4149.45 200000 20708.3
1.74 -3913.99 200000 20082.6
1.76 -2890.73 200000 16983
1.78 -2601.15 200000 14145.2
1.8 -2310.45 200000 10612.2
1.82 -1408.94 200000 5805.01
1.84 -766.269 200000 1751.55
1.86 528.66 200000 -3115.61
1.88 2326.63 200000 -8871.18
1.9 2310.62 200000 -11350.9
1.92 1205.79 200000 -11091.9
1.94 1351.25 200000 -11529.2
1.96 2632.63 200000 -12705.3
1.98 3004.16 200000 -11872.4
2 1321.93 200000 -7273.28
2.02 -510.068 200000 -1808.73
2.04 -645.574 200000 1432.36
2.06 -536.564 200000 4493.07
2.08 -1951.33 200000 10005.5
2.1 -3141.41 200000 14693.5
2.12 -2599.14 200000 15533.5
2.14 -2885.4 200000 16802.2
2.16 -4709.86 200000 20169.6
2.18 -4777.94 200000 20316.7
2.2 -2830.7 200000 16531.3
2.22 -1960.94 200000 13645.2
2.24 -2528.83 200000 12283.4
2.26 -2224.76 200000 8949.56
2.28 -267.34 200000 2499.37
2.3 817.077 200000 -2593.49
2.32 -97.2456 200000 -3741.41
2.34 -183.029 200000 -5123.31
2.36 1889.86 200000 -9186.94
2.38 3446.29 200000 -12167.5
2.4 2323.8 200000 -10641.3
2.42 475.82 200000 -7349.83
2.44 429.258 200000 -6061.81
2.46 969.416 200000 -4787.86
2.48 -232.415 200000 178.58
2.5 -2216.27 200000 7107.2
2.52 -2588.8 200000 11573.6
2.54 -2310.2 200000 14547.5
2.56 -4041.23 200000 20335.2
2.58 -6292.11 200000 26652.8
2.6 -6346.57 200000 28962.1
2.62 -5714.52 200000 29586.3
2.64 -5868.74 200000 30530
2.66 -5183.73 200000 28382.9
2.68 -3661.93 200000 22828
2.7 -3908.51 200000 19015.9
2.72 -4499.24 200000 15713.2
2.74 -944.437 200000 5226.19
2.76 4282.15 200000 -9384.6
2.78 5449.27 200000 -18795.5
2.8 3358.48 200000 -22842.2
2.82 2772.35 200000 -27096.8
2.84 5742.02 200000 -34086.8
2.86 9501.25 200000 -40475.5
2.88 9604.02 200000 -40225.8
2.9 5855.5 200000 -32706.9
2.92 3512.18 200000 -25793.8
2.94 4149.33 200000 -21975.8
2.96 2972.65 200000 -13546.3
2.98 -889.777 200000 538.837
3 -2927.33 200000 11949.7
3.02 -2908.78 200000 19246.5
3.04 -4334.8 200000 27383.2
3.06 -6507.46 200000 34582.9
3.08 -6535.82 200000 35659.5
3.1 -5306.46 200000 32055.9
3.12 -5390.5 200000 28624
3.14 -4931.87 200000 22839.2
3.16 -1812.99 200000 11330.6
3.18 718.539 200000 -24.0032
3.2 904.966 200000 -7367.44
3.22 1467.05 200000 -14197.1
3.24 3475.73 200000 -21559.2
3.26 4988.24 200000 -26089
3.28 4741.89 200000 -25823.4
3.3 4052.86 200000 -23174.9
3.32 5037.15 200000 -22544
3.34 5676.53 200000 -21439
3.36 1963.57 200000 -12486.1
3.38 -1831.92 200000 -1873.41
3.4 340.222 200000 -576.582
3.42 3125.53 200000 -1380.6
3.44 456.652 200000 4998.67
3.46 -3526.15 200000 12237.3
3.48 -3462.46 200000 12431.6
3.5 -1617.75 200000 9779.14
3.52 -1789.51 200000 10407.2
3.54 -2460.21 200000 11374.1
3.56 -1035.06 200000 7856.6
3.58 1432.85 200000 983.07
3.6 1313.23 200000 -2864.21
3.62 -1114.32 200000 -2531.99
3.64 -949.407 200000 -4917.8
3.66 3116.06 200000 -12703.5
3.68 5507.46 200000 -17788.4
3.7 3685.13 200000 -16298.5
3.72 2369.82 200000 -15683.1
3.74 2745.68 200000 -16882.2
3.76 2149.29 200000 -14612.5
3.78 1763.58 200000 -11233.7
3.8 3018.93 200000 -10408
3.82 2829.3 200000 -7771.71
3.84 -643.891 200000 258.49
3.86 -3324.26 200000 7754.59
3.88 -2544.16 200000 10302.3
3.9 -1734.97 200000 12876.1
3.92 -2906.66 200000 17827.8
3.94 -4584.2 200000 22394.2
3.96 -6235.12 200000 26485.7
3.98 -6996.66 200000 29314.5
4 -5978.66 200000 29042.2
4.02 -5224.96 200000 28476.4
4.04 -6100.06 200000 29719
4.06 -6437.81 200000 29224.9
4.08 -4685.13 200000 24271.4
4.1 -2308.57 200000 16859.1
4.12 -1451.23 200000 10530.7
4.14 -1391.98 200000 4770.72
4.16 611.207 200000 -4435.53
4.18 3349.45 200000 -14679.2
4.2 3613.15 200000 -19847.3
4.22 2304.05 200000 -20356.4
4.24 1346.89 200000 -18217.9
4.26 636.382 200000 -12718.3
4.28 130.057 200000 -4683.63
4.3 -463.532 200000 4560.08
4.32 -2318.22 200000 15436.1
4.34 -4271.43 200000 24849.4
4.36 -4037.31 200000 27802.9
4.38 -1981.5 200000 23677.9
4.4 1243.76 200000 12220.3
4.42 6438.31 200000 -9141.28
4.44 13392.6 200000 -40540.6
4.46 19676.8 200000 -76655.8
4.48 25535.7 200000 -115222
4.5 34422.6 200000 -159623
4.52 44508.7 200000 -204919
4.54 50672.5 200000 -240389
4.56 54060.2 200000 -265723
4.58 58389 200000 -285618
4.6 62152.1 200000 -297152
4.62 62049.8 200000 -295213
4.64 57947.9 200000 -279801
4.66 52448.2 200000 -255327
4.68 46441.8 200000 -223735
4.7 37615.3 200000 -181716
4.72 25447.3 200000 -128772
4.74 11963.3 200000 -68486.4
4.76 -2255.53 200000 -2042
4.78 -18119.4 200000 71613.3
4.8 -35895.1 200000 152351
4.82 -54257.1 200000 237171
4.84 -71281.9 200000 321214
4.86 -86839.6 200000 401651
4.88 -100374 200000 473906
4.9 -109372 200000 529026
4.92 -113736 200000 562093
4.94 -116405 200000 575255
4.96 -117525 200000 569010
4.98 -112456 200000 537513
5 -97910.4 200000 476326
5.02 -78104.6 200000 392558
5.04 -59473 200000 298246
5.06 -41175.2 200000 195563
5.08 -20191.9 200000 84838
5.1 1674.65 200000 -25171.8
5.12 21055.6 200000 -123850
5.14 40183.7 200000 -212401
5.16 62867.1 200000 -298594
5.18 83138.9 200000 -375443
5.2 94480 200000 -433425
5.22 100889 200000 -477976
5.24 107742 200000 -515299
5.26 111842 200000 -536946
5.28 109599 200000 -534392
5.3 104675 200000 -512919
5.32 98454.1 200000 -475580
5.34 87437.9 200000 -418255
5.36 71019.4 200000 -341992
5.38 51700.4 200000 -252645
5.4 31155.3 200000 -154548
5.42 9925.25 200000 -50760.9
5.44 -10898.4 200000 53692.3
5.46 -29744.5 200000 151989
5.48 -46872 200000 240354
5.5 -63048.5 200000 317004
5.52 -76207.5 200000 376648
5.54 -82430.1 200000 410926
5.56 -81468.1 200000 417090
5.58 -76912.2 200000 399356
5.6 -70165.2 200000 360205
5.62 -60318.6 200000 300948
5.64 -45136.5 200000 221742
5.66 -26706.7 200000 130265
5.68 -11978.3 200000 43936.8
5.7 2123.11 200000 -37051.5
5.72 21125.9 200000 -119162
5.74 36067.6 200000 -185226
5.76 38927.5 200000 -218360
5.78 36211.5 200000 -225200
5.8 36215.5 200000 -217592
5.82 36048.6 200000 -192919
5.84 27993.6 200000 -142868
5.86 12279 200000 -71783.7
5.88 -4977.03 200000 7735.81
5.9 -18084.6 200000 82875.8
5.92 -27677.7 200000 149317
5.94 -39960 200000 212748
5.96 -53782.4 200000 268838
5.98 -62340.8 200000 305579
6 -65501.8 200000 323047
6.02 -63197.2 200000 319861
6.04 -53054.6 200000 288533
6.06 -39526.7 200000 233800
6.08 -29171.7 200000 168131
6.1 -19377.7 200000 93013.2
6.12 -654.223 200000 -1630.04
6.14 25061 200000 -109333
6.16 44315.2 200000 -204653
6.18 52909.7 200000 -275162
6.2 60315.3 200000 -330152
6.22 71204.8 200000 -373307
6.24 76798.4 200000 -388903
6.26 70561.8 200000 -366121
6.28 58458.7 200000 -315404
6.3 46934.4 200000 -249431
6.32 34148 200000 -169464
6.34 17578.4 200000 -77477.3
6.36 -861.652 200000 17227.1
6.38 -18325.6 200000 105159
6.4 -34331.3 200000 182479
6.42 -48383.6 200000 246657
6.44 -55238.9 200000 286381
6.46 -51147 200000 290512
6.48 -43023 200000 266195
6.5 -38528.8 200000 226452
6.52 -32699.7 200000 168167
6.54 -16163.5 200000 81858.6
6.56 4976.26 200000 -16609.2
6.58 16783.1 200000 -96778.6
6.6 22830.7 200000 -156802
6.62 34679 200000 -210906
6.64 45808.9 200000 -246329
6.66 44591.3 200000 -243468
6.68 36955.4 200000 -213416
6.7 31618.3 200000 -173390
6.72 23437.6 200000 -118292
6.74 6449.09 200000 -41176.3
6.76 -11171.7 200000 41053.5
6.78 -20826.6 200000 108997
6.8 -28381.9 200000 166597
6.82 -41084.7 200000 222026
6.84 -54217.8 200000 266866
6.86 -57993.8 200000 285195
6.88 -52330.3 200000 275727
6.9 -45457.7 200000 250409
6.92 -39681.1 200000 212884
6.94 -28330.9 200000 153249
6.96 -10416.5 200000 71925.7
6.98 4207.06 200000 -10144.9
7 14598.3 200000 -85184.4
7.02 29338.4 200000 -162185
7.04 46624 200000 -234745
7.06 56662.6 200000 -284264
7.08 58063.7 200000 -305989
7.1 58577.2 200000 -311187
7.12 59473 200000 -302229
7.14 53179.5 200000 -267685
7.16 39763.3 200000 -209337
7.18 25227.9 200000 -139023
7.2 10733.4 200000 -61060.9
7.22 -3285.71 200000 19298.7
7.24 -17401.8 200000 97690.2
7.26 -32464.1 200000 171398
7.28 -45005 200000 231557
7.3 -54201.2 200000 275342
7.32 -61687.3 200000 305558
7.34 -64389.5 200000 316978
7.36 -60791.8 200000 306468
7.38 -54852.5 200000 280436
7.4 -47143.6 200000 240108
7.42 -37581.6 200000 187347
7.44 -30396.1 200000 134414
7.46 -22763.1 200000 82177.7
7.48 -10736.4 200000 27661.5
7.5 -1211.26 200000 -15046.6
7.52 3318.22 200000 -40686.9
7.54 8353.56 200000 -59141.4
7.56 14445.2 200000 -73319
7.58 19433.3 200000 -83131.7
7.6 21861.9 200000 -89380.7
7.62 20912.7 200000 -91422.3
7.64 18228.2 200000 -90310.9
7.66 16802.9 200000 -88819.8
7.68 17982.4 200000 -88559.8
7.7 20567.9 200000 -89170.5
7.72 21729.7 200000 -88283.2
7.74 19219.7 200000 -82780.7
7.76 15036.2 200000 -74599.5
7.78 14958 200000 -72558.6
7.8 15736.8 200000 -70788.1
7.82 10086.6 200000 -55515.3
7.84 3942.74 200000 -35577.3
7.86 3829.73 200000 -22627.4
7.88 5228.57 200000 -11780.7
7.9 1282.84 200000 6066.54
7.92 -5725.07 200000 26763.8
7.94 -7949.18 200000 37402.6
7.96 -3888.15 200000 34066.6
7.98 -3.76746 200000 25275.6
8 -2411.6 200000 21672.5
8.02 -5758.68 200000 17344.3
8.04 1269.12 200000 -5630.8
8.06 15777.2 200000 -45008.7
8.08 24226.5 200000 -80690.9
8.1 24874 200000 -108633
8.12 27611.6 200000 -140960
8.14 38851.1 200000 -185364
8.16 52125.7 200000 -231108
8.18 54726.7 200000 -255731
8.2 46829 200000 -254382
8.22 43790.7 200000 -248287
8.24 51750.9 200000 -249391
8.26 56585.4 200000 -240204
8.28 46806.9 200000 -205651
8.3 31516.7 200000 -160447
8.32 24336.1 200000 -125724
8.34 18592.7 200000 -89123.6
8.36 401.636 200000 -24686
8.38 -24221.5 200000 61414.6
8.4 -38465.4 200000 141264
8.42 -46379.5 200000 216809
8.44 -63731.9 200000 308231
8.46 -82623.9 200000 395665
8.48 -89234.6 200000 449292
8.5 -90169.1 200000 474831
8.52 -93887.3 200000 483828
8.54 -95346.7 200000 469208
8.56 -84211 200000 416077
8.58 -66929.2 200000 338359
8.6 -53313.8 200000 256881
8.62 -34299.1 200000 159464
8.64 -14392.2 200000 59070
8.66 -1791.16 200000 -23446.8
8.68 14229.8 200000 -102300
8.7 30116.1 200000 -168629
8.72 35160.1 200000 -201679
8.74 37170.1 200000 -214226
8.76 41091.2 200000 -216055
8.78 41674.4 200000 -201736
8.8 35312.8 200000 -168892
8.82 23787.6 200000 -122081
8.84 15938.8 200000 -78215.3
8.86 12480.2 200000 -42091.6
8.88 6603.11 200000 -6099.56
8.9 -390.807 200000 24490
8.92 -599.577 200000 33521.3
8.94 8172.78 200000 13376.1
8.96 14994.2 200000 -19101.5
8.98 14671.5 200000 -51314
9 19346.8 200000 -97303.8
9.02 37021 200000 -166782
9.04 53599.9 200000 -234306
9.06 57024 200000 -276170
9.08 60266.1 200000 -310367
9.1 72363.6 200000 -350407
9.12 79944.5 200000 -373704
9.14 72453.3 200000 -360905
9.16 62710.8 200000 -331487
9.18 60487.9 200000 -302130
9.2 50487.2 200000 -247668
9.22 27172.1 200000 -158772
9.24 8455.77 200000 -67611.8
9.26 17.4267 200000 10486.1
9.28 -14428.4 200000 96349.1
9.3 -37690.5 200000 190334
9.32 -54003.3 200000 263470
9.34 -60130.1 200000 308460
9.36 -66641.3 200000 341684
9.38 -74550.1 200000 364683
9.4 -73353.9 200000 359664
9.42 -65744.8 200000 331694
9.44 -60922.4 200000 298223
9.46 -55425.6 200000 256325
9.48 -37916 200000 187350
9.5 -11266.5 200000 93179.1
9.52 2713.27 200000 11701.5
9.54 -164.077 200000 -40367.9
9.56 -744.194 200000 -81636.4
9.58 19068.8 200000 -138047
9.6 51763.7 200000 -207161
9.62 65405.5 200000 -247046
9.64 48816.8 200000 -238001
9.66 25126.4 200000 -205140
9.68 22598.3 200000 -185526
9.7 40325.5 200000 -183436
9.72 45686.5 200000 -157930
9.74 26488.6 200000 -96989
9.76 12642.8 200000 -53287.2
9.78 23299.1 200000 -62269.6
9.8 34053.5 200000 -86474.9
9.82 20135.9 200000 -79831.8
9.84 1885.62 200000 -64798.8
9.86 13686 200000 -93467.3
9.88 39766.6 200000 -143809
9.9 43921.1 200000 -161213
9.92 30704 200000 -152897
9.94 13050.5 200000 -128227
9.96 -8567.27 200000 -70967.4
9.98 -19483.1 200000 -647.766
10 -8047.12 200000 48490.2
10.02 9008.77 200000 77310.5
10.04 7812 200000 103702
10.06 -12944.2 200000 127666
10.08 -26552.2 200000 117780
10.1 -14144.9 200000 55965.9
10.12 1294.34 200000 -9667.34
10.14 -9653.45 200000 -17856.1
10.16 -23350.7 200000 1507.7
10.18 -139.196 200000 -23855.4
10.2 33157 200000 -66659.5
10.22 32156.5 200000 -66642
10.24 14570 200000 -55313.3
10.26 16979 200000 -86919.3
10.28 26727.2 200000 -130014
10.3 9759.17 200000 -112984
10.32 -21893.7 200000 -40375.5
10.34 -30004.7 200000 28329.4
10.36 -19702.1 200000 89513.4
10.38 -30232.4 200000 190192
10.4 -64345.4 200000 322033
10.42 -89849.7 200000 426300
10.44 -100734 200000 492920
10.46 -106224 200000 534867
10.48 -93344.1 200000 519034
10.5 -58106 200000 422650
10.52 -19630.2 200000 266304
10.54 11909.5 200000 68529.1
10.56 47519.7 200000 -173560
10.58 100444 200000 -461594
10.6 156472 200000 -751051
10.62 196341 200000 -989665
10.64 223726 200000 -1.16585e+06
10.66 233075 200000 -1.2515e+06
10.68 213783 200000 -1.21076e+06
10.7 184332 200000 -1.06866e+06
10.72 159508 200000 -862280
10.74 113965 200000 -570739
10.76 33917.7 200000 -191216
10.78 -46922.9 200000 201181
10.8 -101225 200000 538674
10.82 -151901 200000 838336
10.84 -230553 200000 1.14635e+06
10.86 -303069 200000 1.40932e+06
10.88 -323014 200000 1.54852e+06
10.9 -303915 200000 1.57242e+06
10.92 -282937 200000 1.52354e+06
10.94 -280405 200000 1.43399e+06
10.96 -261527 200000 1.25926e+06
10.98 -187040 200000 943928
11 -96151.9 200000 560754
11.02 -38319.2 200000 207157
11.04 11317.3 200000 -135596
11.06 93142.2 200000 -515453
11.08 174718 200000 -864216
11.1 198118 200000 -1.06509e+06
11.12 184487 200000 -1.1284e+06
11.14 192922 200000 -1.14033e+06
11.16 202295 200000 -1.07052e+06
11.18 151762 200000 -827639
11.2 55771.5 200000 -443119
11.22 -17665.4 200000 -44773.9
11.24 -51371.9 200000 304371
11.26 -100704 200000 655314
11.28 -194097 200000 1.03167e+06
11.3 -279471 200000 1.34348e+06
11.32 -306344 200000 1.50665e+06
11.34 -293155 200000 1.54232e+06
11.36 -287080 200000 1.51938e+06
11.38 -282879 200000 1.42929e+06
11.4 -240430 200000 1.21181e+06
11.42 -166029 200000 886689
11.44 -87829.5 200000 509480
11.46 -7208.94 200000 92583.2
11.48 76468.9 200000 -347206
11.5 158471 200000 -779636
11.52 239698 200000 -1.18684e+06
11.54 310557 200000 -1.53627e+06
11.56 353605 200000 -1.7816e+06
11.58 360784 200000 -1.88856e+06
11.6 340500 200000 -1.85082e+06
11.62 306691 200000 -1.6824e+06
11.64 251363 200000 -1.37441e+06
11.66 164678 200000 -926114
11.68 60441.1 200000 -385153
11.7 -45470.3 200000 191492
11.72 -138703 200000 740676
11.74 -210377 200000 1.20166e+06
11.76 -275382 200000 1.5627e+06
11.78 -330462 200000 1.79857e+06
11.8 -348722 200000 1.85909e+06
11.82 -336681 200000 1.76537e+06
11.84 -312843 200000 1.57012e+06
11.86 -266267 200000 1.27952e+06
11.88 -184752 200000 892461
11.9 -96313.7 200000 472446
11.92 -13858.5 200000 54026.4
11.94 82630.9 200000 -389692
11.96 178509 200000 -826113
11.98 251167 200000 -1.20555e+06
12 295599 200000 -1.49881e+06
12.02 320144 200000 -1.69282e+06
12.04 342034 200000 -1.79877e+06
12.06 350046 200000 -1.79374e+06
12.08 318513 200000 -1.63782e+06
12.1 252931 200000 -1.34593e+06
12.12 179549 200000 -972423
12.14 106920 200000 -551152
12.16 27726.3 200000 -98204.6
12.18 -56051.1 200000 351964
12.2 -131671 200000 750328
12.22 -191024 200000 1.06211e+06
12.24 -234753 200000 1.27533e+06
12.26 -259279 200000 1.37847e+06
12.28 -251465 200000 1.34675e+06
12.3 -211109 200000 1.17818e+06
12.32 -157812 200000 910191
12.34 -99231.8 200000 569758
12.36 -26694.7 200000 164466
12.38 55014.2 200000 -270761
12.4 131720 200000 -685053
12.42 193705 200000 -1.036e+06
12.44 230087 200000 -1.27775e+06
12.46 241615 200000 -1.38729e+06
12.48 236803 200000 -1.36575e+06
12.5 220208 200000 -1.22539e+06
12.52 191944 200000 -989866
12.54 136279 200000 -661234
12.56 50175.4 200000 -256031
12.58 -39910.2 200000 166330
12.6 -114937 200000 559878
12.62 -180647 200000 917714
12.64 -245877 200000 1.23907e+06
12.66 -296220 200000 1.48599e+06
12.68 -309986 200000 1.60608e+06
12.7 -293189 200000 1.59238e+06
12.72 -264211 200000 1.46471e+06
12.74 -220065 200000 1.21848e+06
12.76 -152316 200000 852722
12.78 -71353.3 200000 409232
12.8 11375.5 200000 -62008.6
12.82 96503.1 200000 -530605
12.84 183476 200000 -969292
12.86 261450 200000 -1.34183e+06
12.88 311503 200000 -1.60214e+06
12.9 328512 200000 -1.72774e+06
12.92 328892 200000 -1.7378e+06
12.94 321575 200000 -1.65062e+06
12.96 293966 200000 -1.45898e+06
12.98 235003 200000 -1.16084e+06
13 158682 200000 -794806
13.02 85211.2 200000 -410691
13.04 11319.6 200000 -19556.7
13.06 -72882.1 200000 381227
13.08 -157272 200000 764828
13.1 -223858 200000 1.09238e+06
13.12 -268413 200000 1.34507e+06
13.14 -295058 200000 1.51434e+06
13.16 -300817 200000 1.57857e+06
13.18 -280532 200000 1.51526e+06
13.2 -239300 200000 1.32704e+06
13.22 -192609 200000 1.04923e+06
13.24 -140550 200000 706032
13.26 -64649.4 200000 293753
13.28 25369.7 200000 -146450
13.3 94952.3 200000 -531326
13.32 140910 200000 -830049
13.34 186368 200000 -1.06249e+06
13.36 224759 200000 -1.20877e+06
13.38 244351 200000 -1.25447e+06
13.4 250575 200000 -1.22516e+06
13.42 221173 200000 -1.09179e+06
13.44 149952 200000 -838957
13.46 82742.7 200000 -540481
13.48 38381.2 200000 -238231
13.5 -18289.1 200000 106210
13.52 -100930 200000 494745
13.54 -168206 200000 837036
13.56 -193307 200000 1.06241e+06
13.58 -209269 200000 1.20319e+06
13.6 -239326 200000 1.28948e+06
13.62 -256169 200000 1.2834e+06
13.64 -233470 200000 1.15567e+06
13.66 -181166 200000 933013
13.68 -124864 200000 664504
13.7 -63197 200000 353190
13.72 16642.8 200000 -16937.6
13.74 96432.2 200000 -404553
13.76 157458 200000 -759949
13.78 211749 200000 -1.08133e+06
13.8 268864 200000 -1.36524e+06
13.82 311047 200000 -1.56758e+06
13.84 314170 200000 -1.63349e+06
13.86 285475 200000 -1.56052e+06
13.88 260365 200000 -1.40667e+06
13.9 240523 200000 -1.19258e+06
13.92 186221 200000 -875984
13.94 89716.5 200000 -460516
13.96 -9539 200000 -20615.1
13.98 -82639 200000 383484
14 -144638 200000 756887
14.02 -215115 200000 1.11115e+06
14.04 -267957 200000 1.38141e+06
14.06 -274224 200000 1.49587e+06
14.08 -262762 200000 1.48691e+06
14.1 -258915 200000 1.39736e+06
14.12 -228074 200000 1.18086e+06
14.14 -150817 200000 820378
14.16 -65951.2 200000 399994
14.18 1207.93 200000 -13015.5
14.2 73235.6 200000 -429145
14.22 160565 200000 -842836
14.24 228930 200000 -1.17754e+06
14.26 254607 200000 -1.3738e+06
14.28 259769 200000 -1.45148e+06
14.3 263918 200000 -1.43644e+06
14.32 251617 200000 -1.31012e+06
14.34 209475 200000 -1.06768e+06
14.36 152974 200000 -757882
14.38 96132.9 200000 -428147
14.4 32398.9 200000 -88351.6
14.42 -40272.5 200000 250279
14.44 -108253 200000 556826
14.46 -156050 200000 798452
14.48 -181524 200000 961156
14.5 -197017 200000 1.05537e+06
14.52 -206188 200000 1.08233e+06
14.54 -199797 200000 1.02847e+06
14.56 -175560 200000 897203
14.58 -135749 200000 700196
14.6 -85306.7 200000 453389
14.62 -36609.3 200000 189512
14.64 7146.06 200000 -69536.2
14.66 58835.2 200000 -331125
14.68 118657 200000 -588111
14.7 162584 200000 -794765
14.72 177851 200000 -920048
14.74 177262 200000 -971572
14.76 178962 200000 -971338
14.78 179653 200000 -917517
14.8 153199 200000 -774162
14.82 98143 200000 -544296
14.84 48385.7 200000 -292943
14.86 11157.6 200000 -46139
14.88 -41773.1 200000 229444
14.9 -107474 200000 517735
14.92 -154644 200000 756096
14.94 -181963 200000 932076
14.96 -209968 200000 1.07184e+06
14.98 -232813 200000 1.16035e+06
15 -228877 200000 1.15709e+06
15.02 -204000 200000 1.06875e+06
15.04 -173554 200000 920433
15.06 -129621 200000 700286
15.08 -66047.4 200000 402652
15.1 -1584.08 200000 70740
15.12 47785.9 200000 -246884
15.14 94005.2 200000 -543594
15.16 145931 200000 -810952
15.18 191298 200000 -1.01467e+06
15.2 222037 200000 -1.13915e+06
15.22 232125 200000 -1.17643e+06
15.24 218869 200000 -1.12302e+06
15.26 191690 200000 -996490
15.28 155577 200000 -809284
15.3 107240 200000 -562981
15.32 51046.2 200000 -276080
15.34 -2106.07 200000 17269.2
15.36 -51360.1 200000 297446
15.38 -102226 200000 557778
15.4 -151219 200000 782214
15.42 -185972 200000 944296
15.44 -200155 200000 1.02864e+06
15.46 -199711 200000 1.04089e+06
15.48 -187963 200000 983980
15.5 -163661 200000 857322
15.52 -129255 200000 672135
15.54 -83445.3 200000 435689
15.56 -27644.1 200000 160455
15.58 28850 200000 -126434
15.6 80745.4 200000 -403097
15.62 126011 200000 -651270
15.64 162266 200000 -851930
15.66 185634 200000 -985399
15.68 190579 200000 -1.03142e+06
15.7 177940 200000 -984564
15.72 155245 200000 -858425
15.74 128000 200000 -673772
15.76 91681.1 200000 -441979
15.78 36700.2 200000 -164150
15.8 -31079.1 200000 139378
15.82 -87461.4 200000 418754
15.84 -120621 200000 639485
15.86 -146624 200000 811575
15.88 -174476 200000 937830
15.9 -185279 200000 979966
15.92 -168155 200000 917072
15.94 -138864 200000 777511
15.96 -106909 200000 584991
15.98 -62769.9 200000 336178
16 -6912.32 200000 47786
16.02 44627.4 200000 -234931
16.04 86225.7 200000 -483496
16.06 120347 200000 -683563
16.08 144269 200000 -815463
16.1 155113 200000 -866463
16.12 150580 200000 -831944
16.14 134029 200000 -724216
16.16 106623 200000 -556988
16.18 60758.4 200000 -328170
16.2 6368.05 200000 -65040.7
16.22 -37760.8 200000 186682
16.24 -76393.9 200000 419065
16.26 -118658 200000 633123
16.28 -153415 200000 799138
16.3 -170943 200000 893962
16.32 -176576 200000 923740
16.34 -170347 200000 887677
16.36 -148859 200000 781566
16.38 -118735 200000 622568
16.4 -84394.2 200000 428064
16.42 -45362.4 200000 210246
16.44 -4378.11 200000 -11780
16.46 36189.7 200000 -221424
16.48 74853.2 200000 -407523
16.5 105952 200000 -554860
16.52 124676 200000 -651057
16.54 128580 200000 -686960
16.56 121090 200000 -663889
16.58 110190 200000 -595939
16.6 90313.8 200000 -478420
16.62 57458.8 200000 -311938
16.64 23638.3 200000 -127571
16.66 -5318.68 200000 51579.1
16.68 -32853.4 200000 216894
16.7 -59615.7 200000 357177
16.72 -83691.1 200000 463100
16.74 -99418.5 200000 524304
16.76 -102073 200000 533989
16.78 -95646.7 200000 501070
16.8 -85638.6 200000 438631
16.82 -71551.3 200000 351631
16.84 -51118.9 200000 242866
16.86 -24970.8 200000 118626
16.88 926.91 200000 -6738.71
16.9 20280.6 200000 -116918
16.92 34741 200000 -207607
16.94 48619.3 200000 -279919
16.96 59441.7 200000 -326190
16.98 59678.7 200000 -331626
17 49694.1 200000 -295340
17.02 38836 200000 -234431
17.04 26091.8 200000 -151413
17.06 2968.86 200000 -36740.4
17.08 -23819 200000 92589.1
17.1 -44119.5 200000 212211
17.12 -61779.5 200000 320666
17.14 -82033.4 200000 420071
17.16 -97370.2 200000 492713
17.18 -100965 200000 523074
17.2 -98490.1 200000 518388
17.22 -90569.3 200000 478319
17.24 -74428.7 200000 398802
17.26 -52067.9 200000 286368
17.28 -23053.2 200000 143993
17.3 9286.02 200000 -17521.2
17.32 37858.2 200000 -177840
17.34 62442.6 200000 -325889
17.36 86002.1 200000 -456078
17.38 109013 200000 -562477
17.4 125088 200000 -631485
17.42 123628 200000 -641757
17.44 109026 200000 -596533
17.46 93120.3 200000 -514573
17.48 75660.3 200000 -399953
17.5 51414.7 200000 -253874
17.52 19990.3 200000 -87068.4
17.54 -14737.9 200000 84770.8
17.56 -45606.3 200000 241911
17.58 -67631.1 200000 367890
17.6 -87007.3 200000 467188
17.62 -106476 200000 542547
17.64 -116038 200000 577492
17.66 -110368 200000 562974
17.68 -97976.6 200000 512909
17.7 -89954.5 200000 449469
17.72 -77010.2 200000 362787
17.74 -43155.8 200000 227595
17.76 -3448.53 200000 68710.6
17.78 17440.8 200000 -67412.3
17.8 31642.1 200000 -190817
17.82 63112.1 200000 -333392
17.84 98584.3 200000 -469076
17.86 110142 200000 -546757
17.88 101609 200000 -564396
17.9 96725.7 200000 -553923
17.92 95461.7 200000 -513664
17.94 74789.1 200000 -407217
17.96 35499.1 200000 -239519
17.98 4376.97 200000 -63995.7
18 -14880.5 200000 98401.5
18.02 -42993.5 200000 266559
18.04 -83808.4 200000 437223
18.06 -114691 200000 568488
18.08 -119382 200000 627758
18.1 -110952 200000 629037
18.12 -109636 200000 603308
18.14 -108829 200000 545253
18.16 -85915 200000 425033
18.18 -44858.2 200000 254799
18.2 -9255.9 200000 79069.7
18.22 15271 200000 -83962
18.24 40698.9 200000 -241825
18.26 74659.9 200000 -397697
18.28 105313 200000 -527106
18.3 115529 200000 -596606
18.32 111497 200000 -610663
18.34 108645 200000 -591835
18.36 102578 200000 -534292
18.38 78775.8 200000 -417500
18.4 39375.2 200000 -248134
18.42 1873.65 200000 -60345.8
18.44 -25075.6 200000 120229
18.46 -51023 200000 293720
18.48 -83637.4 200000 458944
18.5 -109184 200000 582478
18.52 -116203 200000 637587
18.54 -114034 200000 636236
18.56 -107359 200000 586484
18.58 -86700 200000 475466
18.6 -50310.1 200000 305006
18.62 -9717.29 200000 101337
18.64 28766.5 200000 -114860
18.66 69783.5 200000 -339110
18.68 114516 200000 -561716
18.7 152436 200000 -754338
18.72 173250 200000 -888081
18.74 182814 200000 -962158
18.76 189766 200000 -985758
18.78 184303 200000 -942041
18.8 156086 200000 -815377
18.82 117010 200000 -630238
18.84 80187.3 200000 -417985
18.86 38810 200000 -180239
18.88 -10953.8 200000 74891.7
18.9 -56246.4 200000 311090
18.92 -89168.5 200000 501315
18.94 -114053 200000 641273
18.96 -132764 200000 726851
18.98 -139741 200000 746913
19 -130193 200000 695315
19.02 -107909 200000 582731
19.04 -81048.6 200000 430609
19.06 -49890.7 200000 250135
19.08 -12431 200000 49983.5
19.1 24079.2 200000 -144876
19.12 54124.9 200000 -313164
19.14 80474.1 200000 -450368
19.16 100694 200000 -546115
19.18 107882 200000 -584782
19.2 103718 200000 -567918
19.22 90809.8 200000 -500712
19.24 68807.8 200000 -385751
19.26 43680.2 200000 -241073
19.28 16693.3 200000 -79940.3
19.3 -18995.3 200000 99536.1
19.32 -56067.7 200000 276747
19.34 -78501.5 200000 414574
19.36 -89352.6 200000 506871
19.38 -102346 200000 569131
19.4 -115147 200000 596944
19.42 -111088 200000 565460
19.44 -86053.2 200000 469265
19.46 -58155.5 200000 340631
19.48 -40755.6 200000 209959
19.5 -19060.7 200000 64147.7
19.52 23635.2 200000 -117677
19.54 66778.6 200000 -297386
19.56 86640.2 200000 -428932
19.58 100733 200000 -534088
19.6 125811 200000 -635676
19.62 140480 200000 -693822
19.64 127992 200000 -675021
19.66 107058 200000 -605600
19.68 91744.5 200000 -508467
19.7 68671.1 200000 -366172
19.72 31558.8 200000 -177743
19.74 -4739.8 200000 19138.4
19.76 -35707 200000 203813
19.78 -71732.8 200000 383835
19.8 -105308 200000 538782
19.82 -119577 200000 632037
19.84 -124153 200000 673974
19.86 -131670 200000 685289
19.88 -125730 200000 639895
19.9 -96091.1 200000 521543
19.92 -61058.1 200000 363188
19.94 -33059.2 200000 192321
19.96 -3272.61 200000 6040.35
19.98 34006.6 200000 -191228
20 70890.9 200000 -374425
